<?xml version="1.0" encoding="UTF-8"?>
<robot generator="Robot 4.0 (Python 3.9.2 on win32)" generated="20210530 18:52:15.482" rpa="false" schemaversion="2">
<suite id="s1" name="Login test" source="C:\Users\ranan\RobotFramework\tests\Login_test.robot">
<test id="s1-t1" name="Successfull Signup">
<kw name="Create Miro account">
<doc>Successfull creation of the account to Miro</doc>
<kw name="Open browser to signup page">
<doc>Open the browser</doc>
<kw name="Open Browser" library="SeleniumLibrary">
<arg>about:blank</arg>
<arg>${browser}</arg>
<doc>Opens a new browser instance to the optional ``url``.</doc>
<msg timestamp="20210530 18:52:15.729" level="INFO">Opening browser 'Chrome' to base url 'about:blank'.</msg>
<status status="PASS" starttime="20210530 18:52:15.729" endtime="20210530 18:52:16.889"/>
</kw>
<kw name="Maximize Browser Window" library="SeleniumLibrary">
<doc>Maximizes current browser window.</doc>
<status status="PASS" starttime="20210530 18:52:16.890" endtime="20210530 18:52:17.012"/>
</kw>
<kw name="Go to miro singup page">
<doc>Open Miro signup page</doc>
<kw name="Go To" library="SeleniumLibrary">
<arg>${miro_signup_url}</arg>
<doc>Navigates the current browser window to the provided ``url``.</doc>
<msg timestamp="20210530 18:52:17.014" level="INFO">Opening url 'https://miro.com/signup/'</msg>
<status status="PASS" starttime="20210530 18:52:17.013" endtime="20210530 18:52:19.984"/>
</kw>
<kw name="Get started free today page should be open">
<doc>Verifies the signup page</doc>
<kw name="Page Should Contain" library="SeleniumLibrary">
<arg>Get started free today</arg>
<doc>Verifies that current page contains ``text``.</doc>
<msg timestamp="20210530 18:52:19.995" level="INFO">Current page contains text 'Get started free today'.</msg>
<status status="PASS" starttime="20210530 18:52:19.985" endtime="20210530 18:52:19.995"/>
</kw>
<status status="PASS" starttime="20210530 18:52:19.984" endtime="20210530 18:52:19.995"/>
</kw>
<status status="PASS" starttime="20210530 18:52:17.013" endtime="20210530 18:52:19.995"/>
</kw>
<status status="PASS" starttime="20210530 18:52:15.729" endtime="20210530 18:52:19.995"/>
</kw>
<kw name="Enter Username">
<arg>${user_name}</arg>
<doc>Enters valid name or leave blank</doc>
<kw name="Input Text" library="SeleniumLibrary">
<arg>id:name</arg>
<arg>${username}</arg>
<doc>Types the given ``text`` into the text field identified by ``locator``.</doc>
<msg timestamp="20210530 18:52:19.996" level="INFO">Typing text 'Anandhi' into text field 'id:name'.</msg>
<status status="PASS" starttime="20210530 18:52:19.996" endtime="20210530 18:52:20.056"/>
</kw>
<status status="PASS" starttime="20210530 18:52:19.995" endtime="20210530 18:52:20.056"/>
</kw>
<kw name="Enter EmailID">
<arg>${email_id}</arg>
<doc>Enters valid or invalid email address or leave blank</doc>
<kw name="Input Text" library="SeleniumLibrary">
<arg>id:email</arg>
<arg>${emailid}</arg>
<doc>Types the given ``text`` into the text field identified by ``locator``.</doc>
<msg timestamp="20210530 18:52:20.057" level="INFO">Typing text 'teabcd123@test.com' into text field 'id:email'.</msg>
<status status="PASS" starttime="20210530 18:52:20.057" endtime="20210530 18:52:20.121"/>
</kw>
<status status="PASS" starttime="20210530 18:52:20.056" endtime="20210530 18:52:20.121"/>
</kw>
<kw name="Enter Password">
<arg>${password}</arg>
<doc>Enters valid or invalid password or leave blank</doc>
<kw name="Input Text" library="SeleniumLibrary">
<arg>id:password</arg>
<arg>${pswd}</arg>
<doc>Types the given ``text`` into the text field identified by ``locator``.</doc>
<msg timestamp="20210530 18:52:20.121" level="INFO">Typing text 'P@ssw0rd_123' into text field 'id:password'.</msg>
<status status="PASS" starttime="20210530 18:52:20.121" endtime="20210530 18:52:20.204"/>
</kw>
<status status="PASS" starttime="20210530 18:52:20.121" endtime="20210530 18:52:20.204"/>
</kw>
<kw name="Select Terms Checkbox">
<doc>Selects Terms and Privacy policy checkbox</doc>
<kw name="Execute Javascript" library="SeleniumLibrary">
<arg>$('#signup-terms').click()</arg>
<doc>Executes the given JavaScript code with possible arguments.</doc>
<msg timestamp="20210530 18:52:20.205" level="INFO">Executing JavaScript:
$('#signup-terms').click()
Without any arguments.</msg>
<status status="PASS" starttime="20210530 18:52:20.204" endtime="20210530 18:52:20.210"/>
</kw>
<status status="PASS" starttime="20210530 18:52:20.204" endtime="20210530 18:52:20.211"/>
</kw>
<kw name="Click on Get started now button">
<doc>Clicks on Get started now</doc>
<kw name="Capture Page Screenshot" library="SeleniumLibrary">
<doc>Takes a screenshot of the current page and embeds it into a log file.</doc>
<msg timestamp="20210530 18:52:20.609" level="INFO" html="true">&lt;/td&gt;&lt;/tr&gt;&lt;tr&gt;&lt;td colspan="3"&gt;&lt;a href="selenium-screenshot-106.png"&gt;&lt;img src="selenium-screenshot-106.png" width="800px"&gt;&lt;/a&gt;</msg>
<status status="PASS" starttime="20210530 18:52:20.211" endtime="20210530 18:52:20.609"/>
</kw>
<kw name="Click Button" library="SeleniumLibrary">
<arg>class:signup__submit</arg>
<doc>Clicks the button identified by ``locator``.</doc>
<msg timestamp="20210530 18:52:20.609" level="INFO">Clicking button 'class:signup__submit'.</msg>
<status status="PASS" starttime="20210530 18:52:20.609" endtime="20210530 18:52:21.454"/>
</kw>
<kw name="Capture Page Screenshot" library="SeleniumLibrary">
<doc>Takes a screenshot of the current page and embeds it into a log file.</doc>
<msg timestamp="20210530 18:52:21.834" level="INFO" html="true">&lt;/td&gt;&lt;/tr&gt;&lt;tr&gt;&lt;td colspan="3"&gt;&lt;a href="selenium-screenshot-107.png"&gt;&lt;img src="selenium-screenshot-107.png" width="800px"&gt;&lt;/a&gt;</msg>
<status status="PASS" starttime="20210530 18:52:21.454" endtime="20210530 18:52:21.834"/>
</kw>
<kw name="Get Title" library="SeleniumLibrary">
<var>${page_title}</var>
<doc>Returns the title of the current page.</doc>
<msg timestamp="20210530 18:52:21.838" level="INFO">${page_title} = Sign up | Miro | Online Whiteboard for Visual Collaboration</msg>
<status status="PASS" starttime="20210530 18:52:21.834" endtime="20210530 18:52:21.838"/>
</kw>
<kw name="Run Keyword If" library="BuiltIn">
<arg>"${page_title}" == "Please check your email, Online Whiteboard | Miro"</arg>
<arg>Verify email confirmation page opened</arg>
<arg>ELSE</arg>
<arg>Existing email id</arg>
<doc>Runs the given keyword with the given arguments, if ``condition`` is true.</doc>
<kw name="Existing email id">
<doc>Verifies the message if existing email id provided</doc>
<kw name="Get Text" library="SeleniumLibrary">
<var>${get_text}</var>
<arg>xpath://div[contains(text(),'Sorry, this email is already registered')]</arg>
<doc>Returns the text value of the element identified by ``locator``.</doc>
<msg timestamp="20210530 18:52:21.853" level="INFO">${get_text} = Sorry, this email is already registered</msg>
<status status="PASS" starttime="20210530 18:52:21.838" endtime="20210530 18:52:21.853"/>
</kw>
<kw name="Should Be Equal As Strings" library="BuiltIn">
<arg>Sorry, this email is already registered</arg>
<arg>${get_text}</arg>
<doc>Fails if objects are unequal after converting them to strings.</doc>
<status status="PASS" starttime="20210530 18:52:21.853" endtime="20210530 18:52:21.854"/>
</kw>
<status status="PASS" starttime="20210530 18:52:21.838" endtime="20210530 18:52:21.854"/>
</kw>
<status status="PASS" starttime="20210530 18:52:21.838" endtime="20210530 18:52:21.854"/>
</kw>
<status status="PASS" starttime="20210530 18:52:20.211" endtime="20210530 18:52:21.854"/>
</kw>
<status status="PASS" starttime="20210530 18:52:15.729" endtime="20210530 18:52:21.854"/>
</kw>
<kw name="Close Browser" library="SeleniumLibrary" type="TEARDOWN">
<doc>Closes the current browser.</doc>
<status status="PASS" starttime="20210530 18:52:21.855" endtime="20210530 18:52:24.042"/>
</kw>
<doc>This test case will verify the successfull creation of the account with Miro.</doc>
<tag>Scenario1</tag>
<status status="PASS" starttime="20210530 18:52:15.698" endtime="20210530 18:52:24.042"/>
</test>
<test id="s1-t2" name="No account should be created if Terms and Privacy policy checkbox not selected">
<kw name="Do not select Terms and Privacy policy">
<doc>Do not select the Terms and Privacy policy checkbox</doc>
<kw name="Open browser to signup page">
<doc>Open the browser</doc>
<kw name="Open Browser" library="SeleniumLibrary">
<arg>about:blank</arg>
<arg>${browser}</arg>
<doc>Opens a new browser instance to the optional ``url``.</doc>
<msg timestamp="20210530 18:52:24.042" level="INFO">Opening browser 'Chrome' to base url 'about:blank'.</msg>
<status status="PASS" starttime="20210530 18:52:24.042" endtime="20210530 18:52:25.197"/>
</kw>
<kw name="Maximize Browser Window" library="SeleniumLibrary">
<doc>Maximizes current browser window.</doc>
<status status="PASS" starttime="20210530 18:52:25.197" endtime="20210530 18:52:25.312"/>
</kw>
<kw name="Go to miro singup page">
<doc>Open Miro signup page</doc>
<kw name="Go To" library="SeleniumLibrary">
<arg>${miro_signup_url}</arg>
<doc>Navigates the current browser window to the provided ``url``.</doc>
<msg timestamp="20210530 18:52:25.313" level="INFO">Opening url 'https://miro.com/signup/'</msg>
<status status="PASS" starttime="20210530 18:52:25.313" endtime="20210530 18:52:27.303"/>
</kw>
<kw name="Get started free today page should be open">
<doc>Verifies the signup page</doc>
<kw name="Page Should Contain" library="SeleniumLibrary">
<arg>Get started free today</arg>
<doc>Verifies that current page contains ``text``.</doc>
<msg timestamp="20210530 18:52:27.315" level="INFO">Current page contains text 'Get started free today'.</msg>
<status status="PASS" starttime="20210530 18:52:27.304" endtime="20210530 18:52:27.315"/>
</kw>
<status status="PASS" starttime="20210530 18:52:27.304" endtime="20210530 18:52:27.316"/>
</kw>
<status status="PASS" starttime="20210530 18:52:25.313" endtime="20210530 18:52:27.316"/>
</kw>
<status status="PASS" starttime="20210530 18:52:24.042" endtime="20210530 18:52:27.316"/>
</kw>
<kw name="Enter Username">
<arg>${user_name}</arg>
<doc>Enters valid name or leave blank</doc>
<kw name="Input Text" library="SeleniumLibrary">
<arg>id:name</arg>
<arg>${username}</arg>
<doc>Types the given ``text`` into the text field identified by ``locator``.</doc>
<msg timestamp="20210530 18:52:27.316" level="INFO">Typing text 'Anandhi' into text field 'id:name'.</msg>
<status status="PASS" starttime="20210530 18:52:27.316" endtime="20210530 18:52:27.362"/>
</kw>
<status status="PASS" starttime="20210530 18:52:27.316" endtime="20210530 18:52:27.362"/>
</kw>
<kw name="Enter EmailID">
<arg>${email_id}</arg>
<doc>Enters valid or invalid email address or leave blank</doc>
<kw name="Input Text" library="SeleniumLibrary">
<arg>id:email</arg>
<arg>${emailid}</arg>
<doc>Types the given ``text`` into the text field identified by ``locator``.</doc>
<msg timestamp="20210530 18:52:27.362" level="INFO">Typing text 'teabcd123@test.com' into text field 'id:email'.</msg>
<status status="PASS" starttime="20210530 18:52:27.362" endtime="20210530 18:52:27.440"/>
</kw>
<status status="PASS" starttime="20210530 18:52:27.362" endtime="20210530 18:52:27.440"/>
</kw>
<kw name="Enter Password">
<arg>${password}</arg>
<doc>Enters valid or invalid password or leave blank</doc>
<kw name="Input Text" library="SeleniumLibrary">
<arg>id:password</arg>
<arg>${pswd}</arg>
<doc>Types the given ``text`` into the text field identified by ``locator``.</doc>
<msg timestamp="20210530 18:52:27.441" level="INFO">Typing text 'P@ssw0rd_123' into text field 'id:password'.</msg>
<status status="PASS" starttime="20210530 18:52:27.441" endtime="20210530 18:52:27.527"/>
</kw>
<status status="PASS" starttime="20210530 18:52:27.440" endtime="20210530 18:52:27.527"/>
</kw>
<kw name="Click Get started now button">
<doc>Clicks on Get started now button</doc>
<kw name="Click Button" library="SeleniumLibrary">
<arg>class:signup__submit</arg>
<doc>Clicks the button identified by ``locator``.</doc>
<msg timestamp="20210530 18:52:27.527" level="INFO">Clicking button 'class:signup__submit'.</msg>
<status status="PASS" starttime="20210530 18:52:27.527" endtime="20210530 18:52:28.360"/>
</kw>
<kw name="Capture Page Screenshot" library="SeleniumLibrary">
<doc>Takes a screenshot of the current page and embeds it into a log file.</doc>
<msg timestamp="20210530 18:52:28.743" level="INFO" html="true">&lt;/td&gt;&lt;/tr&gt;&lt;tr&gt;&lt;td colspan="3"&gt;&lt;a href="selenium-screenshot-108.png"&gt;&lt;img src="selenium-screenshot-108.png" width="800px"&gt;&lt;/a&gt;</msg>
<status status="PASS" starttime="20210530 18:52:28.361" endtime="20210530 18:52:28.743"/>
</kw>
<status status="PASS" starttime="20210530 18:52:27.527" endtime="20210530 18:52:28.743"/>
</kw>
<kw name="Get Text" library="SeleniumLibrary">
<var>${get_text}</var>
<arg>xpath://div[contains(text(),'Please agree with the Terms to sign up.')]</arg>
<doc>Returns the text value of the element identified by ``locator``.</doc>
<msg timestamp="20210530 18:52:28.761" level="INFO">${get_text} = Please agree with the Terms to sign up.</msg>
<status status="PASS" starttime="20210530 18:52:28.743" endtime="20210530 18:52:28.761"/>
</kw>
<kw name="Should Be Equal As Strings" library="BuiltIn">
<arg>Please agree with the Terms to sign up.</arg>
<arg>${get_text}</arg>
<doc>Fails if objects are unequal after converting them to strings.</doc>
<status status="PASS" starttime="20210530 18:52:28.762" endtime="20210530 18:52:28.762"/>
</kw>
<status status="PASS" starttime="20210530 18:52:24.042" endtime="20210530 18:52:28.762"/>
</kw>
<kw name="Close Browser" library="SeleniumLibrary" type="TEARDOWN">
<doc>Closes the current browser.</doc>
<status status="PASS" starttime="20210530 18:52:28.763" endtime="20210530 18:52:30.954"/>
</kw>
<doc>This test case will verify whether terms and privacy policy is selected.</doc>
<tag>Scenario2</tag>
<status status="PASS" starttime="20210530 18:52:24.042" endtime="20210530 18:52:30.955"/>
</test>
<test id="s1-t3" name="User message should be prompt if no password provided">
<kw name="Do not enter the password">
<doc>Leave password text box blank and check the user message</doc>
<kw name="Open browser to signup page">
<doc>Open the browser</doc>
<kw name="Open Browser" library="SeleniumLibrary">
<arg>about:blank</arg>
<arg>${browser}</arg>
<doc>Opens a new browser instance to the optional ``url``.</doc>
<msg timestamp="20210530 18:52:30.960" level="INFO">Opening browser 'Chrome' to base url 'about:blank'.</msg>
<status status="PASS" starttime="20210530 18:52:30.960" endtime="20210530 18:52:32.093"/>
</kw>
<kw name="Maximize Browser Window" library="SeleniumLibrary">
<doc>Maximizes current browser window.</doc>
<status status="PASS" starttime="20210530 18:52:32.093" endtime="20210530 18:52:32.219"/>
</kw>
<kw name="Go to miro singup page">
<doc>Open Miro signup page</doc>
<kw name="Go To" library="SeleniumLibrary">
<arg>${miro_signup_url}</arg>
<doc>Navigates the current browser window to the provided ``url``.</doc>
<msg timestamp="20210530 18:52:32.220" level="INFO">Opening url 'https://miro.com/signup/'</msg>
<status status="PASS" starttime="20210530 18:52:32.220" endtime="20210530 18:52:34.350"/>
</kw>
<kw name="Get started free today page should be open">
<doc>Verifies the signup page</doc>
<kw name="Page Should Contain" library="SeleniumLibrary">
<arg>Get started free today</arg>
<doc>Verifies that current page contains ``text``.</doc>
<msg timestamp="20210530 18:52:34.362" level="INFO">Current page contains text 'Get started free today'.</msg>
<status status="PASS" starttime="20210530 18:52:34.351" endtime="20210530 18:52:34.362"/>
</kw>
<status status="PASS" starttime="20210530 18:52:34.350" endtime="20210530 18:52:34.362"/>
</kw>
<status status="PASS" starttime="20210530 18:52:32.219" endtime="20210530 18:52:34.362"/>
</kw>
<status status="PASS" starttime="20210530 18:52:30.960" endtime="20210530 18:52:34.362"/>
</kw>
<kw name="Enter Username">
<arg>${user_name}</arg>
<doc>Enters valid name or leave blank</doc>
<kw name="Input Text" library="SeleniumLibrary">
<arg>id:name</arg>
<arg>${username}</arg>
<doc>Types the given ``text`` into the text field identified by ``locator``.</doc>
<msg timestamp="20210530 18:52:34.363" level="INFO">Typing text 'Anandhi' into text field 'id:name'.</msg>
<status status="PASS" starttime="20210530 18:52:34.363" endtime="20210530 18:52:34.423"/>
</kw>
<status status="PASS" starttime="20210530 18:52:34.363" endtime="20210530 18:52:34.423"/>
</kw>
<kw name="Enter EmailID">
<arg>${email_id}</arg>
<doc>Enters valid or invalid email address or leave blank</doc>
<kw name="Input Text" library="SeleniumLibrary">
<arg>id:email</arg>
<arg>${emailid}</arg>
<doc>Types the given ``text`` into the text field identified by ``locator``.</doc>
<msg timestamp="20210530 18:52:34.424" level="INFO">Typing text 'teabcd123@test.com' into text field 'id:email'.</msg>
<status status="PASS" starttime="20210530 18:52:34.423" endtime="20210530 18:52:34.485"/>
</kw>
<status status="PASS" starttime="20210530 18:52:34.423" endtime="20210530 18:52:34.485"/>
</kw>
<kw name="Enter Password">
<arg>${EMPTY}</arg>
<doc>Enters valid or invalid password or leave blank</doc>
<kw name="Input Text" library="SeleniumLibrary">
<arg>id:password</arg>
<arg>${pswd}</arg>
<doc>Types the given ``text`` into the text field identified by ``locator``.</doc>
<msg timestamp="20210530 18:52:34.486" level="INFO">Typing text '' into text field 'id:password'.</msg>
<status status="PASS" starttime="20210530 18:52:34.486" endtime="20210530 18:52:34.536"/>
</kw>
<status status="PASS" starttime="20210530 18:52:34.485" endtime="20210530 18:52:34.536"/>
</kw>
<kw name="Select Terms Checkbox">
<doc>Selects Terms and Privacy policy checkbox</doc>
<kw name="Execute Javascript" library="SeleniumLibrary">
<arg>$('#signup-terms').click()</arg>
<doc>Executes the given JavaScript code with possible arguments.</doc>
<msg timestamp="20210530 18:52:34.537" level="INFO">Executing JavaScript:
$('#signup-terms').click()
Without any arguments.</msg>
<status status="PASS" starttime="20210530 18:52:34.536" endtime="20210530 18:52:34.542"/>
</kw>
<status status="PASS" starttime="20210530 18:52:34.536" endtime="20210530 18:52:34.542"/>
</kw>
<kw name="Click Get started now button">
<doc>Clicks on Get started now button</doc>
<kw name="Click Button" library="SeleniumLibrary">
<arg>class:signup__submit</arg>
<doc>Clicks the button identified by ``locator``.</doc>
<msg timestamp="20210530 18:52:34.542" level="INFO">Clicking button 'class:signup__submit'.</msg>
<status status="PASS" starttime="20210530 18:52:34.542" endtime="20210530 18:52:34.618"/>
</kw>
<kw name="Capture Page Screenshot" library="SeleniumLibrary">
<doc>Takes a screenshot of the current page and embeds it into a log file.</doc>
<msg timestamp="20210530 18:52:35.014" level="INFO" html="true">&lt;/td&gt;&lt;/tr&gt;&lt;tr&gt;&lt;td colspan="3"&gt;&lt;a href="selenium-screenshot-109.png"&gt;&lt;img src="selenium-screenshot-109.png" width="800px"&gt;&lt;/a&gt;</msg>
<status status="PASS" starttime="20210530 18:52:34.619" endtime="20210530 18:52:35.014"/>
</kw>
<status status="PASS" starttime="20210530 18:52:34.542" endtime="20210530 18:52:35.015"/>
</kw>
<kw name="Get Text" library="SeleniumLibrary">
<var>${get_text}</var>
<arg>xpath://div[contains(text(),'Please enter your password.')]</arg>
<doc>Returns the text value of the element identified by ``locator``.</doc>
<msg timestamp="20210530 18:52:35.033" level="INFO">${get_text} = Please enter your password.</msg>
<status status="PASS" starttime="20210530 18:52:35.015" endtime="20210530 18:52:35.033"/>
</kw>
<kw name="Should Be Equal As Strings" library="BuiltIn">
<arg>Please enter your password.</arg>
<arg>${get_text}</arg>
<doc>Fails if objects are unequal after converting them to strings.</doc>
<status status="PASS" starttime="20210530 18:52:35.033" endtime="20210530 18:52:35.033"/>
</kw>
<status status="PASS" starttime="20210530 18:52:30.960" endtime="20210530 18:52:35.033"/>
</kw>
<kw name="Close Browser" library="SeleniumLibrary" type="TEARDOWN">
<doc>Closes the current browser.</doc>
<status status="PASS" starttime="20210530 18:52:35.034" endtime="20210530 18:52:37.199"/>
</kw>
<doc>"Please enter your password" message should be displayed if no password entered in the Password textbox.</doc>
<tag>Scenario3</tag>
<status status="PASS" starttime="20210530 18:52:30.960" endtime="20210530 18:52:37.199"/>
</test>
<test id="s1-t4" name="User message should be prompt if no Name provided">
<kw name="Do not enter Name">
<doc>Leave Name text box blank and check the user message</doc>
<kw name="Open browser to signup page">
<doc>Open the browser</doc>
<kw name="Open Browser" library="SeleniumLibrary">
<arg>about:blank</arg>
<arg>${browser}</arg>
<doc>Opens a new browser instance to the optional ``url``.</doc>
<msg timestamp="20210530 18:52:37.199" level="INFO">Opening browser 'Chrome' to base url 'about:blank'.</msg>
<status status="PASS" starttime="20210530 18:52:37.199" endtime="20210530 18:52:38.292"/>
</kw>
<kw name="Maximize Browser Window" library="SeleniumLibrary">
<doc>Maximizes current browser window.</doc>
<status status="PASS" starttime="20210530 18:52:38.293" endtime="20210530 18:52:38.420"/>
</kw>
<kw name="Go to miro singup page">
<doc>Open Miro signup page</doc>
<kw name="Go To" library="SeleniumLibrary">
<arg>${miro_signup_url}</arg>
<doc>Navigates the current browser window to the provided ``url``.</doc>
<msg timestamp="20210530 18:52:38.422" level="INFO">Opening url 'https://miro.com/signup/'</msg>
<status status="PASS" starttime="20210530 18:52:38.421" endtime="20210530 18:52:40.330"/>
</kw>
<kw name="Get started free today page should be open">
<doc>Verifies the signup page</doc>
<kw name="Page Should Contain" library="SeleniumLibrary">
<arg>Get started free today</arg>
<doc>Verifies that current page contains ``text``.</doc>
<msg timestamp="20210530 18:52:40.341" level="INFO">Current page contains text 'Get started free today'.</msg>
<status status="PASS" starttime="20210530 18:52:40.331" endtime="20210530 18:52:40.342"/>
</kw>
<status status="PASS" starttime="20210530 18:52:40.330" endtime="20210530 18:52:40.342"/>
</kw>
<status status="PASS" starttime="20210530 18:52:38.421" endtime="20210530 18:52:40.342"/>
</kw>
<status status="PASS" starttime="20210530 18:52:37.199" endtime="20210530 18:52:40.342"/>
</kw>
<kw name="Enter Username">
<arg>${EMPTY}</arg>
<doc>Enters valid name or leave blank</doc>
<kw name="Input Text" library="SeleniumLibrary">
<arg>id:name</arg>
<arg>${username}</arg>
<doc>Types the given ``text`` into the text field identified by ``locator``.</doc>
<msg timestamp="20210530 18:52:40.343" level="INFO">Typing text '' into text field 'id:name'.</msg>
<status status="PASS" starttime="20210530 18:52:40.343" endtime="20210530 18:52:40.395"/>
</kw>
<status status="PASS" starttime="20210530 18:52:40.342" endtime="20210530 18:52:40.395"/>
</kw>
<kw name="Enter EmailID">
<arg>${email_id}</arg>
<doc>Enters valid or invalid email address or leave blank</doc>
<kw name="Input Text" library="SeleniumLibrary">
<arg>id:email</arg>
<arg>${emailid}</arg>
<doc>Types the given ``text`` into the text field identified by ``locator``.</doc>
<msg timestamp="20210530 18:52:40.396" level="INFO">Typing text 'teabcd123@test.com' into text field 'id:email'.</msg>
<status status="PASS" starttime="20210530 18:52:40.396" endtime="20210530 18:52:40.461"/>
</kw>
<status status="PASS" starttime="20210530 18:52:40.396" endtime="20210530 18:52:40.462"/>
</kw>
<kw name="Enter Password">
<arg>${password}</arg>
<doc>Enters valid or invalid password or leave blank</doc>
<kw name="Input Text" library="SeleniumLibrary">
<arg>id:password</arg>
<arg>${pswd}</arg>
<doc>Types the given ``text`` into the text field identified by ``locator``.</doc>
<msg timestamp="20210530 18:52:40.463" level="INFO">Typing text 'P@ssw0rd_123' into text field 'id:password'.</msg>
<status status="PASS" starttime="20210530 18:52:40.463" endtime="20210530 18:52:40.546"/>
</kw>
<status status="PASS" starttime="20210530 18:52:40.462" endtime="20210530 18:52:40.546"/>
</kw>
<kw name="Select Terms Checkbox">
<doc>Selects Terms and Privacy policy checkbox</doc>
<kw name="Execute Javascript" library="SeleniumLibrary">
<arg>$('#signup-terms').click()</arg>
<doc>Executes the given JavaScript code with possible arguments.</doc>
<msg timestamp="20210530 18:52:40.547" level="INFO">Executing JavaScript:
$('#signup-terms').click()
Without any arguments.</msg>
<status status="PASS" starttime="20210530 18:52:40.547" endtime="20210530 18:52:40.554"/>
</kw>
<status status="PASS" starttime="20210530 18:52:40.547" endtime="20210530 18:52:40.554"/>
</kw>
<kw name="Click Get started now button">
<doc>Clicks on Get started now button</doc>
<kw name="Click Button" library="SeleniumLibrary">
<arg>class:signup__submit</arg>
<doc>Clicks the button identified by ``locator``.</doc>
<msg timestamp="20210530 18:52:40.554" level="INFO">Clicking button 'class:signup__submit'.</msg>
<status status="PASS" starttime="20210530 18:52:40.554" endtime="20210530 18:52:41.464"/>
</kw>
<kw name="Capture Page Screenshot" library="SeleniumLibrary">
<doc>Takes a screenshot of the current page and embeds it into a log file.</doc>
<msg timestamp="20210530 18:52:41.860" level="INFO" html="true">&lt;/td&gt;&lt;/tr&gt;&lt;tr&gt;&lt;td colspan="3"&gt;&lt;a href="selenium-screenshot-110.png"&gt;&lt;img src="selenium-screenshot-110.png" width="800px"&gt;&lt;/a&gt;</msg>
<status status="PASS" starttime="20210530 18:52:41.464" endtime="20210530 18:52:41.860"/>
</kw>
<status status="PASS" starttime="20210530 18:52:40.554" endtime="20210530 18:52:41.861"/>
</kw>
<kw name="Wait Until Element Is Visible" library="SeleniumLibrary">
<arg>xpath://div[contains(text(),'Please enter your name.')]</arg>
<doc>Waits until the element ``locator`` is visible.</doc>
<status status="PASS" starttime="20210530 18:52:41.861" endtime="20210530 18:52:41.882"/>
</kw>
<kw name="Get Text" library="SeleniumLibrary">
<var>${get_text}</var>
<arg>xpath://div[contains(text(),'Please enter your name.')]</arg>
<doc>Returns the text value of the element identified by ``locator``.</doc>
<msg timestamp="20210530 18:52:41.897" level="INFO">${get_text} = Please enter your name.</msg>
<status status="PASS" starttime="20210530 18:52:41.882" endtime="20210530 18:52:41.897"/>
</kw>
<kw name="Should Be Equal As Strings" library="BuiltIn">
<arg>Please enter your name.</arg>
<arg>${get_text}</arg>
<doc>Fails if objects are unequal after converting them to strings.</doc>
<status status="PASS" starttime="20210530 18:52:41.897" endtime="20210530 18:52:41.897"/>
</kw>
<status status="PASS" starttime="20210530 18:52:37.199" endtime="20210530 18:52:41.898"/>
</kw>
<kw name="Close Browser" library="SeleniumLibrary" type="TEARDOWN">
<doc>Closes the current browser.</doc>
<status status="PASS" starttime="20210530 18:52:41.898" endtime="20210530 18:52:44.063"/>
</kw>
<doc>"Please enter your Name" message should be displayed if no Name entered in the Name text box</doc>
<tag>Scenario4</tag>
<status status="PASS" starttime="20210530 18:52:37.199" endtime="20210530 18:52:44.063"/>
</test>
<test id="s1-t5" name="User message should be prompt if no email id provided">
<kw name="Do not enter email">
<doc>Leave email address text box blank and check the user message</doc>
<kw name="Open browser to signup page">
<doc>Open the browser</doc>
<kw name="Open Browser" library="SeleniumLibrary">
<arg>about:blank</arg>
<arg>${browser}</arg>
<doc>Opens a new browser instance to the optional ``url``.</doc>
<msg timestamp="20210530 18:52:44.069" level="INFO">Opening browser 'Chrome' to base url 'about:blank'.</msg>
<status status="PASS" starttime="20210530 18:52:44.069" endtime="20210530 18:52:45.218"/>
</kw>
<kw name="Maximize Browser Window" library="SeleniumLibrary">
<doc>Maximizes current browser window.</doc>
<status status="PASS" starttime="20210530 18:52:45.218" endtime="20210530 18:52:45.329"/>
</kw>
<kw name="Go to miro singup page">
<doc>Open Miro signup page</doc>
<kw name="Go To" library="SeleniumLibrary">
<arg>${miro_signup_url}</arg>
<doc>Navigates the current browser window to the provided ``url``.</doc>
<msg timestamp="20210530 18:52:45.329" level="INFO">Opening url 'https://miro.com/signup/'</msg>
<status status="PASS" starttime="20210530 18:52:45.329" endtime="20210530 18:52:47.251"/>
</kw>
<kw name="Get started free today page should be open">
<doc>Verifies the signup page</doc>
<kw name="Page Should Contain" library="SeleniumLibrary">
<arg>Get started free today</arg>
<doc>Verifies that current page contains ``text``.</doc>
<msg timestamp="20210530 18:52:47.262" level="INFO">Current page contains text 'Get started free today'.</msg>
<status status="PASS" starttime="20210530 18:52:47.252" endtime="20210530 18:52:47.262"/>
</kw>
<status status="PASS" starttime="20210530 18:52:47.252" endtime="20210530 18:52:47.263"/>
</kw>
<status status="PASS" starttime="20210530 18:52:45.329" endtime="20210530 18:52:47.263"/>
</kw>
<status status="PASS" starttime="20210530 18:52:44.069" endtime="20210530 18:52:47.263"/>
</kw>
<kw name="Enter Username">
<arg>${user_name}</arg>
<doc>Enters valid name or leave blank</doc>
<kw name="Input Text" library="SeleniumLibrary">
<arg>id:name</arg>
<arg>${username}</arg>
<doc>Types the given ``text`` into the text field identified by ``locator``.</doc>
<msg timestamp="20210530 18:52:47.264" level="INFO">Typing text 'Anandhi' into text field 'id:name'.</msg>
<status status="PASS" starttime="20210530 18:52:47.263" endtime="20210530 18:52:47.322"/>
</kw>
<status status="PASS" starttime="20210530 18:52:47.263" endtime="20210530 18:52:47.322"/>
</kw>
<kw name="Enter EmailID">
<arg>${EMPTY}</arg>
<doc>Enters valid or invalid email address or leave blank</doc>
<kw name="Input Text" library="SeleniumLibrary">
<arg>id:email</arg>
<arg>${emailid}</arg>
<doc>Types the given ``text`` into the text field identified by ``locator``.</doc>
<msg timestamp="20210530 18:52:47.324" level="INFO">Typing text '' into text field 'id:email'.</msg>
<status status="PASS" starttime="20210530 18:52:47.323" endtime="20210530 18:52:47.372"/>
</kw>
<status status="PASS" starttime="20210530 18:52:47.322" endtime="20210530 18:52:47.372"/>
</kw>
<kw name="Enter Password">
<arg>${password}</arg>
<doc>Enters valid or invalid password or leave blank</doc>
<kw name="Input Text" library="SeleniumLibrary">
<arg>id:password</arg>
<arg>${pswd}</arg>
<doc>Types the given ``text`` into the text field identified by ``locator``.</doc>
<msg timestamp="20210530 18:52:47.373" level="INFO">Typing text 'P@ssw0rd_123' into text field 'id:password'.</msg>
<status status="PASS" starttime="20210530 18:52:47.373" endtime="20210530 18:52:47.457"/>
</kw>
<status status="PASS" starttime="20210530 18:52:47.373" endtime="20210530 18:52:47.457"/>
</kw>
<kw name="Select Terms Checkbox">
<doc>Selects Terms and Privacy policy checkbox</doc>
<kw name="Execute Javascript" library="SeleniumLibrary">
<arg>$('#signup-terms').click()</arg>
<doc>Executes the given JavaScript code with possible arguments.</doc>
<msg timestamp="20210530 18:52:47.458" level="INFO">Executing JavaScript:
$('#signup-terms').click()
Without any arguments.</msg>
<status status="PASS" starttime="20210530 18:52:47.458" endtime="20210530 18:52:47.466"/>
</kw>
<status status="PASS" starttime="20210530 18:52:47.457" endtime="20210530 18:52:47.467"/>
</kw>
<kw name="Click Get started now button">
<doc>Clicks on Get started now button</doc>
<kw name="Click Button" library="SeleniumLibrary">
<arg>class:signup__submit</arg>
<doc>Clicks the button identified by ``locator``.</doc>
<msg timestamp="20210530 18:52:47.467" level="INFO">Clicking button 'class:signup__submit'.</msg>
<status status="PASS" starttime="20210530 18:52:47.467" endtime="20210530 18:52:48.207"/>
</kw>
<kw name="Capture Page Screenshot" library="SeleniumLibrary">
<doc>Takes a screenshot of the current page and embeds it into a log file.</doc>
<msg timestamp="20210530 18:52:48.605" level="INFO" html="true">&lt;/td&gt;&lt;/tr&gt;&lt;tr&gt;&lt;td colspan="3"&gt;&lt;a href="selenium-screenshot-111.png"&gt;&lt;img src="selenium-screenshot-111.png" width="800px"&gt;&lt;/a&gt;</msg>
<status status="PASS" starttime="20210530 18:52:48.207" endtime="20210530 18:52:48.605"/>
</kw>
<status status="PASS" starttime="20210530 18:52:47.467" endtime="20210530 18:52:48.605"/>
</kw>
<kw name="Get Text" library="SeleniumLibrary">
<var>${get_text}</var>
<arg>xpath://div[contains(text(),'Please enter your email address.')]</arg>
<doc>Returns the text value of the element identified by ``locator``.</doc>
<msg timestamp="20210530 18:52:48.626" level="INFO">${get_text} = Please enter your email address.</msg>
<status status="PASS" starttime="20210530 18:52:48.605" endtime="20210530 18:52:48.626"/>
</kw>
<kw name="Should Be Equal As Strings" library="BuiltIn">
<arg>Please enter your email address.</arg>
<arg>${get_text}</arg>
<doc>Fails if objects are unequal after converting them to strings.</doc>
<status status="PASS" starttime="20210530 18:52:48.626" endtime="20210530 18:52:48.626"/>
</kw>
<status status="PASS" starttime="20210530 18:52:44.069" endtime="20210530 18:52:48.626"/>
</kw>
<kw name="Close Browser" library="SeleniumLibrary" type="TEARDOWN">
<doc>Closes the current browser.</doc>
<status status="PASS" starttime="20210530 18:52:48.627" endtime="20210530 18:52:50.830"/>
</kw>
<doc>"Please enter your Email address" message should be displayed if no email address entered in the email text box</doc>
<tag>Scenario5</tag>
<status status="PASS" starttime="20210530 18:52:44.069" endtime="20210530 18:52:50.830"/>
</test>
<test id="s1-t6" name="User message should be displayed if invalid email address provided">
<kw name="Invalid emailid">
<doc>Enter invalid or incomplete email address in email text box and check the user message.
the values are assigned to all variables in variables section</doc>
<kw name="Open browser to signup page">
<doc>Open the browser</doc>
<kw name="Open Browser" library="SeleniumLibrary">
<arg>about:blank</arg>
<arg>${browser}</arg>
<doc>Opens a new browser instance to the optional ``url``.</doc>
<msg timestamp="20210530 18:52:50.830" level="INFO">Opening browser 'Chrome' to base url 'about:blank'.</msg>
<status status="PASS" starttime="20210530 18:52:50.830" endtime="20210530 18:52:52.022"/>
</kw>
<kw name="Maximize Browser Window" library="SeleniumLibrary">
<doc>Maximizes current browser window.</doc>
<status status="PASS" starttime="20210530 18:52:52.022" endtime="20210530 18:52:52.144"/>
</kw>
<kw name="Go to miro singup page">
<doc>Open Miro signup page</doc>
<kw name="Go To" library="SeleniumLibrary">
<arg>${miro_signup_url}</arg>
<doc>Navigates the current browser window to the provided ``url``.</doc>
<msg timestamp="20210530 18:52:52.145" level="INFO">Opening url 'https://miro.com/signup/'</msg>
<status status="PASS" starttime="20210530 18:52:52.145" endtime="20210530 18:52:54.190"/>
</kw>
<kw name="Get started free today page should be open">
<doc>Verifies the signup page</doc>
<kw name="Page Should Contain" library="SeleniumLibrary">
<arg>Get started free today</arg>
<doc>Verifies that current page contains ``text``.</doc>
<msg timestamp="20210530 18:52:54.201" level="INFO">Current page contains text 'Get started free today'.</msg>
<status status="PASS" starttime="20210530 18:52:54.191" endtime="20210530 18:52:54.201"/>
</kw>
<status status="PASS" starttime="20210530 18:52:54.190" endtime="20210530 18:52:54.201"/>
</kw>
<status status="PASS" starttime="20210530 18:52:52.144" endtime="20210530 18:52:54.201"/>
</kw>
<status status="PASS" starttime="20210530 18:52:50.830" endtime="20210530 18:52:54.201"/>
</kw>
<kw name="Enter Username">
<arg>${user_name}</arg>
<doc>Enters valid name or leave blank</doc>
<kw name="Input Text" library="SeleniumLibrary">
<arg>id:name</arg>
<arg>${username}</arg>
<doc>Types the given ``text`` into the text field identified by ``locator``.</doc>
<msg timestamp="20210530 18:52:54.202" level="INFO">Typing text 'Anandhi' into text field 'id:name'.</msg>
<status status="PASS" starttime="20210530 18:52:54.202" endtime="20210530 18:52:54.258"/>
</kw>
<status status="PASS" starttime="20210530 18:52:54.201" endtime="20210530 18:52:54.258"/>
</kw>
<kw name="Enter EmailID">
<arg>abcdef_ghij@gmil</arg>
<doc>Enters valid or invalid email address or leave blank</doc>
<kw name="Input Text" library="SeleniumLibrary">
<arg>id:email</arg>
<arg>${emailid}</arg>
<doc>Types the given ``text`` into the text field identified by ``locator``.</doc>
<msg timestamp="20210530 18:52:54.259" level="INFO">Typing text 'abcdef_ghij@gmil' into text field 'id:email'.</msg>
<status status="PASS" starttime="20210530 18:52:54.259" endtime="20210530 18:52:54.321"/>
</kw>
<status status="PASS" starttime="20210530 18:52:54.258" endtime="20210530 18:52:54.321"/>
</kw>
<kw name="Enter Password">
<arg>${password}</arg>
<doc>Enters valid or invalid password or leave blank</doc>
<kw name="Input Text" library="SeleniumLibrary">
<arg>id:password</arg>
<arg>${pswd}</arg>
<doc>Types the given ``text`` into the text field identified by ``locator``.</doc>
<msg timestamp="20210530 18:52:54.322" level="INFO">Typing text 'P@ssw0rd_123' into text field 'id:password'.</msg>
<status status="PASS" starttime="20210530 18:52:54.322" endtime="20210530 18:52:54.404"/>
</kw>
<status status="PASS" starttime="20210530 18:52:54.321" endtime="20210530 18:52:54.404"/>
</kw>
<kw name="Select Terms Checkbox">
<doc>Selects Terms and Privacy policy checkbox</doc>
<kw name="Execute Javascript" library="SeleniumLibrary">
<arg>$('#signup-terms').click()</arg>
<doc>Executes the given JavaScript code with possible arguments.</doc>
<msg timestamp="20210530 18:52:54.405" level="INFO">Executing JavaScript:
$('#signup-terms').click()
Without any arguments.</msg>
<status status="PASS" starttime="20210530 18:52:54.405" endtime="20210530 18:52:54.414"/>
</kw>
<status status="PASS" starttime="20210530 18:52:54.405" endtime="20210530 18:52:54.414"/>
</kw>
<kw name="Click Get started now button">
<doc>Clicks on Get started now button</doc>
<kw name="Click Button" library="SeleniumLibrary">
<arg>class:signup__submit</arg>
<doc>Clicks the button identified by ``locator``.</doc>
<msg timestamp="20210530 18:52:54.415" level="INFO">Clicking button 'class:signup__submit'.</msg>
<status status="PASS" starttime="20210530 18:52:54.414" endtime="20210530 18:52:55.440"/>
</kw>
<kw name="Capture Page Screenshot" library="SeleniumLibrary">
<doc>Takes a screenshot of the current page and embeds it into a log file.</doc>
<msg timestamp="20210530 18:52:55.804" level="INFO" html="true">&lt;/td&gt;&lt;/tr&gt;&lt;tr&gt;&lt;td colspan="3"&gt;&lt;a href="selenium-screenshot-112.png"&gt;&lt;img src="selenium-screenshot-112.png" width="800px"&gt;&lt;/a&gt;</msg>
<status status="PASS" starttime="20210530 18:52:55.440" endtime="20210530 18:52:55.804"/>
</kw>
<status status="PASS" starttime="20210530 18:52:54.414" endtime="20210530 18:52:55.804"/>
</kw>
<kw name="Get Text" library="SeleniumLibrary">
<var>${get_text}</var>
<arg>xpath://div[contains(text(),'This doesn’t look like an email address. Please ch')]</arg>
<doc>Returns the text value of the element identified by ``locator``.</doc>
<msg timestamp="20210530 18:52:55.822" level="INFO">${get_text} = This doesn’t look like an email address. Please check it for typos and try again.</msg>
<status status="PASS" starttime="20210530 18:52:55.804" endtime="20210530 18:52:55.822"/>
</kw>
<kw name="Should Be Equal As Strings" library="BuiltIn">
<arg>This doesn’t look like an email address. Please check it for typos and try again.</arg>
<arg>${get_text}</arg>
<doc>Fails if objects are unequal after converting them to strings.</doc>
<status status="PASS" starttime="20210530 18:52:55.822" endtime="20210530 18:52:55.822"/>
</kw>
<status status="PASS" starttime="20210530 18:52:50.830" endtime="20210530 18:52:55.822"/>
</kw>
<kw name="Close Browser" library="SeleniumLibrary" type="TEARDOWN">
<doc>Closes the current browser.</doc>
<status status="PASS" starttime="20210530 18:52:55.824" endtime="20210530 18:52:58.048"/>
</kw>
<doc>"This doesn’t look like an email address. Please check it for typos and try again." message should be displayed if invalid email addess provided</doc>
<tag>Scenario6</tag>
<status status="PASS" starttime="20210530 18:52:50.830" endtime="20210530 18:52:58.048"/>
</test>
<test id="s1-t7" name="Should not allow the user to register if already registered email address provided">
<kw name="Already registed email address">
<doc>Enter already registered email id and check whether the message to the user is prompt</doc>
<kw name="Open browser to signup page">
<doc>Open the browser</doc>
<kw name="Open Browser" library="SeleniumLibrary">
<arg>about:blank</arg>
<arg>${browser}</arg>
<doc>Opens a new browser instance to the optional ``url``.</doc>
<msg timestamp="20210530 18:52:58.048" level="INFO">Opening browser 'Chrome' to base url 'about:blank'.</msg>
<status status="PASS" starttime="20210530 18:52:58.048" endtime="20210530 18:52:59.156"/>
</kw>
<kw name="Maximize Browser Window" library="SeleniumLibrary">
<doc>Maximizes current browser window.</doc>
<status status="PASS" starttime="20210530 18:52:59.156" endtime="20210530 18:52:59.282"/>
</kw>
<kw name="Go to miro singup page">
<doc>Open Miro signup page</doc>
<kw name="Go To" library="SeleniumLibrary">
<arg>${miro_signup_url}</arg>
<doc>Navigates the current browser window to the provided ``url``.</doc>
<msg timestamp="20210530 18:52:59.284" level="INFO">Opening url 'https://miro.com/signup/'</msg>
<status status="PASS" starttime="20210530 18:52:59.284" endtime="20210530 18:53:01.053"/>
</kw>
<kw name="Get started free today page should be open">
<doc>Verifies the signup page</doc>
<kw name="Page Should Contain" library="SeleniumLibrary">
<arg>Get started free today</arg>
<doc>Verifies that current page contains ``text``.</doc>
<msg timestamp="20210530 18:53:01.065" level="INFO">Current page contains text 'Get started free today'.</msg>
<status status="PASS" starttime="20210530 18:53:01.054" endtime="20210530 18:53:01.065"/>
</kw>
<status status="PASS" starttime="20210530 18:53:01.053" endtime="20210530 18:53:01.065"/>
</kw>
<status status="PASS" starttime="20210530 18:52:59.283" endtime="20210530 18:53:01.065"/>
</kw>
<status status="PASS" starttime="20210530 18:52:58.048" endtime="20210530 18:53:01.065"/>
</kw>
<kw name="Enter Username">
<arg>${user_name}</arg>
<doc>Enters valid name or leave blank</doc>
<kw name="Input Text" library="SeleniumLibrary">
<arg>id:name</arg>
<arg>${username}</arg>
<doc>Types the given ``text`` into the text field identified by ``locator``.</doc>
<msg timestamp="20210530 18:53:01.066" level="INFO">Typing text 'Anandhi' into text field 'id:name'.</msg>
<status status="PASS" starttime="20210530 18:53:01.066" endtime="20210530 18:53:01.124"/>
</kw>
<status status="PASS" starttime="20210530 18:53:01.065" endtime="20210530 18:53:01.124"/>
</kw>
<kw name="Enter EmailID">
<arg>${email_id}</arg>
<doc>Enters valid or invalid email address or leave blank</doc>
<kw name="Input Text" library="SeleniumLibrary">
<arg>id:email</arg>
<arg>${emailid}</arg>
<doc>Types the given ``text`` into the text field identified by ``locator``.</doc>
<msg timestamp="20210530 18:53:01.125" level="INFO">Typing text 'teabcd123@test.com' into text field 'id:email'.</msg>
<status status="PASS" starttime="20210530 18:53:01.124" endtime="20210530 18:53:01.188"/>
</kw>
<status status="PASS" starttime="20210530 18:53:01.124" endtime="20210530 18:53:01.188"/>
</kw>
<kw name="Enter Password">
<arg>${password}</arg>
<doc>Enters valid or invalid password or leave blank</doc>
<kw name="Input Text" library="SeleniumLibrary">
<arg>id:password</arg>
<arg>${pswd}</arg>
<doc>Types the given ``text`` into the text field identified by ``locator``.</doc>
<msg timestamp="20210530 18:53:01.189" level="INFO">Typing text 'P@ssw0rd_123' into text field 'id:password'.</msg>
<status status="PASS" starttime="20210530 18:53:01.189" endtime="20210530 18:53:01.272"/>
</kw>
<status status="PASS" starttime="20210530 18:53:01.189" endtime="20210530 18:53:01.273"/>
</kw>
<kw name="Select Terms Checkbox">
<doc>Selects Terms and Privacy policy checkbox</doc>
<kw name="Execute Javascript" library="SeleniumLibrary">
<arg>$('#signup-terms').click()</arg>
<doc>Executes the given JavaScript code with possible arguments.</doc>
<msg timestamp="20210530 18:53:01.273" level="INFO">Executing JavaScript:
$('#signup-terms').click()
Without any arguments.</msg>
<status status="PASS" starttime="20210530 18:53:01.273" endtime="20210530 18:53:01.282"/>
</kw>
<status status="PASS" starttime="20210530 18:53:01.273" endtime="20210530 18:53:01.282"/>
</kw>
<kw name="Click Get started now button">
<doc>Clicks on Get started now button</doc>
<kw name="Click Button" library="SeleniumLibrary">
<arg>class:signup__submit</arg>
<doc>Clicks the button identified by ``locator``.</doc>
<msg timestamp="20210530 18:53:01.282" level="INFO">Clicking button 'class:signup__submit'.</msg>
<status status="PASS" starttime="20210530 18:53:01.282" endtime="20210530 18:53:02.143"/>
</kw>
<kw name="Capture Page Screenshot" library="SeleniumLibrary">
<doc>Takes a screenshot of the current page and embeds it into a log file.</doc>
<msg timestamp="20210530 18:53:02.541" level="INFO" html="true">&lt;/td&gt;&lt;/tr&gt;&lt;tr&gt;&lt;td colspan="3"&gt;&lt;a href="selenium-screenshot-113.png"&gt;&lt;img src="selenium-screenshot-113.png" width="800px"&gt;&lt;/a&gt;</msg>
<status status="PASS" starttime="20210530 18:53:02.143" endtime="20210530 18:53:02.541"/>
</kw>
<status status="PASS" starttime="20210530 18:53:01.282" endtime="20210530 18:53:02.541"/>
</kw>
<kw name="Get Text" library="SeleniumLibrary">
<var>${get_text}</var>
<arg>xpath://div[contains(text(),'Sorry, this email is already registered')]</arg>
<doc>Returns the text value of the element identified by ``locator``.</doc>
<msg timestamp="20210530 18:53:02.556" level="INFO">${get_text} = Sorry, this email is already registered</msg>
<status status="PASS" starttime="20210530 18:53:02.541" endtime="20210530 18:53:02.556"/>
</kw>
<kw name="Should Be Equal As Strings" library="BuiltIn">
<arg>Sorry, this email is already registered</arg>
<arg>${get_text}</arg>
<doc>Fails if objects are unequal after converting them to strings.</doc>
<status status="PASS" starttime="20210530 18:53:02.556" endtime="20210530 18:53:02.556"/>
</kw>
<status status="PASS" starttime="20210530 18:52:58.048" endtime="20210530 18:53:02.556"/>
</kw>
<kw name="Close Browser" library="SeleniumLibrary" type="TEARDOWN">
<doc>Closes the current browser.</doc>
<status status="PASS" starttime="20210530 18:53:02.557" endtime="20210530 18:53:04.758"/>
</kw>
<doc>Check if the system allows the user to register the account when passing already registered email address</doc>
<tag>Scenario7</tag>
<status status="PASS" starttime="20210530 18:52:58.048" endtime="20210530 18:53:04.758"/>
</test>
<test id="s1-t8" name="Verify password policy">
<kw name="Check the password">
<doc>Throws warning message if the password not meets the password policy.</doc>
<kw name="Open browser to signup page">
<doc>Open the browser</doc>
<kw name="Open Browser" library="SeleniumLibrary">
<arg>about:blank</arg>
<arg>${browser}</arg>
<doc>Opens a new browser instance to the optional ``url``.</doc>
<msg timestamp="20210530 18:53:04.758" level="INFO">Opening browser 'Chrome' to base url 'about:blank'.</msg>
<status status="PASS" starttime="20210530 18:53:04.758" endtime="20210530 18:53:05.916"/>
</kw>
<kw name="Maximize Browser Window" library="SeleniumLibrary">
<doc>Maximizes current browser window.</doc>
<status status="PASS" starttime="20210530 18:53:05.916" endtime="20210530 18:53:06.038"/>
</kw>
<kw name="Go to miro singup page">
<doc>Open Miro signup page</doc>
<kw name="Go To" library="SeleniumLibrary">
<arg>${miro_signup_url}</arg>
<doc>Navigates the current browser window to the provided ``url``.</doc>
<msg timestamp="20210530 18:53:06.038" level="INFO">Opening url 'https://miro.com/signup/'</msg>
<status status="PASS" starttime="20210530 18:53:06.038" endtime="20210530 18:53:07.936"/>
</kw>
<kw name="Get started free today page should be open">
<doc>Verifies the signup page</doc>
<kw name="Page Should Contain" library="SeleniumLibrary">
<arg>Get started free today</arg>
<doc>Verifies that current page contains ``text``.</doc>
<msg timestamp="20210530 18:53:07.950" level="INFO">Current page contains text 'Get started free today'.</msg>
<status status="PASS" starttime="20210530 18:53:07.937" endtime="20210530 18:53:07.950"/>
</kw>
<status status="PASS" starttime="20210530 18:53:07.936" endtime="20210530 18:53:07.950"/>
</kw>
<status status="PASS" starttime="20210530 18:53:06.038" endtime="20210530 18:53:07.950"/>
</kw>
<status status="PASS" starttime="20210530 18:53:04.758" endtime="20210530 18:53:07.950"/>
</kw>
<kw name="Enter Username">
<arg>${user_name}</arg>
<doc>Enters valid name or leave blank</doc>
<kw name="Input Text" library="SeleniumLibrary">
<arg>id:name</arg>
<arg>${username}</arg>
<doc>Types the given ``text`` into the text field identified by ``locator``.</doc>
<msg timestamp="20210530 18:53:07.951" level="INFO">Typing text 'Anandhi' into text field 'id:name'.</msg>
<status status="PASS" starttime="20210530 18:53:07.951" endtime="20210530 18:53:08.019"/>
</kw>
<status status="PASS" starttime="20210530 18:53:07.950" endtime="20210530 18:53:08.019"/>
</kw>
<kw name="Enter EmailID">
<arg>${email_id}</arg>
<doc>Enters valid or invalid email address or leave blank</doc>
<kw name="Input Text" library="SeleniumLibrary">
<arg>id:email</arg>
<arg>${emailid}</arg>
<doc>Types the given ``text`` into the text field identified by ``locator``.</doc>
<msg timestamp="20210530 18:53:08.020" level="INFO">Typing text 'teabcd123@test.com' into text field 'id:email'.</msg>
<status status="PASS" starttime="20210530 18:53:08.019" endtime="20210530 18:53:08.084"/>
</kw>
<status status="PASS" starttime="20210530 18:53:08.019" endtime="20210530 18:53:08.084"/>
</kw>
<kw name="Create List" library="BuiltIn">
<var>@{password_list}</var>
<arg>abcd</arg>
<arg>password</arg>
<arg>Welc@me1234</arg>
<arg>Welc@me_1234</arg>
<doc>Returns a list containing given items.</doc>
<msg timestamp="20210530 18:53:08.085" level="INFO">@{password_list} = [ abcd | password | Welc@me1234 | Welc@me_1234 ]</msg>
<status status="PASS" starttime="20210530 18:53:08.084" endtime="20210530 18:53:08.085"/>
</kw>
<for flavor="IN">
<var>${pswd}</var>
<value>@{password_list}</value>
<iter>
<var name="${pswd}">abcd</var>
<kw name="Log" library="BuiltIn">
<arg>${pswd}</arg>
<doc>Logs the given message with the given level.</doc>
<msg timestamp="20210530 18:53:08.085" level="INFO">abcd</msg>
<status status="PASS" starttime="20210530 18:53:08.085" endtime="20210530 18:53:08.085"/>
</kw>
<kw name="Enter Password">
<arg>${pswd}</arg>
<doc>Enters valid or invalid password or leave blank</doc>
<kw name="Input Text" library="SeleniumLibrary">
<arg>id:password</arg>
<arg>${pswd}</arg>
<doc>Types the given ``text`` into the text field identified by ``locator``.</doc>
<msg timestamp="20210530 18:53:08.086" level="INFO">Typing text 'abcd' into text field 'id:password'.</msg>
<status status="PASS" starttime="20210530 18:53:08.085" endtime="20210530 18:53:08.145"/>
</kw>
<status status="PASS" starttime="20210530 18:53:08.085" endtime="20210530 18:53:08.146"/>
</kw>
<kw name="Get Length" library="BuiltIn">
<var>${length_pswrd}</var>
<arg>${pswd}</arg>
<doc>Returns and logs the length of the given item as an integer.</doc>
<msg timestamp="20210530 18:53:08.146" level="INFO">Length is 4</msg>
<msg timestamp="20210530 18:53:08.146" level="INFO">${length_pswrd} = 4</msg>
<status status="PASS" starttime="20210530 18:53:08.146" endtime="20210530 18:53:08.146"/>
</kw>
<kw name="Run Keyword If" library="BuiltIn">
<arg>${length_pswrd} &lt;= 7</arg>
<arg>Check the message if password &lt;8 char</arg>
<arg>ELSE IF</arg>
<arg>${length_pswrd} &gt;= 8 and ${length_pswrd} &lt;=9</arg>
<arg>Check the message if password &gt;=8 and &lt;=9 char</arg>
<arg>ELSE IF</arg>
<arg>${length_pswrd} &gt;9 and ${length_pswrd}&lt;=11</arg>
<arg>Check the message if password &gt;9 and &lt;=11 char</arg>
<arg>ELSE IF</arg>
<arg>${length_pswrd} &gt;11</arg>
<arg>Check the message if password &gt;11</arg>
<doc>Runs the given keyword with the given arguments, if ``condition`` is true.</doc>
<kw name="Check the message if password &lt;8 char">
<kw name="Wait Until Element Is Visible" library="SeleniumLibrary">
<arg>xpath://div[contains(text(),'Please use 8+ characters for secure password')]</arg>
<doc>Waits until the element ``locator`` is visible.</doc>
<status status="PASS" starttime="20210530 18:53:08.147" endtime="20210530 18:53:08.792"/>
</kw>
<kw name="Get Text" library="SeleniumLibrary">
<var>${get_warning}</var>
<arg>xpath://div[contains(text(),'Please use 8+ characters for secure password')]</arg>
<doc>Returns the text value of the element identified by ``locator``.</doc>
<msg timestamp="20210530 18:53:08.796" level="INFO">${get_warning} = Please use 8+ characters for secure password</msg>
<status status="PASS" starttime="20210530 18:53:08.793" endtime="20210530 18:53:08.796"/>
</kw>
<kw name="Should Be Equal As Strings" library="BuiltIn">
<arg>Please use 8+ characters for secure password</arg>
<arg>${get_warning}</arg>
<doc>Fails if objects are unequal after converting them to strings.</doc>
<status status="PASS" starttime="20210530 18:53:08.796" endtime="20210530 18:53:08.796"/>
</kw>
<status status="PASS" starttime="20210530 18:53:08.147" endtime="20210530 18:53:08.796"/>
</kw>
<status status="PASS" starttime="20210530 18:53:08.146" endtime="20210530 18:53:08.796"/>
</kw>
<status status="PASS" starttime="20210530 18:53:08.085" endtime="20210530 18:53:08.796"/>
</iter>
<iter>
<var name="${pswd}">password</var>
<kw name="Log" library="BuiltIn">
<arg>${pswd}</arg>
<doc>Logs the given message with the given level.</doc>
<msg timestamp="20210530 18:53:08.796" level="INFO">password</msg>
<status status="PASS" starttime="20210530 18:53:08.796" endtime="20210530 18:53:08.796"/>
</kw>
<kw name="Enter Password">
<arg>${pswd}</arg>
<doc>Enters valid or invalid password or leave blank</doc>
<kw name="Input Text" library="SeleniumLibrary">
<arg>id:password</arg>
<arg>${pswd}</arg>
<doc>Types the given ``text`` into the text field identified by ``locator``.</doc>
<msg timestamp="20210530 18:53:08.796" level="INFO">Typing text 'password' into text field 'id:password'.</msg>
<status status="PASS" starttime="20210530 18:53:08.796" endtime="20210530 18:53:08.857"/>
</kw>
<status status="PASS" starttime="20210530 18:53:08.796" endtime="20210530 18:53:08.857"/>
</kw>
<kw name="Get Length" library="BuiltIn">
<var>${length_pswrd}</var>
<arg>${pswd}</arg>
<doc>Returns and logs the length of the given item as an integer.</doc>
<msg timestamp="20210530 18:53:08.858" level="INFO">Length is 8</msg>
<msg timestamp="20210530 18:53:08.858" level="INFO">${length_pswrd} = 8</msg>
<status status="PASS" starttime="20210530 18:53:08.857" endtime="20210530 18:53:08.858"/>
</kw>
<kw name="Run Keyword If" library="BuiltIn">
<arg>${length_pswrd} &lt;= 7</arg>
<arg>Check the message if password &lt;8 char</arg>
<arg>ELSE IF</arg>
<arg>${length_pswrd} &gt;= 8 and ${length_pswrd} &lt;=9</arg>
<arg>Check the message if password &gt;=8 and &lt;=9 char</arg>
<arg>ELSE IF</arg>
<arg>${length_pswrd} &gt;9 and ${length_pswrd}&lt;=11</arg>
<arg>Check the message if password &gt;9 and &lt;=11 char</arg>
<arg>ELSE IF</arg>
<arg>${length_pswrd} &gt;11</arg>
<arg>Check the message if password &gt;11</arg>
<doc>Runs the given keyword with the given arguments, if ``condition`` is true.</doc>
<kw name="Check the message if password &gt;=8 and &lt;=9 char">
<kw name="Wait Until Element Is Visible" library="SeleniumLibrary">
<arg>xpath://div[contains(text(),'So-so password')]</arg>
<doc>Waits until the element ``locator`` is visible.</doc>
<status status="PASS" starttime="20210530 18:53:08.859" endtime="20210530 18:53:08.879"/>
</kw>
<kw name="Get Text" library="SeleniumLibrary">
<var>${get_warning}</var>
<arg>xpath://div[contains(text(),'So-so password')]</arg>
<doc>Returns the text value of the element identified by ``locator``.</doc>
<msg timestamp="20210530 18:53:08.888" level="INFO">${get_warning} = So-so password</msg>
<status status="PASS" starttime="20210530 18:53:08.879" endtime="20210530 18:53:08.888"/>
</kw>
<kw name="Should Be Equal As Strings" library="BuiltIn">
<arg>So-so password</arg>
<arg>${get_warning}</arg>
<doc>Fails if objects are unequal after converting them to strings.</doc>
<status status="PASS" starttime="20210530 18:53:08.888" endtime="20210530 18:53:08.888"/>
</kw>
<status status="PASS" starttime="20210530 18:53:08.859" endtime="20210530 18:53:08.889"/>
</kw>
<status status="PASS" starttime="20210530 18:53:08.858" endtime="20210530 18:53:08.889"/>
</kw>
<status status="PASS" starttime="20210530 18:53:08.796" endtime="20210530 18:53:08.889"/>
</iter>
<iter>
<var name="${pswd}">Welc@me1234</var>
<kw name="Log" library="BuiltIn">
<arg>${pswd}</arg>
<doc>Logs the given message with the given level.</doc>
<msg timestamp="20210530 18:53:08.889" level="INFO">Welc@me1234</msg>
<status status="PASS" starttime="20210530 18:53:08.889" endtime="20210530 18:53:08.889"/>
</kw>
<kw name="Enter Password">
<arg>${pswd}</arg>
<doc>Enters valid or invalid password or leave blank</doc>
<kw name="Input Text" library="SeleniumLibrary">
<arg>id:password</arg>
<arg>${pswd}</arg>
<doc>Types the given ``text`` into the text field identified by ``locator``.</doc>
<msg timestamp="20210530 18:53:08.889" level="INFO">Typing text 'Welc@me1234' into text field 'id:password'.</msg>
<status status="PASS" starttime="20210530 18:53:08.889" endtime="20210530 18:53:08.951"/>
</kw>
<status status="PASS" starttime="20210530 18:53:08.889" endtime="20210530 18:53:08.951"/>
</kw>
<kw name="Get Length" library="BuiltIn">
<var>${length_pswrd}</var>
<arg>${pswd}</arg>
<doc>Returns and logs the length of the given item as an integer.</doc>
<msg timestamp="20210530 18:53:08.951" level="INFO">Length is 11</msg>
<msg timestamp="20210530 18:53:08.951" level="INFO">${length_pswrd} = 11</msg>
<status status="PASS" starttime="20210530 18:53:08.951" endtime="20210530 18:53:08.951"/>
</kw>
<kw name="Run Keyword If" library="BuiltIn">
<arg>${length_pswrd} &lt;= 7</arg>
<arg>Check the message if password &lt;8 char</arg>
<arg>ELSE IF</arg>
<arg>${length_pswrd} &gt;= 8 and ${length_pswrd} &lt;=9</arg>
<arg>Check the message if password &gt;=8 and &lt;=9 char</arg>
<arg>ELSE IF</arg>
<arg>${length_pswrd} &gt;9 and ${length_pswrd}&lt;=11</arg>
<arg>Check the message if password &gt;9 and &lt;=11 char</arg>
<arg>ELSE IF</arg>
<arg>${length_pswrd} &gt;11</arg>
<arg>Check the message if password &gt;11</arg>
<doc>Runs the given keyword with the given arguments, if ``condition`` is true.</doc>
<kw name="Check the message if password &gt;9 and &lt;=11 char">
<kw name="Wait Until Element Is Visible" library="SeleniumLibrary">
<arg>xpath://div[contains(text(),'Good password')]</arg>
<doc>Waits until the element ``locator`` is visible.</doc>
<status status="PASS" starttime="20210530 18:53:08.952" endtime="20210530 18:53:08.968"/>
</kw>
<kw name="Get Text" library="SeleniumLibrary">
<var>${get_warning}</var>
<arg>xpath://div[contains(text(),'Good password')]</arg>
<doc>Returns the text value of the element identified by ``locator``.</doc>
<msg timestamp="20210530 18:53:08.977" level="INFO">${get_warning} = Good password</msg>
<status status="PASS" starttime="20210530 18:53:08.968" endtime="20210530 18:53:08.977"/>
</kw>
<kw name="Should Be Equal As Strings" library="BuiltIn">
<arg>Good password</arg>
<arg>${get_warning}</arg>
<doc>Fails if objects are unequal after converting them to strings.</doc>
<status status="PASS" starttime="20210530 18:53:08.977" endtime="20210530 18:53:08.977"/>
</kw>
<status status="PASS" starttime="20210530 18:53:08.952" endtime="20210530 18:53:08.978"/>
</kw>
<status status="PASS" starttime="20210530 18:53:08.951" endtime="20210530 18:53:08.978"/>
</kw>
<status status="PASS" starttime="20210530 18:53:08.889" endtime="20210530 18:53:08.978"/>
</iter>
<iter>
<var name="${pswd}">Welc@me_1234</var>
<kw name="Log" library="BuiltIn">
<arg>${pswd}</arg>
<doc>Logs the given message with the given level.</doc>
<msg timestamp="20210530 18:53:08.978" level="INFO">Welc@me_1234</msg>
<status status="PASS" starttime="20210530 18:53:08.978" endtime="20210530 18:53:08.978"/>
</kw>
<kw name="Enter Password">
<arg>${pswd}</arg>
<doc>Enters valid or invalid password or leave blank</doc>
<kw name="Input Text" library="SeleniumLibrary">
<arg>id:password</arg>
<arg>${pswd}</arg>
<doc>Types the given ``text`` into the text field identified by ``locator``.</doc>
<msg timestamp="20210530 18:53:08.980" level="INFO">Typing text 'Welc@me_1234' into text field 'id:password'.</msg>
<status status="PASS" starttime="20210530 18:53:08.979" endtime="20210530 18:53:09.046"/>
</kw>
<status status="PASS" starttime="20210530 18:53:08.978" endtime="20210530 18:53:09.046"/>
</kw>
<kw name="Get Length" library="BuiltIn">
<var>${length_pswrd}</var>
<arg>${pswd}</arg>
<doc>Returns and logs the length of the given item as an integer.</doc>
<msg timestamp="20210530 18:53:09.046" level="INFO">Length is 12</msg>
<msg timestamp="20210530 18:53:09.047" level="INFO">${length_pswrd} = 12</msg>
<status status="PASS" starttime="20210530 18:53:09.046" endtime="20210530 18:53:09.047"/>
</kw>
<kw name="Run Keyword If" library="BuiltIn">
<arg>${length_pswrd} &lt;= 7</arg>
<arg>Check the message if password &lt;8 char</arg>
<arg>ELSE IF</arg>
<arg>${length_pswrd} &gt;= 8 and ${length_pswrd} &lt;=9</arg>
<arg>Check the message if password &gt;=8 and &lt;=9 char</arg>
<arg>ELSE IF</arg>
<arg>${length_pswrd} &gt;9 and ${length_pswrd}&lt;=11</arg>
<arg>Check the message if password &gt;9 and &lt;=11 char</arg>
<arg>ELSE IF</arg>
<arg>${length_pswrd} &gt;11</arg>
<arg>Check the message if password &gt;11</arg>
<doc>Runs the given keyword with the given arguments, if ``condition`` is true.</doc>
<kw name="Check the message if password &gt;11">
<kw name="Wait Until Element Is Visible" library="SeleniumLibrary">
<arg>xpath://div[contains(text(),'Great password')]</arg>
<doc>Waits until the element ``locator`` is visible.</doc>
<status status="PASS" starttime="20210530 18:53:09.048" endtime="20210530 18:53:09.064"/>
</kw>
<kw name="Get Text" library="SeleniumLibrary">
<var>${get_warning}</var>
<arg>xpath://div[contains(text(),'Great password')]</arg>
<doc>Returns the text value of the element identified by ``locator``.</doc>
<msg timestamp="20210530 18:53:09.073" level="INFO">${get_warning} = Great password</msg>
<status status="PASS" starttime="20210530 18:53:09.064" endtime="20210530 18:53:09.073"/>
</kw>
<kw name="Should Be Equal As Strings" library="BuiltIn">
<arg>Great password</arg>
<arg>${get_warning}</arg>
<doc>Fails if objects are unequal after converting them to strings.</doc>
<status status="PASS" starttime="20210530 18:53:09.073" endtime="20210530 18:53:09.074"/>
</kw>
<status status="PASS" starttime="20210530 18:53:09.047" endtime="20210530 18:53:09.074"/>
</kw>
<status status="PASS" starttime="20210530 18:53:09.047" endtime="20210530 18:53:09.074"/>
</kw>
<status status="PASS" starttime="20210530 18:53:08.978" endtime="20210530 18:53:09.074"/>
</iter>
<status status="PASS" starttime="20210530 18:53:08.085" endtime="20210530 18:53:09.074"/>
</for>
<status status="PASS" starttime="20210530 18:53:04.758" endtime="20210530 18:53:09.074"/>
</kw>
<kw name="Close Browser" library="SeleniumLibrary" type="TEARDOWN">
<doc>Closes the current browser.</doc>
<status status="PASS" starttime="20210530 18:53:09.074" endtime="20210530 18:53:11.335"/>
</kw>
<doc>Verifies the password meets the password policy</doc>
<tag>Scenario9</tag>
<status status="PASS" starttime="20210530 18:53:04.758" endtime="20210530 18:53:11.335"/>
</test>
<doc>Sample test for Miro signup</doc>
<status status="PASS" starttime="20210530 18:52:15.482" endtime="20210530 18:53:11.335"/>
</suite>
<statistics>
<total>
<stat pass="8" fail="0" skip="0">All Tests</stat>
</total>
<tag>
<stat pass="1" fail="0" skip="0">Scenario1</stat>
<stat pass="1" fail="0" skip="0">Scenario2</stat>
<stat pass="1" fail="0" skip="0">Scenario3</stat>
<stat pass="1" fail="0" skip="0">Scenario4</stat>
<stat pass="1" fail="0" skip="0">Scenario5</stat>
<stat pass="1" fail="0" skip="0">Scenario6</stat>
<stat pass="1" fail="0" skip="0">Scenario7</stat>
<stat pass="1" fail="0" skip="0">Scenario9</stat>
</tag>
<suite>
<stat pass="8" fail="0" skip="0" id="s1" name="Login test">Login test</stat>
</suite>
</statistics>
<errors>
</errors>
</robot>
