<?xml version="1.0" encoding="UTF-8"?>
<robot generator="Robot 4.0 (Python 3.9.2 on win32)" generated="20210530 20:12:52.336" rpa="false" schemaversion="2">
<suite id="s1" name="Miro Signup test" source="C:\Users\ranan\Git\Miro\Miro_Test\tests\TestScript\Miro_Signup_test.robot">
<test id="s1-t1" name="Successfull Signup">
<kw name="Create Miro account">
<doc>Successfull creation of the account to Miro</doc>
<kw name="Open browser to signup page">
<doc>Open the browser</doc>
<kw name="Open Browser" library="SeleniumLibrary">
<arg>about:blank</arg>
<arg>${browser}</arg>
<doc>Opens a new browser instance to the optional ``url``.</doc>
<msg timestamp="20210530 20:12:52.584" level="INFO">Opening browser 'Chrome' to base url 'about:blank'.</msg>
<status status="PASS" starttime="20210530 20:12:52.584" endtime="20210530 20:12:53.920"/>
</kw>
<kw name="Maximize Browser Window" library="SeleniumLibrary">
<doc>Maximizes current browser window.</doc>
<status status="PASS" starttime="20210530 20:12:53.920" endtime="20210530 20:12:54.044"/>
</kw>
<kw name="Go to miro singup page">
<doc>Open Miro signup page</doc>
<kw name="Go To" library="SeleniumLibrary">
<arg>${miro_signup_url}</arg>
<doc>Navigates the current browser window to the provided ``url``.</doc>
<msg timestamp="20210530 20:12:54.045" level="INFO">Opening url 'https://miro.com/signup/'</msg>
<status status="PASS" starttime="20210530 20:12:54.045" endtime="20210530 20:12:56.572"/>
</kw>
<kw name="Get started free today page should be open">
<doc>Verifies the signup page</doc>
<kw name="Page Should Contain" library="SeleniumLibrary">
<arg>Get started free today</arg>
<doc>Verifies that current page contains ``text``.</doc>
<msg timestamp="20210530 20:12:56.588" level="INFO">Current page contains text 'Get started free today'.</msg>
<status status="PASS" starttime="20210530 20:12:56.573" endtime="20210530 20:12:56.589"/>
</kw>
<status status="PASS" starttime="20210530 20:12:56.572" endtime="20210530 20:12:56.589"/>
</kw>
<status status="PASS" starttime="20210530 20:12:54.044" endtime="20210530 20:12:56.589"/>
</kw>
<status status="PASS" starttime="20210530 20:12:52.584" endtime="20210530 20:12:56.589"/>
</kw>
<kw name="Enter Username">
<arg>${user_name}</arg>
<doc>Enters valid name or leave blank</doc>
<kw name="Input Text" library="SeleniumLibrary">
<arg>id:name</arg>
<arg>${username}</arg>
<doc>Types the given ``text`` into the text field identified by ``locator``.</doc>
<msg timestamp="20210530 20:12:56.590" level="INFO">Typing text 'Abcdefg' into text field 'id:name'.</msg>
<status status="PASS" starttime="20210530 20:12:56.589" endtime="20210530 20:12:56.654"/>
</kw>
<status status="PASS" starttime="20210530 20:12:56.589" endtime="20210530 20:12:56.654"/>
</kw>
<kw name="Enter EmailID">
<arg>${email_id}</arg>
<doc>Enters valid or invalid email address or leave blank</doc>
<kw name="Input Text" library="SeleniumLibrary">
<arg>id:email</arg>
<arg>${emailid}</arg>
<doc>Types the given ``text`` into the text field identified by ``locator``.</doc>
<msg timestamp="20210530 20:12:56.655" level="INFO">Typing text 'teabcd12345@test.com' into text field 'id:email'.</msg>
<status status="PASS" starttime="20210530 20:12:56.655" endtime="20210530 20:12:56.730"/>
</kw>
<status status="PASS" starttime="20210530 20:12:56.654" endtime="20210530 20:12:56.730"/>
</kw>
<kw name="Enter Password">
<arg>${password}</arg>
<doc>Enters valid or invalid password or leave blank</doc>
<kw name="Input Text" library="SeleniumLibrary">
<arg>id:password</arg>
<arg>${pswd}</arg>
<doc>Types the given ``text`` into the text field identified by ``locator``.</doc>
<msg timestamp="20210530 20:12:56.732" level="INFO">Typing text 'P@ssw0rd_123' into text field 'id:password'.</msg>
<status status="PASS" starttime="20210530 20:12:56.731" endtime="20210530 20:12:56.838"/>
</kw>
<status status="PASS" starttime="20210530 20:12:56.730" endtime="20210530 20:12:56.838"/>
</kw>
<kw name="Select Terms Checkbox">
<doc>Selects Terms and Privacy policy checkbox</doc>
<kw name="Execute Javascript" library="SeleniumLibrary">
<arg>$('#signup-terms').click()</arg>
<doc>Executes the given JavaScript code with possible arguments.</doc>
<msg timestamp="20210530 20:12:56.840" level="INFO">Executing JavaScript:
$('#signup-terms').click()
Without any arguments.</msg>
<status status="PASS" starttime="20210530 20:12:56.839" endtime="20210530 20:12:56.852"/>
</kw>
<status status="PASS" starttime="20210530 20:12:56.838" endtime="20210530 20:12:56.853"/>
</kw>
<kw name="Click on Get started now button">
<doc>Clicks on Get started now</doc>
<kw name="Capture Page Screenshot" library="SeleniumLibrary">
<doc>Takes a screenshot of the current page and embeds it into a log file.</doc>
<msg timestamp="20210530 20:12:57.256" level="INFO" html="true">&lt;/td&gt;&lt;/tr&gt;&lt;tr&gt;&lt;td colspan="3"&gt;&lt;a href="selenium-screenshot-1.png"&gt;&lt;img src="selenium-screenshot-1.png" width="800px"&gt;&lt;/a&gt;</msg>
<status status="PASS" starttime="20210530 20:12:56.853" endtime="20210530 20:12:57.257"/>
</kw>
<kw name="Click Button" library="SeleniumLibrary">
<arg>class:signup__submit</arg>
<doc>Clicks the button identified by ``locator``.</doc>
<msg timestamp="20210530 20:12:57.257" level="INFO">Clicking button 'class:signup__submit'.</msg>
<status status="PASS" starttime="20210530 20:12:57.257" endtime="20210530 20:12:58.120"/>
</kw>
<kw name="Capture Page Screenshot" library="SeleniumLibrary">
<doc>Takes a screenshot of the current page and embeds it into a log file.</doc>
<msg timestamp="20210530 20:12:58.503" level="INFO" html="true">&lt;/td&gt;&lt;/tr&gt;&lt;tr&gt;&lt;td colspan="3"&gt;&lt;a href="selenium-screenshot-2.png"&gt;&lt;img src="selenium-screenshot-2.png" width="800px"&gt;&lt;/a&gt;</msg>
<status status="PASS" starttime="20210530 20:12:58.120" endtime="20210530 20:12:58.503"/>
</kw>
<kw name="Get Title" library="SeleniumLibrary">
<var>${page_title}</var>
<doc>Returns the title of the current page.</doc>
<msg timestamp="20210530 20:12:58.507" level="INFO">${page_title} = Sign up | Miro | Online Whiteboard for Visual Collaboration</msg>
<status status="PASS" starttime="20210530 20:12:58.503" endtime="20210530 20:12:58.507"/>
</kw>
<kw name="Run Keyword If" library="BuiltIn">
<arg>"${page_title}" == "Please check your email, Online Whiteboard | Miro"</arg>
<arg>Verify email confirmation page opened</arg>
<arg>ELSE</arg>
<arg>Existing email id</arg>
<doc>Runs the given keyword with the given arguments, if ``condition`` is true.</doc>
<kw name="Existing email id">
<doc>Verifies the message if existing email id provided</doc>
<kw name="Get Text" library="SeleniumLibrary">
<var>${get_text}</var>
<arg>xpath://div[contains(text(),'Sorry, this email is already registered')]</arg>
<doc>Returns the text value of the element identified by ``locator``.</doc>
<msg timestamp="20210530 20:12:58.524" level="INFO">${get_text} = Sorry, this email is already registered</msg>
<status status="PASS" starttime="20210530 20:12:58.508" endtime="20210530 20:12:58.524"/>
</kw>
<kw name="Should Be Equal As Strings" library="BuiltIn">
<arg>Sorry, this email is already registered</arg>
<arg>${get_text}</arg>
<doc>Fails if objects are unequal after converting them to strings.</doc>
<status status="PASS" starttime="20210530 20:12:58.524" endtime="20210530 20:12:58.524"/>
</kw>
<status status="PASS" starttime="20210530 20:12:58.507" endtime="20210530 20:12:58.524"/>
</kw>
<status status="PASS" starttime="20210530 20:12:58.507" endtime="20210530 20:12:58.524"/>
</kw>
<status status="PASS" starttime="20210530 20:12:56.853" endtime="20210530 20:12:58.524"/>
</kw>
<status status="PASS" starttime="20210530 20:12:52.584" endtime="20210530 20:12:58.525"/>
</kw>
<kw name="Close Browser" library="SeleniumLibrary" type="TEARDOWN">
<doc>Closes the current browser.</doc>
<status status="PASS" starttime="20210530 20:12:58.525" endtime="20210530 20:13:00.751"/>
</kw>
<doc>This test case will verify the successfull creation of the account with Miro.</doc>
<tag>Scenario1</tag>
<status status="PASS" starttime="20210530 20:12:52.552" endtime="20210530 20:13:00.751"/>
</test>
<test id="s1-t2" name="No account should be created if Terms and Privacy policy checkbox not selected">
<kw name="Do not select Terms and Privacy policy">
<doc>Do not select the Terms and Privacy policy checkbox</doc>
<kw name="Open browser to signup page">
<doc>Open the browser</doc>
<kw name="Open Browser" library="SeleniumLibrary">
<arg>about:blank</arg>
<arg>${browser}</arg>
<doc>Opens a new browser instance to the optional ``url``.</doc>
<msg timestamp="20210530 20:13:00.751" level="INFO">Opening browser 'Chrome' to base url 'about:blank'.</msg>
<status status="PASS" starttime="20210530 20:13:00.751" endtime="20210530 20:13:01.849"/>
</kw>
<kw name="Maximize Browser Window" library="SeleniumLibrary">
<doc>Maximizes current browser window.</doc>
<status status="PASS" starttime="20210530 20:13:01.849" endtime="20210530 20:13:01.979"/>
</kw>
<kw name="Go to miro singup page">
<doc>Open Miro signup page</doc>
<kw name="Go To" library="SeleniumLibrary">
<arg>${miro_signup_url}</arg>
<doc>Navigates the current browser window to the provided ``url``.</doc>
<msg timestamp="20210530 20:13:01.981" level="INFO">Opening url 'https://miro.com/signup/'</msg>
<status status="PASS" starttime="20210530 20:13:01.980" endtime="20210530 20:13:04.084"/>
</kw>
<kw name="Get started free today page should be open">
<doc>Verifies the signup page</doc>
<kw name="Page Should Contain" library="SeleniumLibrary">
<arg>Get started free today</arg>
<doc>Verifies that current page contains ``text``.</doc>
<msg timestamp="20210530 20:13:04.095" level="INFO">Current page contains text 'Get started free today'.</msg>
<status status="PASS" starttime="20210530 20:13:04.086" endtime="20210530 20:13:04.095"/>
</kw>
<status status="PASS" starttime="20210530 20:13:04.085" endtime="20210530 20:13:04.096"/>
</kw>
<status status="PASS" starttime="20210530 20:13:01.980" endtime="20210530 20:13:04.096"/>
</kw>
<status status="PASS" starttime="20210530 20:13:00.751" endtime="20210530 20:13:04.096"/>
</kw>
<kw name="Enter Username">
<arg>${user_name}</arg>
<doc>Enters valid name or leave blank</doc>
<kw name="Input Text" library="SeleniumLibrary">
<arg>id:name</arg>
<arg>${username}</arg>
<doc>Types the given ``text`` into the text field identified by ``locator``.</doc>
<msg timestamp="20210530 20:13:04.097" level="INFO">Typing text 'Abcdefg' into text field 'id:name'.</msg>
<status status="PASS" starttime="20210530 20:13:04.097" endtime="20210530 20:13:04.157"/>
</kw>
<status status="PASS" starttime="20210530 20:13:04.096" endtime="20210530 20:13:04.157"/>
</kw>
<kw name="Enter EmailID">
<arg>${email_id}</arg>
<doc>Enters valid or invalid email address or leave blank</doc>
<kw name="Input Text" library="SeleniumLibrary">
<arg>id:email</arg>
<arg>${emailid}</arg>
<doc>Types the given ``text`` into the text field identified by ``locator``.</doc>
<msg timestamp="20210530 20:13:04.158" level="INFO">Typing text 'teabcd12345@test.com' into text field 'id:email'.</msg>
<status status="PASS" starttime="20210530 20:13:04.157" endtime="20210530 20:13:04.228"/>
</kw>
<status status="PASS" starttime="20210530 20:13:04.157" endtime="20210530 20:13:04.228"/>
</kw>
<kw name="Enter Password">
<arg>${password}</arg>
<doc>Enters valid or invalid password or leave blank</doc>
<kw name="Input Text" library="SeleniumLibrary">
<arg>id:password</arg>
<arg>${pswd}</arg>
<doc>Types the given ``text`` into the text field identified by ``locator``.</doc>
<msg timestamp="20210530 20:13:04.229" level="INFO">Typing text 'P@ssw0rd_123' into text field 'id:password'.</msg>
<status status="PASS" starttime="20210530 20:13:04.228" endtime="20210530 20:13:04.312"/>
</kw>
<status status="PASS" starttime="20210530 20:13:04.228" endtime="20210530 20:13:04.312"/>
</kw>
<kw name="Click Get started now button">
<doc>Clicks on Get started now button</doc>
<kw name="Click Button" library="SeleniumLibrary">
<arg>class:signup__submit</arg>
<doc>Clicks the button identified by ``locator``.</doc>
<msg timestamp="20210530 20:13:04.314" level="INFO">Clicking button 'class:signup__submit'.</msg>
<status status="PASS" starttime="20210530 20:13:04.313" endtime="20210530 20:13:05.121"/>
</kw>
<kw name="Capture Page Screenshot" library="SeleniumLibrary">
<doc>Takes a screenshot of the current page and embeds it into a log file.</doc>
<msg timestamp="20210530 20:13:05.481" level="INFO" html="true">&lt;/td&gt;&lt;/tr&gt;&lt;tr&gt;&lt;td colspan="3"&gt;&lt;a href="selenium-screenshot-3.png"&gt;&lt;img src="selenium-screenshot-3.png" width="800px"&gt;&lt;/a&gt;</msg>
<status status="PASS" starttime="20210530 20:13:05.121" endtime="20210530 20:13:05.482"/>
</kw>
<status status="PASS" starttime="20210530 20:13:04.313" endtime="20210530 20:13:05.482"/>
</kw>
<kw name="Get Text" library="SeleniumLibrary">
<var>${get_text}</var>
<arg>xpath://div[contains(text(),'Please agree with the Terms to sign up.')]</arg>
<doc>Returns the text value of the element identified by ``locator``.</doc>
<msg timestamp="20210530 20:13:05.500" level="INFO">${get_text} = Please agree with the Terms to sign up.</msg>
<status status="PASS" starttime="20210530 20:13:05.482" endtime="20210530 20:13:05.500"/>
</kw>
<kw name="Should Be Equal As Strings" library="BuiltIn">
<arg>Please agree with the Terms to sign up.</arg>
<arg>${get_text}</arg>
<doc>Fails if objects are unequal after converting them to strings.</doc>
<status status="PASS" starttime="20210530 20:13:05.500" endtime="20210530 20:13:05.500"/>
</kw>
<status status="PASS" starttime="20210530 20:13:00.751" endtime="20210530 20:13:05.500"/>
</kw>
<kw name="Close Browser" library="SeleniumLibrary" type="TEARDOWN">
<doc>Closes the current browser.</doc>
<status status="PASS" starttime="20210530 20:13:05.501" endtime="20210530 20:13:07.697"/>
</kw>
<doc>This test case will verify whether terms and privacy policy is selected.</doc>
<tag>Scenario2</tag>
<status status="PASS" starttime="20210530 20:13:00.751" endtime="20210530 20:13:07.697"/>
</test>
<test id="s1-t3" name="User message should be prompt if no password provided">
<kw name="Do not enter the password">
<doc>Leave password text box blank and check the user message</doc>
<kw name="Open browser to signup page">
<doc>Open the browser</doc>
<kw name="Open Browser" library="SeleniumLibrary">
<arg>about:blank</arg>
<arg>${browser}</arg>
<doc>Opens a new browser instance to the optional ``url``.</doc>
<msg timestamp="20210530 20:13:07.697" level="INFO">Opening browser 'Chrome' to base url 'about:blank'.</msg>
<status status="PASS" starttime="20210530 20:13:07.697" endtime="20210530 20:13:08.801"/>
</kw>
<kw name="Maximize Browser Window" library="SeleniumLibrary">
<doc>Maximizes current browser window.</doc>
<status status="PASS" starttime="20210530 20:13:08.801" endtime="20210530 20:13:08.927"/>
</kw>
<kw name="Go to miro singup page">
<doc>Open Miro signup page</doc>
<kw name="Go To" library="SeleniumLibrary">
<arg>${miro_signup_url}</arg>
<doc>Navigates the current browser window to the provided ``url``.</doc>
<msg timestamp="20210530 20:13:08.928" level="INFO">Opening url 'https://miro.com/signup/'</msg>
<status status="PASS" starttime="20210530 20:13:08.928" endtime="20210530 20:13:11.132"/>
</kw>
<kw name="Get started free today page should be open">
<doc>Verifies the signup page</doc>
<kw name="Page Should Contain" library="SeleniumLibrary">
<arg>Get started free today</arg>
<doc>Verifies that current page contains ``text``.</doc>
<msg timestamp="20210530 20:13:11.146" level="INFO">Current page contains text 'Get started free today'.</msg>
<status status="PASS" starttime="20210530 20:13:11.133" endtime="20210530 20:13:11.146"/>
</kw>
<status status="PASS" starttime="20210530 20:13:11.132" endtime="20210530 20:13:11.146"/>
</kw>
<status status="PASS" starttime="20210530 20:13:08.927" endtime="20210530 20:13:11.146"/>
</kw>
<status status="PASS" starttime="20210530 20:13:07.697" endtime="20210530 20:13:11.146"/>
</kw>
<kw name="Enter Username">
<arg>${user_name}</arg>
<doc>Enters valid name or leave blank</doc>
<kw name="Input Text" library="SeleniumLibrary">
<arg>id:name</arg>
<arg>${username}</arg>
<doc>Types the given ``text`` into the text field identified by ``locator``.</doc>
<msg timestamp="20210530 20:13:11.147" level="INFO">Typing text 'Abcdefg' into text field 'id:name'.</msg>
<status status="PASS" starttime="20210530 20:13:11.147" endtime="20210530 20:13:11.203"/>
</kw>
<status status="PASS" starttime="20210530 20:13:11.146" endtime="20210530 20:13:11.203"/>
</kw>
<kw name="Enter EmailID">
<arg>${email_id}</arg>
<doc>Enters valid or invalid email address or leave blank</doc>
<kw name="Input Text" library="SeleniumLibrary">
<arg>id:email</arg>
<arg>${emailid}</arg>
<doc>Types the given ``text`` into the text field identified by ``locator``.</doc>
<msg timestamp="20210530 20:13:11.204" level="INFO">Typing text 'teabcd12345@test.com' into text field 'id:email'.</msg>
<status status="PASS" starttime="20210530 20:13:11.204" endtime="20210530 20:13:11.270"/>
</kw>
<status status="PASS" starttime="20210530 20:13:11.203" endtime="20210530 20:13:11.270"/>
</kw>
<kw name="Enter Password">
<arg>${EMPTY}</arg>
<doc>Enters valid or invalid password or leave blank</doc>
<kw name="Input Text" library="SeleniumLibrary">
<arg>id:password</arg>
<arg>${pswd}</arg>
<doc>Types the given ``text`` into the text field identified by ``locator``.</doc>
<msg timestamp="20210530 20:13:11.271" level="INFO">Typing text '' into text field 'id:password'.</msg>
<status status="PASS" starttime="20210530 20:13:11.271" endtime="20210530 20:13:11.325"/>
</kw>
<status status="PASS" starttime="20210530 20:13:11.270" endtime="20210530 20:13:11.326"/>
</kw>
<kw name="Select Terms Checkbox">
<doc>Selects Terms and Privacy policy checkbox</doc>
<kw name="Execute Javascript" library="SeleniumLibrary">
<arg>$('#signup-terms').click()</arg>
<doc>Executes the given JavaScript code with possible arguments.</doc>
<msg timestamp="20210530 20:13:11.326" level="INFO">Executing JavaScript:
$('#signup-terms').click()
Without any arguments.</msg>
<status status="PASS" starttime="20210530 20:13:11.326" endtime="20210530 20:13:11.334"/>
</kw>
<status status="PASS" starttime="20210530 20:13:11.326" endtime="20210530 20:13:11.334"/>
</kw>
<kw name="Click Get started now button">
<doc>Clicks on Get started now button</doc>
<kw name="Click Button" library="SeleniumLibrary">
<arg>class:signup__submit</arg>
<doc>Clicks the button identified by ``locator``.</doc>
<msg timestamp="20210530 20:13:11.335" level="INFO">Clicking button 'class:signup__submit'.</msg>
<status status="PASS" starttime="20210530 20:13:11.334" endtime="20210530 20:13:11.406"/>
</kw>
<kw name="Capture Page Screenshot" library="SeleniumLibrary">
<doc>Takes a screenshot of the current page and embeds it into a log file.</doc>
<msg timestamp="20210530 20:13:11.791" level="INFO" html="true">&lt;/td&gt;&lt;/tr&gt;&lt;tr&gt;&lt;td colspan="3"&gt;&lt;a href="selenium-screenshot-4.png"&gt;&lt;img src="selenium-screenshot-4.png" width="800px"&gt;&lt;/a&gt;</msg>
<status status="PASS" starttime="20210530 20:13:11.406" endtime="20210530 20:13:11.791"/>
</kw>
<status status="PASS" starttime="20210530 20:13:11.334" endtime="20210530 20:13:11.791"/>
</kw>
<kw name="Get Text" library="SeleniumLibrary">
<var>${get_text}</var>
<arg>xpath://div[contains(text(),'Please enter your password.')]</arg>
<doc>Returns the text value of the element identified by ``locator``.</doc>
<msg timestamp="20210530 20:13:11.810" level="INFO">${get_text} = Please enter your password.</msg>
<status status="PASS" starttime="20210530 20:13:11.791" endtime="20210530 20:13:11.810"/>
</kw>
<kw name="Should Be Equal As Strings" library="BuiltIn">
<arg>Please enter your password.</arg>
<arg>${get_text}</arg>
<doc>Fails if objects are unequal after converting them to strings.</doc>
<status status="PASS" starttime="20210530 20:13:11.810" endtime="20210530 20:13:11.810"/>
</kw>
<status status="PASS" starttime="20210530 20:13:07.697" endtime="20210530 20:13:11.810"/>
</kw>
<kw name="Close Browser" library="SeleniumLibrary" type="TEARDOWN">
<doc>Closes the current browser.</doc>
<status status="PASS" starttime="20210530 20:13:11.811" endtime="20210530 20:13:13.999"/>
</kw>
<doc>"Please enter your password" message should be displayed if no password entered in the Password textbox.</doc>
<tag>Scenario3</tag>
<status status="PASS" starttime="20210530 20:13:07.697" endtime="20210530 20:13:13.999"/>
</test>
<test id="s1-t4" name="User message should be prompt if no Name provided">
<kw name="Do not enter Name">
<doc>Leave Name text box blank and check the user message</doc>
<kw name="Open browser to signup page">
<doc>Open the browser</doc>
<kw name="Open Browser" library="SeleniumLibrary">
<arg>about:blank</arg>
<arg>${browser}</arg>
<doc>Opens a new browser instance to the optional ``url``.</doc>
<msg timestamp="20210530 20:13:14.005" level="INFO">Opening browser 'Chrome' to base url 'about:blank'.</msg>
<status status="PASS" starttime="20210530 20:13:14.005" endtime="20210530 20:13:15.083"/>
</kw>
<kw name="Maximize Browser Window" library="SeleniumLibrary">
<doc>Maximizes current browser window.</doc>
<status status="PASS" starttime="20210530 20:13:15.083" endtime="20210530 20:13:15.211"/>
</kw>
<kw name="Go to miro singup page">
<doc>Open Miro signup page</doc>
<kw name="Go To" library="SeleniumLibrary">
<arg>${miro_signup_url}</arg>
<doc>Navigates the current browser window to the provided ``url``.</doc>
<msg timestamp="20210530 20:13:15.212" level="INFO">Opening url 'https://miro.com/signup/'</msg>
<status status="PASS" starttime="20210530 20:13:15.212" endtime="20210530 20:13:17.435"/>
</kw>
<kw name="Get started free today page should be open">
<doc>Verifies the signup page</doc>
<kw name="Page Should Contain" library="SeleniumLibrary">
<arg>Get started free today</arg>
<doc>Verifies that current page contains ``text``.</doc>
<msg timestamp="20210530 20:13:17.444" level="INFO">Current page contains text 'Get started free today'.</msg>
<status status="PASS" starttime="20210530 20:13:17.435" endtime="20210530 20:13:17.445"/>
</kw>
<status status="PASS" starttime="20210530 20:13:17.435" endtime="20210530 20:13:17.445"/>
</kw>
<status status="PASS" starttime="20210530 20:13:15.211" endtime="20210530 20:13:17.445"/>
</kw>
<status status="PASS" starttime="20210530 20:13:14.005" endtime="20210530 20:13:17.445"/>
</kw>
<kw name="Enter Username">
<arg>${EMPTY}</arg>
<doc>Enters valid name or leave blank</doc>
<kw name="Input Text" library="SeleniumLibrary">
<arg>id:name</arg>
<arg>${username}</arg>
<doc>Types the given ``text`` into the text field identified by ``locator``.</doc>
<msg timestamp="20210530 20:13:17.446" level="INFO">Typing text '' into text field 'id:name'.</msg>
<status status="PASS" starttime="20210530 20:13:17.446" endtime="20210530 20:13:17.498"/>
</kw>
<status status="PASS" starttime="20210530 20:13:17.445" endtime="20210530 20:13:17.498"/>
</kw>
<kw name="Enter EmailID">
<arg>${email_id}</arg>
<doc>Enters valid or invalid email address or leave blank</doc>
<kw name="Input Text" library="SeleniumLibrary">
<arg>id:email</arg>
<arg>${emailid}</arg>
<doc>Types the given ``text`` into the text field identified by ``locator``.</doc>
<msg timestamp="20210530 20:13:17.499" level="INFO">Typing text 'teabcd12345@test.com' into text field 'id:email'.</msg>
<status status="PASS" starttime="20210530 20:13:17.499" endtime="20210530 20:13:17.570"/>
</kw>
<status status="PASS" starttime="20210530 20:13:17.499" endtime="20210530 20:13:17.570"/>
</kw>
<kw name="Enter Password">
<arg>${password}</arg>
<doc>Enters valid or invalid password or leave blank</doc>
<kw name="Input Text" library="SeleniumLibrary">
<arg>id:password</arg>
<arg>${pswd}</arg>
<doc>Types the given ``text`` into the text field identified by ``locator``.</doc>
<msg timestamp="20210530 20:13:17.571" level="INFO">Typing text 'P@ssw0rd_123' into text field 'id:password'.</msg>
<status status="PASS" starttime="20210530 20:13:17.570" endtime="20210530 20:13:17.653"/>
</kw>
<status status="PASS" starttime="20210530 20:13:17.570" endtime="20210530 20:13:17.654"/>
</kw>
<kw name="Select Terms Checkbox">
<doc>Selects Terms and Privacy policy checkbox</doc>
<kw name="Execute Javascript" library="SeleniumLibrary">
<arg>$('#signup-terms').click()</arg>
<doc>Executes the given JavaScript code with possible arguments.</doc>
<msg timestamp="20210530 20:13:17.655" level="INFO">Executing JavaScript:
$('#signup-terms').click()
Without any arguments.</msg>
<status status="PASS" starttime="20210530 20:13:17.654" endtime="20210530 20:13:17.664"/>
</kw>
<status status="PASS" starttime="20210530 20:13:17.654" endtime="20210530 20:13:17.664"/>
</kw>
<kw name="Click Get started now button">
<doc>Clicks on Get started now button</doc>
<kw name="Click Button" library="SeleniumLibrary">
<arg>class:signup__submit</arg>
<doc>Clicks the button identified by ``locator``.</doc>
<msg timestamp="20210530 20:13:17.665" level="INFO">Clicking button 'class:signup__submit'.</msg>
<status status="PASS" starttime="20210530 20:13:17.664" endtime="20210530 20:13:18.560"/>
</kw>
<kw name="Capture Page Screenshot" library="SeleniumLibrary">
<doc>Takes a screenshot of the current page and embeds it into a log file.</doc>
<msg timestamp="20210530 20:13:18.984" level="INFO" html="true">&lt;/td&gt;&lt;/tr&gt;&lt;tr&gt;&lt;td colspan="3"&gt;&lt;a href="selenium-screenshot-5.png"&gt;&lt;img src="selenium-screenshot-5.png" width="800px"&gt;&lt;/a&gt;</msg>
<status status="PASS" starttime="20210530 20:13:18.560" endtime="20210530 20:13:18.984"/>
</kw>
<status status="PASS" starttime="20210530 20:13:17.664" endtime="20210530 20:13:18.984"/>
</kw>
<kw name="Wait Until Element Is Visible" library="SeleniumLibrary">
<arg>xpath://div[contains(text(),'Please enter your name.')]</arg>
<doc>Waits until the element ``locator`` is visible.</doc>
<status status="PASS" starttime="20210530 20:13:18.984" endtime="20210530 20:13:19.013"/>
</kw>
<kw name="Get Text" library="SeleniumLibrary">
<var>${get_text}</var>
<arg>xpath://div[contains(text(),'Please enter your name.')]</arg>
<doc>Returns the text value of the element identified by ``locator``.</doc>
<msg timestamp="20210530 20:13:19.029" level="INFO">${get_text} = Please enter your name.</msg>
<status status="PASS" starttime="20210530 20:13:19.013" endtime="20210530 20:13:19.029"/>
</kw>
<kw name="Should Be Equal As Strings" library="BuiltIn">
<arg>Please enter your name.</arg>
<arg>${get_text}</arg>
<doc>Fails if objects are unequal after converting them to strings.</doc>
<status status="PASS" starttime="20210530 20:13:19.029" endtime="20210530 20:13:19.029"/>
</kw>
<status status="PASS" starttime="20210530 20:13:14.005" endtime="20210530 20:13:19.029"/>
</kw>
<kw name="Close Browser" library="SeleniumLibrary" type="TEARDOWN">
<doc>Closes the current browser.</doc>
<status status="PASS" starttime="20210530 20:13:19.030" endtime="20210530 20:13:21.215"/>
</kw>
<doc>"Please enter your Name" message should be displayed if no Name entered in the Name text box</doc>
<tag>Scenario4</tag>
<status status="PASS" starttime="20210530 20:13:14.005" endtime="20210530 20:13:21.215"/>
</test>
<test id="s1-t5" name="User message should be prompt if no email id provided">
<kw name="Do not enter email">
<doc>Leave email address text box blank and check the user message</doc>
<kw name="Open browser to signup page">
<doc>Open the browser</doc>
<kw name="Open Browser" library="SeleniumLibrary">
<arg>about:blank</arg>
<arg>${browser}</arg>
<doc>Opens a new browser instance to the optional ``url``.</doc>
<msg timestamp="20210530 20:13:21.215" level="INFO">Opening browser 'Chrome' to base url 'about:blank'.</msg>
<status status="PASS" starttime="20210530 20:13:21.215" endtime="20210530 20:13:22.349"/>
</kw>
<kw name="Maximize Browser Window" library="SeleniumLibrary">
<doc>Maximizes current browser window.</doc>
<status status="PASS" starttime="20210530 20:13:22.351" endtime="20210530 20:13:22.473"/>
</kw>
<kw name="Go to miro singup page">
<doc>Open Miro signup page</doc>
<kw name="Go To" library="SeleniumLibrary">
<arg>${miro_signup_url}</arg>
<doc>Navigates the current browser window to the provided ``url``.</doc>
<msg timestamp="20210530 20:13:22.474" level="INFO">Opening url 'https://miro.com/signup/'</msg>
<status status="PASS" starttime="20210530 20:13:22.474" endtime="20210530 20:13:24.769"/>
</kw>
<kw name="Get started free today page should be open">
<doc>Verifies the signup page</doc>
<kw name="Page Should Contain" library="SeleniumLibrary">
<arg>Get started free today</arg>
<doc>Verifies that current page contains ``text``.</doc>
<msg timestamp="20210530 20:13:24.779" level="INFO">Current page contains text 'Get started free today'.</msg>
<status status="PASS" starttime="20210530 20:13:24.769" endtime="20210530 20:13:24.779"/>
</kw>
<status status="PASS" starttime="20210530 20:13:24.769" endtime="20210530 20:13:24.779"/>
</kw>
<status status="PASS" starttime="20210530 20:13:22.473" endtime="20210530 20:13:24.779"/>
</kw>
<status status="PASS" starttime="20210530 20:13:21.215" endtime="20210530 20:13:24.779"/>
</kw>
<kw name="Enter Username">
<arg>${user_name}</arg>
<doc>Enters valid name or leave blank</doc>
<kw name="Input Text" library="SeleniumLibrary">
<arg>id:name</arg>
<arg>${username}</arg>
<doc>Types the given ``text`` into the text field identified by ``locator``.</doc>
<msg timestamp="20210530 20:13:24.780" level="INFO">Typing text 'Abcdefg' into text field 'id:name'.</msg>
<status status="PASS" starttime="20210530 20:13:24.780" endtime="20210530 20:13:24.840"/>
</kw>
<status status="PASS" starttime="20210530 20:13:24.780" endtime="20210530 20:13:24.840"/>
</kw>
<kw name="Enter EmailID">
<arg>${EMPTY}</arg>
<doc>Enters valid or invalid email address or leave blank</doc>
<kw name="Input Text" library="SeleniumLibrary">
<arg>id:email</arg>
<arg>${emailid}</arg>
<doc>Types the given ``text`` into the text field identified by ``locator``.</doc>
<msg timestamp="20210530 20:13:24.841" level="INFO">Typing text '' into text field 'id:email'.</msg>
<status status="PASS" starttime="20210530 20:13:24.841" endtime="20210530 20:13:24.890"/>
</kw>
<status status="PASS" starttime="20210530 20:13:24.840" endtime="20210530 20:13:24.890"/>
</kw>
<kw name="Enter Password">
<arg>${password}</arg>
<doc>Enters valid or invalid password or leave blank</doc>
<kw name="Input Text" library="SeleniumLibrary">
<arg>id:password</arg>
<arg>${pswd}</arg>
<doc>Types the given ``text`` into the text field identified by ``locator``.</doc>
<msg timestamp="20210530 20:13:24.891" level="INFO">Typing text 'P@ssw0rd_123' into text field 'id:password'.</msg>
<status status="PASS" starttime="20210530 20:13:24.891" endtime="20210530 20:13:24.976"/>
</kw>
<status status="PASS" starttime="20210530 20:13:24.890" endtime="20210530 20:13:24.976"/>
</kw>
<kw name="Select Terms Checkbox">
<doc>Selects Terms and Privacy policy checkbox</doc>
<kw name="Execute Javascript" library="SeleniumLibrary">
<arg>$('#signup-terms').click()</arg>
<doc>Executes the given JavaScript code with possible arguments.</doc>
<msg timestamp="20210530 20:13:24.979" level="INFO">Executing JavaScript:
$('#signup-terms').click()
Without any arguments.</msg>
<status status="PASS" starttime="20210530 20:13:24.977" endtime="20210530 20:13:24.986"/>
</kw>
<status status="PASS" starttime="20210530 20:13:24.977" endtime="20210530 20:13:24.986"/>
</kw>
<kw name="Click Get started now button">
<doc>Clicks on Get started now button</doc>
<kw name="Click Button" library="SeleniumLibrary">
<arg>class:signup__submit</arg>
<doc>Clicks the button identified by ``locator``.</doc>
<msg timestamp="20210530 20:13:24.987" level="INFO">Clicking button 'class:signup__submit'.</msg>
<status status="PASS" starttime="20210530 20:13:24.987" endtime="20210530 20:13:25.900"/>
</kw>
<kw name="Capture Page Screenshot" library="SeleniumLibrary">
<doc>Takes a screenshot of the current page and embeds it into a log file.</doc>
<msg timestamp="20210530 20:13:26.299" level="INFO" html="true">&lt;/td&gt;&lt;/tr&gt;&lt;tr&gt;&lt;td colspan="3"&gt;&lt;a href="selenium-screenshot-6.png"&gt;&lt;img src="selenium-screenshot-6.png" width="800px"&gt;&lt;/a&gt;</msg>
<status status="PASS" starttime="20210530 20:13:25.900" endtime="20210530 20:13:26.300"/>
</kw>
<status status="PASS" starttime="20210530 20:13:24.986" endtime="20210530 20:13:26.300"/>
</kw>
<kw name="Get Text" library="SeleniumLibrary">
<var>${get_text}</var>
<arg>xpath://div[contains(text(),'Please enter your email address.')]</arg>
<doc>Returns the text value of the element identified by ``locator``.</doc>
<msg timestamp="20210530 20:13:26.319" level="INFO">${get_text} = Please enter your email address.</msg>
<status status="PASS" starttime="20210530 20:13:26.300" endtime="20210530 20:13:26.319"/>
</kw>
<kw name="Should Be Equal As Strings" library="BuiltIn">
<arg>Please enter your email address.</arg>
<arg>${get_text}</arg>
<doc>Fails if objects are unequal after converting them to strings.</doc>
<status status="PASS" starttime="20210530 20:13:26.320" endtime="20210530 20:13:26.320"/>
</kw>
<status status="PASS" starttime="20210530 20:13:21.215" endtime="20210530 20:13:26.320"/>
</kw>
<kw name="Close Browser" library="SeleniumLibrary" type="TEARDOWN">
<doc>Closes the current browser.</doc>
<status status="PASS" starttime="20210530 20:13:26.321" endtime="20210530 20:13:28.535"/>
</kw>
<doc>"Please enter your Email address" message should be displayed if no email address entered in the email text box</doc>
<tag>Scenario5</tag>
<status status="PASS" starttime="20210530 20:13:21.215" endtime="20210530 20:13:28.535"/>
</test>
<test id="s1-t6" name="User message should be displayed if invalid email address provided">
<kw name="Invalid emailid">
<doc>Enter invalid or incomplete email address in email text box and check the user message.
the values are assigned to all variables in variables section</doc>
<kw name="Open browser to signup page">
<doc>Open the browser</doc>
<kw name="Open Browser" library="SeleniumLibrary">
<arg>about:blank</arg>
<arg>${browser}</arg>
<doc>Opens a new browser instance to the optional ``url``.</doc>
<msg timestamp="20210530 20:13:28.535" level="INFO">Opening browser 'Chrome' to base url 'about:blank'.</msg>
<status status="PASS" starttime="20210530 20:13:28.535" endtime="20210530 20:13:29.666"/>
</kw>
<kw name="Maximize Browser Window" library="SeleniumLibrary">
<doc>Maximizes current browser window.</doc>
<status status="PASS" starttime="20210530 20:13:29.666" endtime="20210530 20:13:29.783"/>
</kw>
<kw name="Go to miro singup page">
<doc>Open Miro signup page</doc>
<kw name="Go To" library="SeleniumLibrary">
<arg>${miro_signup_url}</arg>
<doc>Navigates the current browser window to the provided ``url``.</doc>
<msg timestamp="20210530 20:13:29.783" level="INFO">Opening url 'https://miro.com/signup/'</msg>
<status status="PASS" starttime="20210530 20:13:29.783" endtime="20210530 20:13:31.767"/>
</kw>
<kw name="Get started free today page should be open">
<doc>Verifies the signup page</doc>
<kw name="Page Should Contain" library="SeleniumLibrary">
<arg>Get started free today</arg>
<doc>Verifies that current page contains ``text``.</doc>
<msg timestamp="20210530 20:13:31.778" level="INFO">Current page contains text 'Get started free today'.</msg>
<status status="PASS" starttime="20210530 20:13:31.768" endtime="20210530 20:13:31.779"/>
</kw>
<status status="PASS" starttime="20210530 20:13:31.767" endtime="20210530 20:13:31.779"/>
</kw>
<status status="PASS" starttime="20210530 20:13:29.783" endtime="20210530 20:13:31.779"/>
</kw>
<status status="PASS" starttime="20210530 20:13:28.535" endtime="20210530 20:13:31.779"/>
</kw>
<kw name="Enter Username">
<arg>${user_name}</arg>
<doc>Enters valid name or leave blank</doc>
<kw name="Input Text" library="SeleniumLibrary">
<arg>id:name</arg>
<arg>${username}</arg>
<doc>Types the given ``text`` into the text field identified by ``locator``.</doc>
<msg timestamp="20210530 20:13:31.780" level="INFO">Typing text 'Abcdefg' into text field 'id:name'.</msg>
<status status="PASS" starttime="20210530 20:13:31.779" endtime="20210530 20:13:31.847"/>
</kw>
<status status="PASS" starttime="20210530 20:13:31.779" endtime="20210530 20:13:31.847"/>
</kw>
<kw name="Enter EmailID">
<arg>abcdef_ghij@gmil</arg>
<doc>Enters valid or invalid email address or leave blank</doc>
<kw name="Input Text" library="SeleniumLibrary">
<arg>id:email</arg>
<arg>${emailid}</arg>
<doc>Types the given ``text`` into the text field identified by ``locator``.</doc>
<msg timestamp="20210530 20:13:31.848" level="INFO">Typing text 'abcdef_ghij@gmil' into text field 'id:email'.</msg>
<status status="PASS" starttime="20210530 20:13:31.847" endtime="20210530 20:13:31.917"/>
</kw>
<status status="PASS" starttime="20210530 20:13:31.847" endtime="20210530 20:13:31.917"/>
</kw>
<kw name="Enter Password">
<arg>${password}</arg>
<doc>Enters valid or invalid password or leave blank</doc>
<kw name="Input Text" library="SeleniumLibrary">
<arg>id:password</arg>
<arg>${pswd}</arg>
<doc>Types the given ``text`` into the text field identified by ``locator``.</doc>
<msg timestamp="20210530 20:13:31.918" level="INFO">Typing text 'P@ssw0rd_123' into text field 'id:password'.</msg>
<status status="PASS" starttime="20210530 20:13:31.917" endtime="20210530 20:13:32.006"/>
</kw>
<status status="PASS" starttime="20210530 20:13:31.917" endtime="20210530 20:13:32.006"/>
</kw>
<kw name="Select Terms Checkbox">
<doc>Selects Terms and Privacy policy checkbox</doc>
<kw name="Execute Javascript" library="SeleniumLibrary">
<arg>$('#signup-terms').click()</arg>
<doc>Executes the given JavaScript code with possible arguments.</doc>
<msg timestamp="20210530 20:13:32.007" level="INFO">Executing JavaScript:
$('#signup-terms').click()
Without any arguments.</msg>
<status status="PASS" starttime="20210530 20:13:32.007" endtime="20210530 20:13:32.016"/>
</kw>
<status status="PASS" starttime="20210530 20:13:32.007" endtime="20210530 20:13:32.016"/>
</kw>
<kw name="Click Get started now button">
<doc>Clicks on Get started now button</doc>
<kw name="Click Button" library="SeleniumLibrary">
<arg>class:signup__submit</arg>
<doc>Clicks the button identified by ``locator``.</doc>
<msg timestamp="20210530 20:13:32.017" level="INFO">Clicking button 'class:signup__submit'.</msg>
<status status="PASS" starttime="20210530 20:13:32.017" endtime="20210530 20:13:32.985"/>
</kw>
<kw name="Capture Page Screenshot" library="SeleniumLibrary">
<doc>Takes a screenshot of the current page and embeds it into a log file.</doc>
<msg timestamp="20210530 20:13:33.364" level="INFO" html="true">&lt;/td&gt;&lt;/tr&gt;&lt;tr&gt;&lt;td colspan="3"&gt;&lt;a href="selenium-screenshot-7.png"&gt;&lt;img src="selenium-screenshot-7.png" width="800px"&gt;&lt;/a&gt;</msg>
<status status="PASS" starttime="20210530 20:13:32.985" endtime="20210530 20:13:33.364"/>
</kw>
<status status="PASS" starttime="20210530 20:13:32.017" endtime="20210530 20:13:33.364"/>
</kw>
<kw name="Get Text" library="SeleniumLibrary">
<var>${get_text}</var>
<arg>xpath://div[contains(text(),'This doesn’t look like an email address. Please ch')]</arg>
<doc>Returns the text value of the element identified by ``locator``.</doc>
<msg timestamp="20210530 20:13:33.382" level="INFO">${get_text} = This doesn’t look like an email address. Please check it for typos and try again.</msg>
<status status="PASS" starttime="20210530 20:13:33.364" endtime="20210530 20:13:33.382"/>
</kw>
<kw name="Should Be Equal As Strings" library="BuiltIn">
<arg>This doesn’t look like an email address. Please check it for typos and try again.</arg>
<arg>${get_text}</arg>
<doc>Fails if objects are unequal after converting them to strings.</doc>
<status status="PASS" starttime="20210530 20:13:33.382" endtime="20210530 20:13:33.383"/>
</kw>
<status status="PASS" starttime="20210530 20:13:28.535" endtime="20210530 20:13:33.383"/>
</kw>
<kw name="Close Browser" library="SeleniumLibrary" type="TEARDOWN">
<doc>Closes the current browser.</doc>
<status status="PASS" starttime="20210530 20:13:33.383" endtime="20210530 20:13:36.023"/>
</kw>
<doc>"This doesn’t look like an email address. Please check it for typos and try again." message should be displayed if invalid email addess provided</doc>
<tag>Scenario6</tag>
<status status="PASS" starttime="20210530 20:13:28.535" endtime="20210530 20:13:36.023"/>
</test>
<test id="s1-t7" name="Should not allow the user to register if already registered email address provided">
<kw name="Already registed email address">
<doc>Enter already registered email id and check whether the message to the user is prompt</doc>
<kw name="Open browser to signup page">
<doc>Open the browser</doc>
<kw name="Open Browser" library="SeleniumLibrary">
<arg>about:blank</arg>
<arg>${browser}</arg>
<doc>Opens a new browser instance to the optional ``url``.</doc>
<msg timestamp="20210530 20:13:36.023" level="INFO">Opening browser 'Chrome' to base url 'about:blank'.</msg>
<status status="PASS" starttime="20210530 20:13:36.023" endtime="20210530 20:13:37.191"/>
</kw>
<kw name="Maximize Browser Window" library="SeleniumLibrary">
<doc>Maximizes current browser window.</doc>
<status status="PASS" starttime="20210530 20:13:37.191" endtime="20210530 20:13:37.309"/>
</kw>
<kw name="Go to miro singup page">
<doc>Open Miro signup page</doc>
<kw name="Go To" library="SeleniumLibrary">
<arg>${miro_signup_url}</arg>
<doc>Navigates the current browser window to the provided ``url``.</doc>
<msg timestamp="20210530 20:13:37.309" level="INFO">Opening url 'https://miro.com/signup/'</msg>
<status status="PASS" starttime="20210530 20:13:37.309" endtime="20210530 20:13:39.277"/>
</kw>
<kw name="Get started free today page should be open">
<doc>Verifies the signup page</doc>
<kw name="Page Should Contain" library="SeleniumLibrary">
<arg>Get started free today</arg>
<doc>Verifies that current page contains ``text``.</doc>
<msg timestamp="20210530 20:13:39.289" level="INFO">Current page contains text 'Get started free today'.</msg>
<status status="PASS" starttime="20210530 20:13:39.278" endtime="20210530 20:13:39.289"/>
</kw>
<status status="PASS" starttime="20210530 20:13:39.278" endtime="20210530 20:13:39.289"/>
</kw>
<status status="PASS" starttime="20210530 20:13:37.309" endtime="20210530 20:13:39.289"/>
</kw>
<status status="PASS" starttime="20210530 20:13:36.023" endtime="20210530 20:13:39.289"/>
</kw>
<kw name="Enter Username">
<arg>${user_name}</arg>
<doc>Enters valid name or leave blank</doc>
<kw name="Input Text" library="SeleniumLibrary">
<arg>id:name</arg>
<arg>${username}</arg>
<doc>Types the given ``text`` into the text field identified by ``locator``.</doc>
<msg timestamp="20210530 20:13:39.290" level="INFO">Typing text 'Abcdefg' into text field 'id:name'.</msg>
<status status="PASS" starttime="20210530 20:13:39.290" endtime="20210530 20:13:39.352"/>
</kw>
<status status="PASS" starttime="20210530 20:13:39.289" endtime="20210530 20:13:39.352"/>
</kw>
<kw name="Enter EmailID">
<arg>${email_id}</arg>
<doc>Enters valid or invalid email address or leave blank</doc>
<kw name="Input Text" library="SeleniumLibrary">
<arg>id:email</arg>
<arg>${emailid}</arg>
<doc>Types the given ``text`` into the text field identified by ``locator``.</doc>
<msg timestamp="20210530 20:13:39.352" level="INFO">Typing text 'teabcd12345@test.com' into text field 'id:email'.</msg>
<status status="PASS" starttime="20210530 20:13:39.352" endtime="20210530 20:13:39.414"/>
</kw>
<status status="PASS" starttime="20210530 20:13:39.352" endtime="20210530 20:13:39.415"/>
</kw>
<kw name="Enter Password">
<arg>${password}</arg>
<doc>Enters valid or invalid password or leave blank</doc>
<kw name="Input Text" library="SeleniumLibrary">
<arg>id:password</arg>
<arg>${pswd}</arg>
<doc>Types the given ``text`` into the text field identified by ``locator``.</doc>
<msg timestamp="20210530 20:13:39.415" level="INFO">Typing text 'P@ssw0rd_123' into text field 'id:password'.</msg>
<status status="PASS" starttime="20210530 20:13:39.415" endtime="20210530 20:13:39.499"/>
</kw>
<status status="PASS" starttime="20210530 20:13:39.415" endtime="20210530 20:13:39.499"/>
</kw>
<kw name="Select Terms Checkbox">
<doc>Selects Terms and Privacy policy checkbox</doc>
<kw name="Execute Javascript" library="SeleniumLibrary">
<arg>$('#signup-terms').click()</arg>
<doc>Executes the given JavaScript code with possible arguments.</doc>
<msg timestamp="20210530 20:13:39.500" level="INFO">Executing JavaScript:
$('#signup-terms').click()
Without any arguments.</msg>
<status status="PASS" starttime="20210530 20:13:39.500" endtime="20210530 20:13:39.506"/>
</kw>
<status status="PASS" starttime="20210530 20:13:39.499" endtime="20210530 20:13:39.506"/>
</kw>
<kw name="Click Get started now button">
<doc>Clicks on Get started now button</doc>
<kw name="Click Button" library="SeleniumLibrary">
<arg>class:signup__submit</arg>
<doc>Clicks the button identified by ``locator``.</doc>
<msg timestamp="20210530 20:13:39.507" level="INFO">Clicking button 'class:signup__submit'.</msg>
<status status="PASS" starttime="20210530 20:13:39.507" endtime="20210530 20:13:40.380"/>
</kw>
<kw name="Capture Page Screenshot" library="SeleniumLibrary">
<doc>Takes a screenshot of the current page and embeds it into a log file.</doc>
<msg timestamp="20210530 20:13:40.830" level="INFO" html="true">&lt;/td&gt;&lt;/tr&gt;&lt;tr&gt;&lt;td colspan="3"&gt;&lt;a href="selenium-screenshot-8.png"&gt;&lt;img src="selenium-screenshot-8.png" width="800px"&gt;&lt;/a&gt;</msg>
<status status="PASS" starttime="20210530 20:13:40.380" endtime="20210530 20:13:40.830"/>
</kw>
<status status="PASS" starttime="20210530 20:13:39.506" endtime="20210530 20:13:40.830"/>
</kw>
<kw name="Get Text" library="SeleniumLibrary">
<var>${get_text}</var>
<arg>xpath://div[contains(text(),'Sorry, this email is already registered')]</arg>
<doc>Returns the text value of the element identified by ``locator``.</doc>
<msg timestamp="20210530 20:13:40.850" level="INFO">${get_text} = Sorry, this email is already registered</msg>
<status status="PASS" starttime="20210530 20:13:40.830" endtime="20210530 20:13:40.850"/>
</kw>
<kw name="Should Be Equal As Strings" library="BuiltIn">
<arg>Sorry, this email is already registered</arg>
<arg>${get_text}</arg>
<doc>Fails if objects are unequal after converting them to strings.</doc>
<status status="PASS" starttime="20210530 20:13:40.850" endtime="20210530 20:13:40.851"/>
</kw>
<status status="PASS" starttime="20210530 20:13:36.023" endtime="20210530 20:13:40.851"/>
</kw>
<kw name="Close Browser" library="SeleniumLibrary" type="TEARDOWN">
<doc>Closes the current browser.</doc>
<status status="PASS" starttime="20210530 20:13:40.851" endtime="20210530 20:13:43.060"/>
</kw>
<doc>Check if the system allows the user to register the account when passing already registered email address</doc>
<tag>Scenario7</tag>
<status status="PASS" starttime="20210530 20:13:36.023" endtime="20210530 20:13:43.060"/>
</test>
<test id="s1-t8" name="Verify password policy">
<kw name="Check the password">
<doc>Throws warning message if the password not meets the password policy.</doc>
<kw name="Open browser to signup page">
<doc>Open the browser</doc>
<kw name="Open Browser" library="SeleniumLibrary">
<arg>about:blank</arg>
<arg>${browser}</arg>
<doc>Opens a new browser instance to the optional ``url``.</doc>
<msg timestamp="20210530 20:13:43.060" level="INFO">Opening browser 'Chrome' to base url 'about:blank'.</msg>
<status status="PASS" starttime="20210530 20:13:43.060" endtime="20210530 20:13:44.200"/>
</kw>
<kw name="Maximize Browser Window" library="SeleniumLibrary">
<doc>Maximizes current browser window.</doc>
<status status="PASS" starttime="20210530 20:13:44.200" endtime="20210530 20:13:44.327"/>
</kw>
<kw name="Go to miro singup page">
<doc>Open Miro signup page</doc>
<kw name="Go To" library="SeleniumLibrary">
<arg>${miro_signup_url}</arg>
<doc>Navigates the current browser window to the provided ``url``.</doc>
<msg timestamp="20210530 20:13:44.329" level="INFO">Opening url 'https://miro.com/signup/'</msg>
<status status="PASS" starttime="20210530 20:13:44.328" endtime="20210530 20:13:46.155"/>
</kw>
<kw name="Get started free today page should be open">
<doc>Verifies the signup page</doc>
<kw name="Page Should Contain" library="SeleniumLibrary">
<arg>Get started free today</arg>
<doc>Verifies that current page contains ``text``.</doc>
<msg timestamp="20210530 20:13:46.167" level="INFO">Current page contains text 'Get started free today'.</msg>
<status status="PASS" starttime="20210530 20:13:46.155" endtime="20210530 20:13:46.168"/>
</kw>
<status status="PASS" starttime="20210530 20:13:46.155" endtime="20210530 20:13:46.168"/>
</kw>
<status status="PASS" starttime="20210530 20:13:44.327" endtime="20210530 20:13:46.168"/>
</kw>
<status status="PASS" starttime="20210530 20:13:43.060" endtime="20210530 20:13:46.168"/>
</kw>
<kw name="Enter Username">
<arg>${user_name}</arg>
<doc>Enters valid name or leave blank</doc>
<kw name="Input Text" library="SeleniumLibrary">
<arg>id:name</arg>
<arg>${username}</arg>
<doc>Types the given ``text`` into the text field identified by ``locator``.</doc>
<msg timestamp="20210530 20:13:46.168" level="INFO">Typing text 'Abcdefg' into text field 'id:name'.</msg>
<status status="PASS" starttime="20210530 20:13:46.168" endtime="20210530 20:13:46.226"/>
</kw>
<status status="PASS" starttime="20210530 20:13:46.168" endtime="20210530 20:13:46.226"/>
</kw>
<kw name="Enter EmailID">
<arg>${email_id}</arg>
<doc>Enters valid or invalid email address or leave blank</doc>
<kw name="Input Text" library="SeleniumLibrary">
<arg>id:email</arg>
<arg>${emailid}</arg>
<doc>Types the given ``text`` into the text field identified by ``locator``.</doc>
<msg timestamp="20210530 20:13:46.227" level="INFO">Typing text 'teabcd12345@test.com' into text field 'id:email'.</msg>
<status status="PASS" starttime="20210530 20:13:46.227" endtime="20210530 20:13:46.297"/>
</kw>
<status status="PASS" starttime="20210530 20:13:46.226" endtime="20210530 20:13:46.297"/>
</kw>
<kw name="Create List" library="BuiltIn">
<var>@{password_list}</var>
<arg>abcd</arg>
<arg>password</arg>
<arg>Welc@me1234</arg>
<arg>Welc@me_1234</arg>
<doc>Returns a list containing given items.</doc>
<msg timestamp="20210530 20:13:46.297" level="INFO">@{password_list} = [ abcd | password | Welc@me1234 | Welc@me_1234 ]</msg>
<status status="PASS" starttime="20210530 20:13:46.297" endtime="20210530 20:13:46.297"/>
</kw>
<for flavor="IN">
<var>${pswd}</var>
<value>@{password_list}</value>
<iter>
<var name="${pswd}">abcd</var>
<kw name="Log" library="BuiltIn">
<arg>${pswd}</arg>
<doc>Logs the given message with the given level.</doc>
<msg timestamp="20210530 20:13:46.298" level="INFO">abcd</msg>
<status status="PASS" starttime="20210530 20:13:46.298" endtime="20210530 20:13:46.298"/>
</kw>
<kw name="Enter Password">
<arg>${pswd}</arg>
<doc>Enters valid or invalid password or leave blank</doc>
<kw name="Input Text" library="SeleniumLibrary">
<arg>id:password</arg>
<arg>${pswd}</arg>
<doc>Types the given ``text`` into the text field identified by ``locator``.</doc>
<msg timestamp="20210530 20:13:46.298" level="INFO">Typing text 'abcd' into text field 'id:password'.</msg>
<status status="PASS" starttime="20210530 20:13:46.298" endtime="20210530 20:13:46.356"/>
</kw>
<status status="PASS" starttime="20210530 20:13:46.298" endtime="20210530 20:13:46.357"/>
</kw>
<kw name="Get Length" library="BuiltIn">
<var>${length_pswrd}</var>
<arg>${pswd}</arg>
<doc>Returns and logs the length of the given item as an integer.</doc>
<msg timestamp="20210530 20:13:46.357" level="INFO">Length is 4</msg>
<msg timestamp="20210530 20:13:46.357" level="INFO">${length_pswrd} = 4</msg>
<status status="PASS" starttime="20210530 20:13:46.357" endtime="20210530 20:13:46.357"/>
</kw>
<kw name="Run Keyword If" library="BuiltIn">
<arg>${length_pswrd} &lt;= 7</arg>
<arg>Check the message if password &lt;8 char</arg>
<arg>ELSE IF</arg>
<arg>${length_pswrd} &gt;= 8 and ${length_pswrd} &lt;=9</arg>
<arg>Check the message if password &gt;=8 and &lt;=9 char</arg>
<arg>ELSE IF</arg>
<arg>${length_pswrd} &gt;9 and ${length_pswrd}&lt;=11</arg>
<arg>Check the message if password &gt;9 and &lt;=11 char</arg>
<arg>ELSE IF</arg>
<arg>${length_pswrd} &gt;11</arg>
<arg>Check the message if password &gt;11</arg>
<doc>Runs the given keyword with the given arguments, if ``condition`` is true.</doc>
<kw name="Check the message if password &lt;8 char">
<kw name="Wait Until Element Is Visible" library="SeleniumLibrary">
<arg>xpath://div[contains(text(),'Please use 8+ characters for secure password')]</arg>
<doc>Waits until the element ``locator`` is visible.</doc>
<status status="PASS" starttime="20210530 20:13:46.358" endtime="20210530 20:13:47.034"/>
</kw>
<kw name="Get Text" library="SeleniumLibrary">
<var>${get_warning}</var>
<arg>xpath://div[contains(text(),'Please use 8+ characters for secure password')]</arg>
<doc>Returns the text value of the element identified by ``locator``.</doc>
<msg timestamp="20210530 20:13:47.050" level="INFO">${get_warning} = Please use 8+ characters for secure password</msg>
<status status="PASS" starttime="20210530 20:13:47.034" endtime="20210530 20:13:47.050"/>
</kw>
<kw name="Should Be Equal As Strings" library="BuiltIn">
<arg>Please use 8+ characters for secure password</arg>
<arg>${get_warning}</arg>
<doc>Fails if objects are unequal after converting them to strings.</doc>
<status status="PASS" starttime="20210530 20:13:47.050" endtime="20210530 20:13:47.050"/>
</kw>
<status status="PASS" starttime="20210530 20:13:46.358" endtime="20210530 20:13:47.050"/>
</kw>
<status status="PASS" starttime="20210530 20:13:46.357" endtime="20210530 20:13:47.050"/>
</kw>
<status status="PASS" starttime="20210530 20:13:46.297" endtime="20210530 20:13:47.050"/>
</iter>
<iter>
<var name="${pswd}">password</var>
<kw name="Log" library="BuiltIn">
<arg>${pswd}</arg>
<doc>Logs the given message with the given level.</doc>
<msg timestamp="20210530 20:13:47.050" level="INFO">password</msg>
<status status="PASS" starttime="20210530 20:13:47.050" endtime="20210530 20:13:47.050"/>
</kw>
<kw name="Enter Password">
<arg>${pswd}</arg>
<doc>Enters valid or invalid password or leave blank</doc>
<kw name="Input Text" library="SeleniumLibrary">
<arg>id:password</arg>
<arg>${pswd}</arg>
<doc>Types the given ``text`` into the text field identified by ``locator``.</doc>
<msg timestamp="20210530 20:13:47.050" level="INFO">Typing text 'password' into text field 'id:password'.</msg>
<status status="PASS" starttime="20210530 20:13:47.050" endtime="20210530 20:13:47.113"/>
</kw>
<status status="PASS" starttime="20210530 20:13:47.050" endtime="20210530 20:13:47.113"/>
</kw>
<kw name="Get Length" library="BuiltIn">
<var>${length_pswrd}</var>
<arg>${pswd}</arg>
<doc>Returns and logs the length of the given item as an integer.</doc>
<msg timestamp="20210530 20:13:47.114" level="INFO">Length is 8</msg>
<msg timestamp="20210530 20:13:47.114" level="INFO">${length_pswrd} = 8</msg>
<status status="PASS" starttime="20210530 20:13:47.113" endtime="20210530 20:13:47.114"/>
</kw>
<kw name="Run Keyword If" library="BuiltIn">
<arg>${length_pswrd} &lt;= 7</arg>
<arg>Check the message if password &lt;8 char</arg>
<arg>ELSE IF</arg>
<arg>${length_pswrd} &gt;= 8 and ${length_pswrd} &lt;=9</arg>
<arg>Check the message if password &gt;=8 and &lt;=9 char</arg>
<arg>ELSE IF</arg>
<arg>${length_pswrd} &gt;9 and ${length_pswrd}&lt;=11</arg>
<arg>Check the message if password &gt;9 and &lt;=11 char</arg>
<arg>ELSE IF</arg>
<arg>${length_pswrd} &gt;11</arg>
<arg>Check the message if password &gt;11</arg>
<doc>Runs the given keyword with the given arguments, if ``condition`` is true.</doc>
<kw name="Check the message if password &gt;=8 and &lt;=9 char">
<kw name="Wait Until Element Is Visible" library="SeleniumLibrary">
<arg>xpath://div[contains(text(),'So-so password')]</arg>
<doc>Waits until the element ``locator`` is visible.</doc>
<status status="PASS" starttime="20210530 20:13:47.115" endtime="20210530 20:13:47.131"/>
</kw>
<kw name="Get Text" library="SeleniumLibrary">
<var>${get_warning}</var>
<arg>xpath://div[contains(text(),'So-so password')]</arg>
<doc>Returns the text value of the element identified by ``locator``.</doc>
<msg timestamp="20210530 20:13:47.141" level="INFO">${get_warning} = So-so password</msg>
<status status="PASS" starttime="20210530 20:13:47.131" endtime="20210530 20:13:47.141"/>
</kw>
<kw name="Should Be Equal As Strings" library="BuiltIn">
<arg>So-so password</arg>
<arg>${get_warning}</arg>
<doc>Fails if objects are unequal after converting them to strings.</doc>
<status status="PASS" starttime="20210530 20:13:47.141" endtime="20210530 20:13:47.141"/>
</kw>
<status status="PASS" starttime="20210530 20:13:47.115" endtime="20210530 20:13:47.141"/>
</kw>
<status status="PASS" starttime="20210530 20:13:47.114" endtime="20210530 20:13:47.141"/>
</kw>
<status status="PASS" starttime="20210530 20:13:47.050" endtime="20210530 20:13:47.141"/>
</iter>
<iter>
<var name="${pswd}">Welc@me1234</var>
<kw name="Log" library="BuiltIn">
<arg>${pswd}</arg>
<doc>Logs the given message with the given level.</doc>
<msg timestamp="20210530 20:13:47.141" level="INFO">Welc@me1234</msg>
<status status="PASS" starttime="20210530 20:13:47.141" endtime="20210530 20:13:47.141"/>
</kw>
<kw name="Enter Password">
<arg>${pswd}</arg>
<doc>Enters valid or invalid password or leave blank</doc>
<kw name="Input Text" library="SeleniumLibrary">
<arg>id:password</arg>
<arg>${pswd}</arg>
<doc>Types the given ``text`` into the text field identified by ``locator``.</doc>
<msg timestamp="20210530 20:13:47.142" level="INFO">Typing text 'Welc@me1234' into text field 'id:password'.</msg>
<status status="PASS" starttime="20210530 20:13:47.142" endtime="20210530 20:13:47.203"/>
</kw>
<status status="PASS" starttime="20210530 20:13:47.142" endtime="20210530 20:13:47.203"/>
</kw>
<kw name="Get Length" library="BuiltIn">
<var>${length_pswrd}</var>
<arg>${pswd}</arg>
<doc>Returns and logs the length of the given item as an integer.</doc>
<msg timestamp="20210530 20:13:47.203" level="INFO">Length is 11</msg>
<msg timestamp="20210530 20:13:47.203" level="INFO">${length_pswrd} = 11</msg>
<status status="PASS" starttime="20210530 20:13:47.203" endtime="20210530 20:13:47.203"/>
</kw>
<kw name="Run Keyword If" library="BuiltIn">
<arg>${length_pswrd} &lt;= 7</arg>
<arg>Check the message if password &lt;8 char</arg>
<arg>ELSE IF</arg>
<arg>${length_pswrd} &gt;= 8 and ${length_pswrd} &lt;=9</arg>
<arg>Check the message if password &gt;=8 and &lt;=9 char</arg>
<arg>ELSE IF</arg>
<arg>${length_pswrd} &gt;9 and ${length_pswrd}&lt;=11</arg>
<arg>Check the message if password &gt;9 and &lt;=11 char</arg>
<arg>ELSE IF</arg>
<arg>${length_pswrd} &gt;11</arg>
<arg>Check the message if password &gt;11</arg>
<doc>Runs the given keyword with the given arguments, if ``condition`` is true.</doc>
<kw name="Check the message if password &gt;9 and &lt;=11 char">
<kw name="Wait Until Element Is Visible" library="SeleniumLibrary">
<arg>xpath://div[contains(text(),'Good password')]</arg>
<doc>Waits until the element ``locator`` is visible.</doc>
<status status="PASS" starttime="20210530 20:13:47.204" endtime="20210530 20:13:47.220"/>
</kw>
<kw name="Get Text" library="SeleniumLibrary">
<var>${get_warning}</var>
<arg>xpath://div[contains(text(),'Good password')]</arg>
<doc>Returns the text value of the element identified by ``locator``.</doc>
<msg timestamp="20210530 20:13:47.232" level="INFO">${get_warning} = Good password</msg>
<status status="PASS" starttime="20210530 20:13:47.220" endtime="20210530 20:13:47.232"/>
</kw>
<kw name="Should Be Equal As Strings" library="BuiltIn">
<arg>Good password</arg>
<arg>${get_warning}</arg>
<doc>Fails if objects are unequal after converting them to strings.</doc>
<status status="PASS" starttime="20210530 20:13:47.232" endtime="20210530 20:13:47.232"/>
</kw>
<status status="PASS" starttime="20210530 20:13:47.204" endtime="20210530 20:13:47.233"/>
</kw>
<status status="PASS" starttime="20210530 20:13:47.204" endtime="20210530 20:13:47.233"/>
</kw>
<status status="PASS" starttime="20210530 20:13:47.141" endtime="20210530 20:13:47.233"/>
</iter>
<iter>
<var name="${pswd}">Welc@me_1234</var>
<kw name="Log" library="BuiltIn">
<arg>${pswd}</arg>
<doc>Logs the given message with the given level.</doc>
<msg timestamp="20210530 20:13:47.233" level="INFO">Welc@me_1234</msg>
<status status="PASS" starttime="20210530 20:13:47.233" endtime="20210530 20:13:47.233"/>
</kw>
<kw name="Enter Password">
<arg>${pswd}</arg>
<doc>Enters valid or invalid password or leave blank</doc>
<kw name="Input Text" library="SeleniumLibrary">
<arg>id:password</arg>
<arg>${pswd}</arg>
<doc>Types the given ``text`` into the text field identified by ``locator``.</doc>
<msg timestamp="20210530 20:13:47.233" level="INFO">Typing text 'Welc@me_1234' into text field 'id:password'.</msg>
<status status="PASS" starttime="20210530 20:13:47.233" endtime="20210530 20:13:47.292"/>
</kw>
<status status="PASS" starttime="20210530 20:13:47.233" endtime="20210530 20:13:47.292"/>
</kw>
<kw name="Get Length" library="BuiltIn">
<var>${length_pswrd}</var>
<arg>${pswd}</arg>
<doc>Returns and logs the length of the given item as an integer.</doc>
<msg timestamp="20210530 20:13:47.293" level="INFO">Length is 12</msg>
<msg timestamp="20210530 20:13:47.293" level="INFO">${length_pswrd} = 12</msg>
<status status="PASS" starttime="20210530 20:13:47.292" endtime="20210530 20:13:47.293"/>
</kw>
<kw name="Run Keyword If" library="BuiltIn">
<arg>${length_pswrd} &lt;= 7</arg>
<arg>Check the message if password &lt;8 char</arg>
<arg>ELSE IF</arg>
<arg>${length_pswrd} &gt;= 8 and ${length_pswrd} &lt;=9</arg>
<arg>Check the message if password &gt;=8 and &lt;=9 char</arg>
<arg>ELSE IF</arg>
<arg>${length_pswrd} &gt;9 and ${length_pswrd}&lt;=11</arg>
<arg>Check the message if password &gt;9 and &lt;=11 char</arg>
<arg>ELSE IF</arg>
<arg>${length_pswrd} &gt;11</arg>
<arg>Check the message if password &gt;11</arg>
<doc>Runs the given keyword with the given arguments, if ``condition`` is true.</doc>
<kw name="Check the message if password &gt;11">
<kw name="Wait Until Element Is Visible" library="SeleniumLibrary">
<arg>xpath://div[contains(text(),'Great password')]</arg>
<doc>Waits until the element ``locator`` is visible.</doc>
<status status="PASS" starttime="20210530 20:13:47.294" endtime="20210530 20:13:47.310"/>
</kw>
<kw name="Get Text" library="SeleniumLibrary">
<var>${get_warning}</var>
<arg>xpath://div[contains(text(),'Great password')]</arg>
<doc>Returns the text value of the element identified by ``locator``.</doc>
<msg timestamp="20210530 20:13:47.320" level="INFO">${get_warning} = Great password</msg>
<status status="PASS" starttime="20210530 20:13:47.310" endtime="20210530 20:13:47.320"/>
</kw>
<kw name="Should Be Equal As Strings" library="BuiltIn">
<arg>Great password</arg>
<arg>${get_warning}</arg>
<doc>Fails if objects are unequal after converting them to strings.</doc>
<status status="PASS" starttime="20210530 20:13:47.321" endtime="20210530 20:13:47.321"/>
</kw>
<status status="PASS" starttime="20210530 20:13:47.294" endtime="20210530 20:13:47.321"/>
</kw>
<status status="PASS" starttime="20210530 20:13:47.293" endtime="20210530 20:13:47.321"/>
</kw>
<status status="PASS" starttime="20210530 20:13:47.233" endtime="20210530 20:13:47.321"/>
</iter>
<status status="PASS" starttime="20210530 20:13:46.297" endtime="20210530 20:13:47.321"/>
</for>
<status status="PASS" starttime="20210530 20:13:43.060" endtime="20210530 20:13:47.321"/>
</kw>
<kw name="Close Browser" library="SeleniumLibrary" type="TEARDOWN">
<doc>Closes the current browser.</doc>
<status status="PASS" starttime="20210530 20:13:47.322" endtime="20210530 20:13:49.504"/>
</kw>
<doc>Verifies the password meets the password policy</doc>
<tag>Scenario9</tag>
<status status="PASS" starttime="20210530 20:13:43.060" endtime="20210530 20:13:49.504"/>
</test>
<doc>Sample test for Miro signup</doc>
<status status="PASS" starttime="20210530 20:12:52.336" endtime="20210530 20:13:49.510"/>
</suite>
<statistics>
<total>
<stat pass="8" fail="0" skip="0">All Tests</stat>
</total>
<tag>
<stat pass="1" fail="0" skip="0">Scenario1</stat>
<stat pass="1" fail="0" skip="0">Scenario2</stat>
<stat pass="1" fail="0" skip="0">Scenario3</stat>
<stat pass="1" fail="0" skip="0">Scenario4</stat>
<stat pass="1" fail="0" skip="0">Scenario5</stat>
<stat pass="1" fail="0" skip="0">Scenario6</stat>
<stat pass="1" fail="0" skip="0">Scenario7</stat>
<stat pass="1" fail="0" skip="0">Scenario9</stat>
</tag>
<suite>
<stat pass="8" fail="0" skip="0" id="s1" name="Miro Signup test">Miro Signup test</stat>
</suite>
</statistics>
<errors>
</errors>
</robot>
