<?xml version="1.0" encoding="UTF-8"?>
<robot generator="Robot 4.0 (Python 3.9.2 on win32)" generated="20210602 16:55:36.663" rpa="false" schemaversion="2">
<suite id="s1" name="Miro Signup test" source="C:\Users\ranan\Git\Miro\Miro_Test\tests\TestScript\Miro_Signup_test.robot">
<test id="s1-t1" name="Successfull Signup">
<kw name="Open browser to signup page" type="SETUP">
<doc>Open the browser</doc>
<kw name="Open Browser" library="SeleniumLibrary">
<arg>about:blank</arg>
<arg>${browser}</arg>
<doc>Opens a new browser instance to the optional ``url``.</doc>
<msg timestamp="20210602 16:55:36.979" level="INFO">Opening browser 'Chrome' to base url 'about:blank'.</msg>
<status status="PASS" starttime="20210602 16:55:36.978" endtime="20210602 16:55:38.522"/>
</kw>
<kw name="Maximize Browser Window" library="SeleniumLibrary">
<doc>Maximizes current browser window.</doc>
<status status="PASS" starttime="20210602 16:55:38.522" endtime="20210602 16:55:38.657"/>
</kw>
<kw name="Go to miro singup page">
<doc>Open Miro signup page</doc>
<kw name="Go To" library="SeleniumLibrary">
<arg>${miro_signup_url}</arg>
<doc>Navigates the current browser window to the provided ``url``.</doc>
<msg timestamp="20210602 16:55:38.659" level="INFO">Opening url 'https://miro.com/signup/'</msg>
<status status="PASS" starttime="20210602 16:55:38.659" endtime="20210602 16:55:49.215"/>
</kw>
<kw name="Get started free today page should be open">
<doc>Verifies the signup page</doc>
<kw name="Page Should Contain" library="SeleniumLibrary">
<arg>Get started free today</arg>
<doc>Verifies that current page contains ``text``.</doc>
<msg timestamp="20210602 16:55:49.275" level="INFO">Current page contains text 'Get started free today'.</msg>
<status status="PASS" starttime="20210602 16:55:49.218" endtime="20210602 16:55:49.276"/>
</kw>
<status status="PASS" starttime="20210602 16:55:49.215" endtime="20210602 16:55:49.276"/>
</kw>
<status status="PASS" starttime="20210602 16:55:38.657" endtime="20210602 16:55:49.277"/>
</kw>
<status status="PASS" starttime="20210602 16:55:36.978" endtime="20210602 16:55:49.277"/>
</kw>
<kw name="Create Miro account">
<doc>Successfull creation of the account to Miro</doc>
<kw name="Enter Username">
<arg>${user_name}</arg>
<doc>Enters valid name or leave blank</doc>
<kw name="Input Text" library="SeleniumLibrary">
<arg>id:name</arg>
<arg>${username}</arg>
<doc>Types the given ``text`` into the text field identified by ``locator``.</doc>
<msg timestamp="20210602 16:55:49.281" level="INFO">Typing text 'Abcdefg' into text field 'id:name'.</msg>
<status status="PASS" starttime="20210602 16:55:49.280" endtime="20210602 16:55:49.471"/>
</kw>
<status status="PASS" starttime="20210602 16:55:49.279" endtime="20210602 16:55:49.472"/>
</kw>
<kw name="Enter EmailID">
<arg>${email_id}</arg>
<doc>Enters valid or invalid email address or leave blank</doc>
<kw name="Input Text" library="SeleniumLibrary">
<arg>id:email</arg>
<arg>${emailid}</arg>
<doc>Types the given ``text`` into the text field identified by ``locator``.</doc>
<msg timestamp="20210602 16:55:49.472" level="INFO">Typing text 'teabcd12345@test.com' into text field 'id:email'.</msg>
<status status="PASS" starttime="20210602 16:55:49.472" endtime="20210602 16:55:49.617"/>
</kw>
<status status="PASS" starttime="20210602 16:55:49.472" endtime="20210602 16:55:49.617"/>
</kw>
<kw name="Enter Password">
<arg>${password}</arg>
<doc>Enters valid or invalid password or leave blank</doc>
<kw name="Input Text" library="SeleniumLibrary">
<arg>id:password</arg>
<arg>${pswd}</arg>
<doc>Types the given ``text`` into the text field identified by ``locator``.</doc>
<msg timestamp="20210602 16:55:49.618" level="INFO">Typing text 'P@ssw0rd_123' into text field 'id:password'.</msg>
<status status="PASS" starttime="20210602 16:55:49.618" endtime="20210602 16:55:49.782"/>
</kw>
<status status="PASS" starttime="20210602 16:55:49.617" endtime="20210602 16:55:49.782"/>
</kw>
<kw name="Select Terms Checkbox">
<doc>Selects Terms and Privacy policy checkbox</doc>
<kw name="Execute Javascript" library="SeleniumLibrary">
<arg>$('#signup-terms').click()</arg>
<doc>Executes the given JavaScript code with possible arguments.</doc>
<msg timestamp="20210602 16:55:49.783" level="INFO">Executing JavaScript:
$('#signup-terms').click()
Without any arguments.</msg>
<status status="PASS" starttime="20210602 16:55:49.783" endtime="20210602 16:55:49.797"/>
</kw>
<status status="PASS" starttime="20210602 16:55:49.782" endtime="20210602 16:55:49.797"/>
</kw>
<kw name="Click on Get started now button">
<doc>Clicks on Get started now</doc>
<kw name="Capture Page Screenshot" library="SeleniumLibrary">
<doc>Takes a screenshot of the current page and embeds it into a log file.</doc>
<msg timestamp="20210602 16:55:50.498" level="INFO" html="true">&lt;/td&gt;&lt;/tr&gt;&lt;tr&gt;&lt;td colspan="3"&gt;&lt;a href="selenium-screenshot-13.png"&gt;&lt;img src="selenium-screenshot-13.png" width="800px"&gt;&lt;/a&gt;</msg>
<status status="PASS" starttime="20210602 16:55:49.798" endtime="20210602 16:55:50.498"/>
</kw>
<kw name="Click Button" library="SeleniumLibrary">
<arg>class:signup__submit</arg>
<doc>Clicks the button identified by ``locator``.</doc>
<msg timestamp="20210602 16:55:50.498" level="INFO">Clicking button 'class:signup__submit'.</msg>
<status status="PASS" starttime="20210602 16:55:50.498" endtime="20210602 16:55:52.100"/>
</kw>
<kw name="Capture Page Screenshot" library="SeleniumLibrary">
<doc>Takes a screenshot of the current page and embeds it into a log file.</doc>
<msg timestamp="20210602 16:55:52.739" level="INFO" html="true">&lt;/td&gt;&lt;/tr&gt;&lt;tr&gt;&lt;td colspan="3"&gt;&lt;a href="selenium-screenshot-14.png"&gt;&lt;img src="selenium-screenshot-14.png" width="800px"&gt;&lt;/a&gt;</msg>
<status status="PASS" starttime="20210602 16:55:52.101" endtime="20210602 16:55:52.739"/>
</kw>
<kw name="Get Title" library="SeleniumLibrary">
<var>${page_title}</var>
<doc>Returns the title of the current page.</doc>
<msg timestamp="20210602 16:55:52.749" level="INFO">${page_title} = Sign up | Miro | Online Whiteboard for Visual Collaboration</msg>
<status status="PASS" starttime="20210602 16:55:52.739" endtime="20210602 16:55:52.749"/>
</kw>
<kw name="Run Keyword If" library="BuiltIn">
<arg>"${page_title}" == "Please check your email, Online Whiteboard | Miro"</arg>
<arg>Verify email confirmation page opened</arg>
<arg>ELSE</arg>
<arg>Existing email id</arg>
<doc>Runs the given keyword with the given arguments, if ``condition`` is true.</doc>
<kw name="Existing email id">
<doc>Verifies the message if existing email id provided</doc>
<kw name="Get Text" library="SeleniumLibrary">
<var>${get_text}</var>
<arg>xpath://div[contains(text(),'Sorry, this email is already registered')]</arg>
<doc>Returns the text value of the element identified by ``locator``.</doc>
<msg timestamp="20210602 16:55:52.797" level="INFO">${get_text} = Sorry, this email is already registered</msg>
<status status="PASS" starttime="20210602 16:55:52.751" endtime="20210602 16:55:52.797"/>
</kw>
<kw name="Should Be Equal As Strings" library="BuiltIn">
<arg>Sorry, this email is already registered</arg>
<arg>${get_text}</arg>
<doc>Fails if objects are unequal after converting them to strings.</doc>
<status status="PASS" starttime="20210602 16:55:52.797" endtime="20210602 16:55:52.797"/>
</kw>
<status status="PASS" starttime="20210602 16:55:52.749" endtime="20210602 16:55:52.797"/>
</kw>
<status status="PASS" starttime="20210602 16:55:52.749" endtime="20210602 16:55:52.797"/>
</kw>
<status status="PASS" starttime="20210602 16:55:49.798" endtime="20210602 16:55:52.797"/>
</kw>
<status status="PASS" starttime="20210602 16:55:49.278" endtime="20210602 16:55:52.797"/>
</kw>
<kw name="Close Browser" library="SeleniumLibrary" type="TEARDOWN">
<doc>Closes the current browser.</doc>
<status status="PASS" starttime="20210602 16:55:52.800" endtime="20210602 16:55:55.094"/>
</kw>
<doc>This test case will verify the successfull creation of the account with Miro.</doc>
<tag>Scenario1</tag>
<status status="PASS" starttime="20210602 16:55:36.976" endtime="20210602 16:55:55.095"/>
</test>
<test id="s1-t2" name="No account should be created if Terms and Privacy policy checkbox not selected">
<kw name="Open browser to signup page" type="SETUP">
<doc>Open the browser</doc>
<kw name="Open Browser" library="SeleniumLibrary">
<arg>about:blank</arg>
<arg>${browser}</arg>
<doc>Opens a new browser instance to the optional ``url``.</doc>
<msg timestamp="20210602 16:55:55.104" level="INFO">Opening browser 'Chrome' to base url 'about:blank'.</msg>
<status status="PASS" starttime="20210602 16:55:55.103" endtime="20210602 16:55:56.484"/>
</kw>
<kw name="Maximize Browser Window" library="SeleniumLibrary">
<doc>Maximizes current browser window.</doc>
<status status="PASS" starttime="20210602 16:55:56.484" endtime="20210602 16:55:56.612"/>
</kw>
<kw name="Go to miro singup page">
<doc>Open Miro signup page</doc>
<kw name="Go To" library="SeleniumLibrary">
<arg>${miro_signup_url}</arg>
<doc>Navigates the current browser window to the provided ``url``.</doc>
<msg timestamp="20210602 16:55:56.614" level="INFO">Opening url 'https://miro.com/signup/'</msg>
<status status="PASS" starttime="20210602 16:55:56.614" endtime="20210602 16:55:59.161"/>
</kw>
<kw name="Get started free today page should be open">
<doc>Verifies the signup page</doc>
<kw name="Page Should Contain" library="SeleniumLibrary">
<arg>Get started free today</arg>
<doc>Verifies that current page contains ``text``.</doc>
<msg timestamp="20210602 16:55:59.180" level="INFO">Current page contains text 'Get started free today'.</msg>
<status status="PASS" starttime="20210602 16:55:59.163" endtime="20210602 16:55:59.180"/>
</kw>
<status status="PASS" starttime="20210602 16:55:59.162" endtime="20210602 16:55:59.181"/>
</kw>
<status status="PASS" starttime="20210602 16:55:56.613" endtime="20210602 16:55:59.181"/>
</kw>
<status status="PASS" starttime="20210602 16:55:55.102" endtime="20210602 16:55:59.181"/>
</kw>
<kw name="Do not select Terms and Privacy policy">
<doc>Do not select the Terms and Privacy policy checkbox</doc>
<kw name="Enter Username">
<arg>${user_name}</arg>
<doc>Enters valid name or leave blank</doc>
<kw name="Input Text" library="SeleniumLibrary">
<arg>id:name</arg>
<arg>${username}</arg>
<doc>Types the given ``text`` into the text field identified by ``locator``.</doc>
<msg timestamp="20210602 16:55:59.182" level="INFO">Typing text 'Abcdefg' into text field 'id:name'.</msg>
<status status="PASS" starttime="20210602 16:55:59.182" endtime="20210602 16:55:59.301"/>
</kw>
<status status="PASS" starttime="20210602 16:55:59.182" endtime="20210602 16:55:59.301"/>
</kw>
<kw name="Enter EmailID">
<arg>${email_id}</arg>
<doc>Enters valid or invalid email address or leave blank</doc>
<kw name="Input Text" library="SeleniumLibrary">
<arg>id:email</arg>
<arg>${emailid}</arg>
<doc>Types the given ``text`` into the text field identified by ``locator``.</doc>
<msg timestamp="20210602 16:55:59.303" level="INFO">Typing text 'teabcd12345@test.com' into text field 'id:email'.</msg>
<status status="PASS" starttime="20210602 16:55:59.302" endtime="20210602 16:55:59.422"/>
</kw>
<status status="PASS" starttime="20210602 16:55:59.302" endtime="20210602 16:55:59.422"/>
</kw>
<kw name="Enter Password">
<arg>${password}</arg>
<doc>Enters valid or invalid password or leave blank</doc>
<kw name="Input Text" library="SeleniumLibrary">
<arg>id:password</arg>
<arg>${pswd}</arg>
<doc>Types the given ``text`` into the text field identified by ``locator``.</doc>
<msg timestamp="20210602 16:55:59.424" level="INFO">Typing text 'P@ssw0rd_123' into text field 'id:password'.</msg>
<status status="PASS" starttime="20210602 16:55:59.423" endtime="20210602 16:55:59.575"/>
</kw>
<status status="PASS" starttime="20210602 16:55:59.422" endtime="20210602 16:55:59.576"/>
</kw>
<kw name="Click Get started now button">
<doc>Clicks on Get started now button</doc>
<kw name="Click Button" library="SeleniumLibrary">
<arg>class:signup__submit</arg>
<doc>Clicks the button identified by ``locator``.</doc>
<msg timestamp="20210602 16:55:59.577" level="INFO">Clicking button 'class:signup__submit'.</msg>
<status status="PASS" starttime="20210602 16:55:59.577" endtime="20210602 16:56:00.837"/>
</kw>
<kw name="Capture Page Screenshot" library="SeleniumLibrary">
<doc>Takes a screenshot of the current page and embeds it into a log file.</doc>
<msg timestamp="20210602 16:56:01.389" level="INFO" html="true">&lt;/td&gt;&lt;/tr&gt;&lt;tr&gt;&lt;td colspan="3"&gt;&lt;a href="selenium-screenshot-15.png"&gt;&lt;img src="selenium-screenshot-15.png" width="800px"&gt;&lt;/a&gt;</msg>
<status status="PASS" starttime="20210602 16:56:00.837" endtime="20210602 16:56:01.389"/>
</kw>
<status status="PASS" starttime="20210602 16:55:59.576" endtime="20210602 16:56:01.389"/>
</kw>
<kw name="Get Text" library="SeleniumLibrary">
<var>${get_text}</var>
<arg>xpath://div[contains(text(),'Please agree with the Terms to sign up.')]</arg>
<doc>Returns the text value of the element identified by ``locator``.</doc>
<msg timestamp="20210602 16:56:01.416" level="INFO">${get_text} = Please agree with the Terms to sign up.</msg>
<status status="PASS" starttime="20210602 16:56:01.389" endtime="20210602 16:56:01.416"/>
</kw>
<kw name="Should Be Equal As Strings" library="BuiltIn">
<arg>Please agree with the Terms to sign up.</arg>
<arg>${get_text}</arg>
<doc>Fails if objects are unequal after converting them to strings.</doc>
<status status="PASS" starttime="20210602 16:56:01.417" endtime="20210602 16:56:01.417"/>
</kw>
<status status="PASS" starttime="20210602 16:55:59.181" endtime="20210602 16:56:01.417"/>
</kw>
<kw name="Close Browser" library="SeleniumLibrary" type="TEARDOWN">
<doc>Closes the current browser.</doc>
<status status="PASS" starttime="20210602 16:56:01.418" endtime="20210602 16:56:03.665"/>
</kw>
<doc>This test case will verify whether terms and privacy policy is selected.</doc>
<tag>Scenario2</tag>
<status status="PASS" starttime="20210602 16:55:55.100" endtime="20210602 16:56:03.666"/>
</test>
<test id="s1-t3" name="User message should be prompt if no password provided">
<kw name="Open browser to signup page" type="SETUP">
<doc>Open the browser</doc>
<kw name="Open Browser" library="SeleniumLibrary">
<arg>about:blank</arg>
<arg>${browser}</arg>
<doc>Opens a new browser instance to the optional ``url``.</doc>
<msg timestamp="20210602 16:56:03.671" level="INFO">Opening browser 'Chrome' to base url 'about:blank'.</msg>
<status status="PASS" starttime="20210602 16:56:03.671" endtime="20210602 16:56:04.932"/>
</kw>
<kw name="Maximize Browser Window" library="SeleniumLibrary">
<doc>Maximizes current browser window.</doc>
<status status="PASS" starttime="20210602 16:56:04.932" endtime="20210602 16:56:05.062"/>
</kw>
<kw name="Go to miro singup page">
<doc>Open Miro signup page</doc>
<kw name="Go To" library="SeleniumLibrary">
<arg>${miro_signup_url}</arg>
<doc>Navigates the current browser window to the provided ``url``.</doc>
<msg timestamp="20210602 16:56:05.066" level="INFO">Opening url 'https://miro.com/signup/'</msg>
<status status="PASS" starttime="20210602 16:56:05.065" endtime="20210602 16:56:07.914"/>
</kw>
<kw name="Get started free today page should be open">
<doc>Verifies the signup page</doc>
<kw name="Page Should Contain" library="SeleniumLibrary">
<arg>Get started free today</arg>
<doc>Verifies that current page contains ``text``.</doc>
<msg timestamp="20210602 16:56:07.933" level="INFO">Current page contains text 'Get started free today'.</msg>
<status status="PASS" starttime="20210602 16:56:07.915" endtime="20210602 16:56:07.933"/>
</kw>
<status status="PASS" starttime="20210602 16:56:07.915" endtime="20210602 16:56:07.934"/>
</kw>
<status status="PASS" starttime="20210602 16:56:05.063" endtime="20210602 16:56:07.934"/>
</kw>
<status status="PASS" starttime="20210602 16:56:03.670" endtime="20210602 16:56:07.934"/>
</kw>
<kw name="Do not enter the password">
<doc>Leave password text box blank and check the user message</doc>
<kw name="Enter Username">
<arg>${user_name}</arg>
<doc>Enters valid name or leave blank</doc>
<kw name="Input Text" library="SeleniumLibrary">
<arg>id:name</arg>
<arg>${username}</arg>
<doc>Types the given ``text`` into the text field identified by ``locator``.</doc>
<msg timestamp="20210602 16:56:07.937" level="INFO">Typing text 'Abcdefg' into text field 'id:name'.</msg>
<status status="PASS" starttime="20210602 16:56:07.936" endtime="20210602 16:56:08.042"/>
</kw>
<status status="PASS" starttime="20210602 16:56:07.936" endtime="20210602 16:56:08.042"/>
</kw>
<kw name="Enter EmailID">
<arg>${email_id}</arg>
<doc>Enters valid or invalid email address or leave blank</doc>
<kw name="Input Text" library="SeleniumLibrary">
<arg>id:email</arg>
<arg>${emailid}</arg>
<doc>Types the given ``text`` into the text field identified by ``locator``.</doc>
<msg timestamp="20210602 16:56:08.043" level="INFO">Typing text 'teabcd12345@test.com' into text field 'id:email'.</msg>
<status status="PASS" starttime="20210602 16:56:08.042" endtime="20210602 16:56:08.162"/>
</kw>
<status status="PASS" starttime="20210602 16:56:08.042" endtime="20210602 16:56:08.163"/>
</kw>
<kw name="Enter Password">
<arg>${EMPTY}</arg>
<doc>Enters valid or invalid password or leave blank</doc>
<kw name="Input Text" library="SeleniumLibrary">
<arg>id:password</arg>
<arg>${pswd}</arg>
<doc>Types the given ``text`` into the text field identified by ``locator``.</doc>
<msg timestamp="20210602 16:56:08.166" level="INFO">Typing text '' into text field 'id:password'.</msg>
<status status="PASS" starttime="20210602 16:56:08.165" endtime="20210602 16:56:08.272"/>
</kw>
<status status="PASS" starttime="20210602 16:56:08.163" endtime="20210602 16:56:08.272"/>
</kw>
<kw name="Select Terms Checkbox">
<doc>Selects Terms and Privacy policy checkbox</doc>
<kw name="Execute Javascript" library="SeleniumLibrary">
<arg>$('#signup-terms').click()</arg>
<doc>Executes the given JavaScript code with possible arguments.</doc>
<msg timestamp="20210602 16:56:08.274" level="INFO">Executing JavaScript:
$('#signup-terms').click()
Without any arguments.</msg>
<status status="PASS" starttime="20210602 16:56:08.273" endtime="20210602 16:56:08.289"/>
</kw>
<status status="PASS" starttime="20210602 16:56:08.272" endtime="20210602 16:56:08.290"/>
</kw>
<kw name="Click Get started now button">
<doc>Clicks on Get started now button</doc>
<kw name="Click Button" library="SeleniumLibrary">
<arg>class:signup__submit</arg>
<doc>Clicks the button identified by ``locator``.</doc>
<msg timestamp="20210602 16:56:08.292" level="INFO">Clicking button 'class:signup__submit'.</msg>
<status status="PASS" starttime="20210602 16:56:08.291" endtime="20210602 16:56:08.545"/>
</kw>
<kw name="Capture Page Screenshot" library="SeleniumLibrary">
<doc>Takes a screenshot of the current page and embeds it into a log file.</doc>
<msg timestamp="20210602 16:56:09.323" level="INFO" html="true">&lt;/td&gt;&lt;/tr&gt;&lt;tr&gt;&lt;td colspan="3"&gt;&lt;a href="selenium-screenshot-16.png"&gt;&lt;img src="selenium-screenshot-16.png" width="800px"&gt;&lt;/a&gt;</msg>
<status status="PASS" starttime="20210602 16:56:08.546" endtime="20210602 16:56:09.324"/>
</kw>
<status status="PASS" starttime="20210602 16:56:08.290" endtime="20210602 16:56:09.324"/>
</kw>
<kw name="Get Text" library="SeleniumLibrary">
<var>${get_text}</var>
<arg>xpath://div[contains(text(),'Please enter your password.')]</arg>
<doc>Returns the text value of the element identified by ``locator``.</doc>
<msg timestamp="20210602 16:56:09.371" level="INFO">${get_text} = Please enter your password.</msg>
<status status="PASS" starttime="20210602 16:56:09.324" endtime="20210602 16:56:09.371"/>
</kw>
<kw name="Should Be Equal As Strings" library="BuiltIn">
<arg>Please enter your password.</arg>
<arg>${get_text}</arg>
<doc>Fails if objects are unequal after converting them to strings.</doc>
<status status="PASS" starttime="20210602 16:56:09.371" endtime="20210602 16:56:09.371"/>
</kw>
<status status="PASS" starttime="20210602 16:56:07.935" endtime="20210602 16:56:09.371"/>
</kw>
<kw name="Close Browser" library="SeleniumLibrary" type="TEARDOWN">
<doc>Closes the current browser.</doc>
<status status="PASS" starttime="20210602 16:56:09.372" endtime="20210602 16:56:11.705"/>
</kw>
<doc>"Please enter your password" message should be displayed if no password entered in the Password textbox.</doc>
<tag>Scenario3</tag>
<status status="PASS" starttime="20210602 16:56:03.669" endtime="20210602 16:56:11.706"/>
</test>
<test id="s1-t4" name="User message should be prompt if no Name provided">
<kw name="Open browser to signup page" type="SETUP">
<doc>Open the browser</doc>
<kw name="Open Browser" library="SeleniumLibrary">
<arg>about:blank</arg>
<arg>${browser}</arg>
<doc>Opens a new browser instance to the optional ``url``.</doc>
<msg timestamp="20210602 16:56:11.713" level="INFO">Opening browser 'Chrome' to base url 'about:blank'.</msg>
<status status="PASS" starttime="20210602 16:56:11.713" endtime="20210602 16:56:13.035"/>
</kw>
<kw name="Maximize Browser Window" library="SeleniumLibrary">
<doc>Maximizes current browser window.</doc>
<status status="PASS" starttime="20210602 16:56:13.036" endtime="20210602 16:56:13.182"/>
</kw>
<kw name="Go to miro singup page">
<doc>Open Miro signup page</doc>
<kw name="Go To" library="SeleniumLibrary">
<arg>${miro_signup_url}</arg>
<doc>Navigates the current browser window to the provided ``url``.</doc>
<msg timestamp="20210602 16:56:13.183" level="INFO">Opening url 'https://miro.com/signup/'</msg>
<status status="PASS" starttime="20210602 16:56:13.183" endtime="20210602 16:56:16.047"/>
</kw>
<kw name="Get started free today page should be open">
<doc>Verifies the signup page</doc>
<kw name="Page Should Contain" library="SeleniumLibrary">
<arg>Get started free today</arg>
<doc>Verifies that current page contains ``text``.</doc>
<msg timestamp="20210602 16:56:16.067" level="INFO">Current page contains text 'Get started free today'.</msg>
<status status="PASS" starttime="20210602 16:56:16.048" endtime="20210602 16:56:16.068"/>
</kw>
<status status="PASS" starttime="20210602 16:56:16.048" endtime="20210602 16:56:16.068"/>
</kw>
<status status="PASS" starttime="20210602 16:56:13.182" endtime="20210602 16:56:16.068"/>
</kw>
<status status="PASS" starttime="20210602 16:56:11.712" endtime="20210602 16:56:16.068"/>
</kw>
<kw name="Do not enter Name">
<doc>Leave Name text box blank and check the user message</doc>
<kw name="Enter Username">
<arg>${EMPTY}</arg>
<doc>Enters valid name or leave blank</doc>
<kw name="Input Text" library="SeleniumLibrary">
<arg>id:name</arg>
<arg>${username}</arg>
<doc>Types the given ``text`` into the text field identified by ``locator``.</doc>
<msg timestamp="20210602 16:56:16.070" level="INFO">Typing text '' into text field 'id:name'.</msg>
<status status="PASS" starttime="20210602 16:56:16.070" endtime="20210602 16:56:16.163"/>
</kw>
<status status="PASS" starttime="20210602 16:56:16.070" endtime="20210602 16:56:16.163"/>
</kw>
<kw name="Enter EmailID">
<arg>${email_id}</arg>
<doc>Enters valid or invalid email address or leave blank</doc>
<kw name="Input Text" library="SeleniumLibrary">
<arg>id:email</arg>
<arg>${emailid}</arg>
<doc>Types the given ``text`` into the text field identified by ``locator``.</doc>
<msg timestamp="20210602 16:56:16.165" level="INFO">Typing text 'teabcd12345@test.com' into text field 'id:email'.</msg>
<status status="PASS" starttime="20210602 16:56:16.164" endtime="20210602 16:56:16.307"/>
</kw>
<status status="PASS" starttime="20210602 16:56:16.164" endtime="20210602 16:56:16.307"/>
</kw>
<kw name="Enter Password">
<arg>${password}</arg>
<doc>Enters valid or invalid password or leave blank</doc>
<kw name="Input Text" library="SeleniumLibrary">
<arg>id:password</arg>
<arg>${pswd}</arg>
<doc>Types the given ``text`` into the text field identified by ``locator``.</doc>
<msg timestamp="20210602 16:56:16.308" level="INFO">Typing text 'P@ssw0rd_123' into text field 'id:password'.</msg>
<status status="PASS" starttime="20210602 16:56:16.307" endtime="20210602 16:56:16.479"/>
</kw>
<status status="PASS" starttime="20210602 16:56:16.307" endtime="20210602 16:56:16.479"/>
</kw>
<kw name="Select Terms Checkbox">
<doc>Selects Terms and Privacy policy checkbox</doc>
<kw name="Execute Javascript" library="SeleniumLibrary">
<arg>$('#signup-terms').click()</arg>
<doc>Executes the given JavaScript code with possible arguments.</doc>
<msg timestamp="20210602 16:56:16.481" level="INFO">Executing JavaScript:
$('#signup-terms').click()
Without any arguments.</msg>
<status status="PASS" starttime="20210602 16:56:16.480" endtime="20210602 16:56:16.498"/>
</kw>
<status status="PASS" starttime="20210602 16:56:16.479" endtime="20210602 16:56:16.498"/>
</kw>
<kw name="Click Get started now button">
<doc>Clicks on Get started now button</doc>
<kw name="Click Button" library="SeleniumLibrary">
<arg>class:signup__submit</arg>
<doc>Clicks the button identified by ``locator``.</doc>
<msg timestamp="20210602 16:56:16.500" level="INFO">Clicking button 'class:signup__submit'.</msg>
<status status="PASS" starttime="20210602 16:56:16.500" endtime="20210602 16:56:17.846"/>
</kw>
<kw name="Capture Page Screenshot" library="SeleniumLibrary">
<doc>Takes a screenshot of the current page and embeds it into a log file.</doc>
<msg timestamp="20210602 16:56:18.537" level="INFO" html="true">&lt;/td&gt;&lt;/tr&gt;&lt;tr&gt;&lt;td colspan="3"&gt;&lt;a href="selenium-screenshot-17.png"&gt;&lt;img src="selenium-screenshot-17.png" width="800px"&gt;&lt;/a&gt;</msg>
<status status="PASS" starttime="20210602 16:56:17.846" endtime="20210602 16:56:18.537"/>
</kw>
<status status="PASS" starttime="20210602 16:56:16.498" endtime="20210602 16:56:18.537"/>
</kw>
<kw name="Wait Until Element Is Visible" library="SeleniumLibrary">
<arg>xpath://div[contains(text(),'Please enter your name.')]</arg>
<doc>Waits until the element ``locator`` is visible.</doc>
<status status="PASS" starttime="20210602 16:56:18.537" endtime="20210602 16:56:18.587"/>
</kw>
<kw name="Get Text" library="SeleniumLibrary">
<var>${get_text}</var>
<arg>xpath://div[contains(text(),'Please enter your name.')]</arg>
<doc>Returns the text value of the element identified by ``locator``.</doc>
<msg timestamp="20210602 16:56:18.627" level="INFO">${get_text} = Please enter your name.</msg>
<status status="PASS" starttime="20210602 16:56:18.587" endtime="20210602 16:56:18.627"/>
</kw>
<kw name="Should Be Equal As Strings" library="BuiltIn">
<arg>Please enter your name.</arg>
<arg>${get_text}</arg>
<doc>Fails if objects are unequal after converting them to strings.</doc>
<status status="PASS" starttime="20210602 16:56:18.627" endtime="20210602 16:56:18.627"/>
</kw>
<status status="PASS" starttime="20210602 16:56:16.069" endtime="20210602 16:56:18.627"/>
</kw>
<kw name="Close Browser" library="SeleniumLibrary" type="TEARDOWN">
<doc>Closes the current browser.</doc>
<status status="PASS" starttime="20210602 16:56:18.629" endtime="20210602 16:56:20.909"/>
</kw>
<doc>"Please enter your Name" message should be displayed if no Name entered in the Name text box</doc>
<tag>Scenario4</tag>
<status status="PASS" starttime="20210602 16:56:11.710" endtime="20210602 16:56:20.910"/>
</test>
<test id="s1-t5" name="User message should be prompt if no email id provided">
<kw name="Open browser to signup page" type="SETUP">
<doc>Open the browser</doc>
<kw name="Open Browser" library="SeleniumLibrary">
<arg>about:blank</arg>
<arg>${browser}</arg>
<doc>Opens a new browser instance to the optional ``url``.</doc>
<msg timestamp="20210602 16:56:20.918" level="INFO">Opening browser 'Chrome' to base url 'about:blank'.</msg>
<status status="PASS" starttime="20210602 16:56:20.917" endtime="20210602 16:56:22.298"/>
</kw>
<kw name="Maximize Browser Window" library="SeleniumLibrary">
<doc>Maximizes current browser window.</doc>
<status status="PASS" starttime="20210602 16:56:22.298" endtime="20210602 16:56:22.422"/>
</kw>
<kw name="Go to miro singup page">
<doc>Open Miro signup page</doc>
<kw name="Go To" library="SeleniumLibrary">
<arg>${miro_signup_url}</arg>
<doc>Navigates the current browser window to the provided ``url``.</doc>
<msg timestamp="20210602 16:56:22.422" level="INFO">Opening url 'https://miro.com/signup/'</msg>
<status status="PASS" starttime="20210602 16:56:22.422" endtime="20210602 16:56:25.382"/>
</kw>
<kw name="Get started free today page should be open">
<doc>Verifies the signup page</doc>
<kw name="Page Should Contain" library="SeleniumLibrary">
<arg>Get started free today</arg>
<doc>Verifies that current page contains ``text``.</doc>
<msg timestamp="20210602 16:56:25.427" level="INFO">Current page contains text 'Get started free today'.</msg>
<status status="PASS" starttime="20210602 16:56:25.384" endtime="20210602 16:56:25.427"/>
</kw>
<status status="PASS" starttime="20210602 16:56:25.382" endtime="20210602 16:56:25.428"/>
</kw>
<status status="PASS" starttime="20210602 16:56:22.422" endtime="20210602 16:56:25.428"/>
</kw>
<status status="PASS" starttime="20210602 16:56:20.917" endtime="20210602 16:56:25.429"/>
</kw>
<kw name="Do not enter email">
<doc>Leave email address text box blank and check the user message</doc>
<kw name="Enter Username">
<arg>${user_name}</arg>
<doc>Enters valid name or leave blank</doc>
<kw name="Input Text" library="SeleniumLibrary">
<arg>id:name</arg>
<arg>${username}</arg>
<doc>Types the given ``text`` into the text field identified by ``locator``.</doc>
<msg timestamp="20210602 16:56:25.434" level="INFO">Typing text 'Abcdefg' into text field 'id:name'.</msg>
<status status="PASS" starttime="20210602 16:56:25.433" endtime="20210602 16:56:25.551"/>
</kw>
<status status="PASS" starttime="20210602 16:56:25.431" endtime="20210602 16:56:25.551"/>
</kw>
<kw name="Enter EmailID">
<arg>${EMPTY}</arg>
<doc>Enters valid or invalid email address or leave blank</doc>
<kw name="Input Text" library="SeleniumLibrary">
<arg>id:email</arg>
<arg>${emailid}</arg>
<doc>Types the given ``text`` into the text field identified by ``locator``.</doc>
<msg timestamp="20210602 16:56:25.555" level="INFO">Typing text '' into text field 'id:email'.</msg>
<status status="PASS" starttime="20210602 16:56:25.554" endtime="20210602 16:56:25.653"/>
</kw>
<status status="PASS" starttime="20210602 16:56:25.552" endtime="20210602 16:56:25.653"/>
</kw>
<kw name="Enter Password">
<arg>${password}</arg>
<doc>Enters valid or invalid password or leave blank</doc>
<kw name="Input Text" library="SeleniumLibrary">
<arg>id:password</arg>
<arg>${pswd}</arg>
<doc>Types the given ``text`` into the text field identified by ``locator``.</doc>
<msg timestamp="20210602 16:56:25.653" level="INFO">Typing text 'P@ssw0rd_123' into text field 'id:password'.</msg>
<status status="PASS" starttime="20210602 16:56:25.653" endtime="20210602 16:56:25.867"/>
</kw>
<status status="PASS" starttime="20210602 16:56:25.653" endtime="20210602 16:56:25.867"/>
</kw>
<kw name="Select Terms Checkbox">
<doc>Selects Terms and Privacy policy checkbox</doc>
<kw name="Execute Javascript" library="SeleniumLibrary">
<arg>$('#signup-terms').click()</arg>
<doc>Executes the given JavaScript code with possible arguments.</doc>
<msg timestamp="20210602 16:56:25.869" level="INFO">Executing JavaScript:
$('#signup-terms').click()
Without any arguments.</msg>
<status status="PASS" starttime="20210602 16:56:25.868" endtime="20210602 16:56:25.883"/>
</kw>
<status status="PASS" starttime="20210602 16:56:25.868" endtime="20210602 16:56:25.884"/>
</kw>
<kw name="Click Get started now button">
<doc>Clicks on Get started now button</doc>
<kw name="Click Button" library="SeleniumLibrary">
<arg>class:signup__submit</arg>
<doc>Clicks the button identified by ``locator``.</doc>
<msg timestamp="20210602 16:56:25.888" level="INFO">Clicking button 'class:signup__submit'.</msg>
<status status="PASS" starttime="20210602 16:56:25.886" endtime="20210602 16:56:27.021"/>
</kw>
<kw name="Capture Page Screenshot" library="SeleniumLibrary">
<doc>Takes a screenshot of the current page and embeds it into a log file.</doc>
<msg timestamp="20210602 16:56:27.659" level="INFO" html="true">&lt;/td&gt;&lt;/tr&gt;&lt;tr&gt;&lt;td colspan="3"&gt;&lt;a href="selenium-screenshot-18.png"&gt;&lt;img src="selenium-screenshot-18.png" width="800px"&gt;&lt;/a&gt;</msg>
<status status="PASS" starttime="20210602 16:56:27.021" endtime="20210602 16:56:27.659"/>
</kw>
<status status="PASS" starttime="20210602 16:56:25.884" endtime="20210602 16:56:27.660"/>
</kw>
<kw name="Get Text" library="SeleniumLibrary">
<var>${get_text}</var>
<arg>xpath://div[contains(text(),'Please enter your email address.')]</arg>
<doc>Returns the text value of the element identified by ``locator``.</doc>
<msg timestamp="20210602 16:56:27.683" level="INFO">${get_text} = Please enter your email address.</msg>
<status status="PASS" starttime="20210602 16:56:27.660" endtime="20210602 16:56:27.683"/>
</kw>
<kw name="Should Be Equal As Strings" library="BuiltIn">
<arg>Please enter your email address.</arg>
<arg>${get_text}</arg>
<doc>Fails if objects are unequal after converting them to strings.</doc>
<status status="PASS" starttime="20210602 16:56:27.683" endtime="20210602 16:56:27.684"/>
</kw>
<status status="PASS" starttime="20210602 16:56:25.430" endtime="20210602 16:56:27.684"/>
</kw>
<kw name="Close Browser" library="SeleniumLibrary" type="TEARDOWN">
<doc>Closes the current browser.</doc>
<status status="PASS" starttime="20210602 16:56:27.684" endtime="20210602 16:56:30.736"/>
</kw>
<doc>"Please enter your Email address" message should be displayed if no email address entered in the email text box</doc>
<tag>Scenario5</tag>
<status status="PASS" starttime="20210602 16:56:20.914" endtime="20210602 16:56:30.738"/>
</test>
<test id="s1-t6" name="User message should be displayed if invalid email address provided">
<kw name="Open browser to signup page" type="SETUP">
<doc>Open the browser</doc>
<kw name="Open Browser" library="SeleniumLibrary">
<arg>about:blank</arg>
<arg>${browser}</arg>
<doc>Opens a new browser instance to the optional ``url``.</doc>
<msg timestamp="20210602 16:56:30.747" level="INFO">Opening browser 'Chrome' to base url 'about:blank'.</msg>
<status status="PASS" starttime="20210602 16:56:30.747" endtime="20210602 16:56:32.068"/>
</kw>
<kw name="Maximize Browser Window" library="SeleniumLibrary">
<doc>Maximizes current browser window.</doc>
<status status="PASS" starttime="20210602 16:56:32.068" endtime="20210602 16:56:32.221"/>
</kw>
<kw name="Go to miro singup page">
<doc>Open Miro signup page</doc>
<kw name="Go To" library="SeleniumLibrary">
<arg>${miro_signup_url}</arg>
<doc>Navigates the current browser window to the provided ``url``.</doc>
<msg timestamp="20210602 16:56:32.221" level="INFO">Opening url 'https://miro.com/signup/'</msg>
<status status="PASS" starttime="20210602 16:56:32.221" endtime="20210602 16:56:34.975"/>
</kw>
<kw name="Get started free today page should be open">
<doc>Verifies the signup page</doc>
<kw name="Page Should Contain" library="SeleniumLibrary">
<arg>Get started free today</arg>
<doc>Verifies that current page contains ``text``.</doc>
<msg timestamp="20210602 16:56:35.022" level="INFO">Current page contains text 'Get started free today'.</msg>
<status status="PASS" starttime="20210602 16:56:34.977" endtime="20210602 16:56:35.023"/>
</kw>
<status status="PASS" starttime="20210602 16:56:34.976" endtime="20210602 16:56:35.024"/>
</kw>
<status status="PASS" starttime="20210602 16:56:32.221" endtime="20210602 16:56:35.024"/>
</kw>
<status status="PASS" starttime="20210602 16:56:30.746" endtime="20210602 16:56:35.024"/>
</kw>
<kw name="Invalid emailid">
<doc>Enter invalid or incomplete email address in email text box and check the user message.
the values are assigned to all variables in variables section</doc>
<kw name="Enter Username">
<arg>${user_name}</arg>
<doc>Enters valid name or leave blank</doc>
<kw name="Input Text" library="SeleniumLibrary">
<arg>id:name</arg>
<arg>${username}</arg>
<doc>Types the given ``text`` into the text field identified by ``locator``.</doc>
<msg timestamp="20210602 16:56:35.030" level="INFO">Typing text 'Abcdefg' into text field 'id:name'.</msg>
<status status="PASS" starttime="20210602 16:56:35.029" endtime="20210602 16:56:35.286"/>
</kw>
<status status="PASS" starttime="20210602 16:56:35.027" endtime="20210602 16:56:35.286"/>
</kw>
<kw name="Enter EmailID">
<arg>abcdef_ghij@gmil</arg>
<doc>Enters valid or invalid email address or leave blank</doc>
<kw name="Input Text" library="SeleniumLibrary">
<arg>id:email</arg>
<arg>${emailid}</arg>
<doc>Types the given ``text`` into the text field identified by ``locator``.</doc>
<msg timestamp="20210602 16:56:35.287" level="INFO">Typing text 'abcdef_ghij@gmil' into text field 'id:email'.</msg>
<status status="PASS" starttime="20210602 16:56:35.287" endtime="20210602 16:56:35.425"/>
</kw>
<status status="PASS" starttime="20210602 16:56:35.287" endtime="20210602 16:56:35.425"/>
</kw>
<kw name="Enter Password">
<arg>${password}</arg>
<doc>Enters valid or invalid password or leave blank</doc>
<kw name="Input Text" library="SeleniumLibrary">
<arg>id:password</arg>
<arg>${pswd}</arg>
<doc>Types the given ``text`` into the text field identified by ``locator``.</doc>
<msg timestamp="20210602 16:56:35.427" level="INFO">Typing text 'P@ssw0rd_123' into text field 'id:password'.</msg>
<status status="PASS" starttime="20210602 16:56:35.426" endtime="20210602 16:56:35.578"/>
</kw>
<status status="PASS" starttime="20210602 16:56:35.426" endtime="20210602 16:56:35.579"/>
</kw>
<kw name="Select Terms Checkbox">
<doc>Selects Terms and Privacy policy checkbox</doc>
<kw name="Execute Javascript" library="SeleniumLibrary">
<arg>$('#signup-terms').click()</arg>
<doc>Executes the given JavaScript code with possible arguments.</doc>
<msg timestamp="20210602 16:56:35.580" level="INFO">Executing JavaScript:
$('#signup-terms').click()
Without any arguments.</msg>
<status status="PASS" starttime="20210602 16:56:35.580" endtime="20210602 16:56:35.592"/>
</kw>
<status status="PASS" starttime="20210602 16:56:35.580" endtime="20210602 16:56:35.593"/>
</kw>
<kw name="Click Get started now button">
<doc>Clicks on Get started now button</doc>
<kw name="Click Button" library="SeleniumLibrary">
<arg>class:signup__submit</arg>
<doc>Clicks the button identified by ``locator``.</doc>
<msg timestamp="20210602 16:56:35.594" level="INFO">Clicking button 'class:signup__submit'.</msg>
<status status="PASS" starttime="20210602 16:56:35.593" endtime="20210602 16:56:37.625"/>
</kw>
<kw name="Capture Page Screenshot" library="SeleniumLibrary">
<doc>Takes a screenshot of the current page and embeds it into a log file.</doc>
<msg timestamp="20210602 16:56:38.139" level="INFO" html="true">&lt;/td&gt;&lt;/tr&gt;&lt;tr&gt;&lt;td colspan="3"&gt;&lt;a href="selenium-screenshot-19.png"&gt;&lt;img src="selenium-screenshot-19.png" width="800px"&gt;&lt;/a&gt;</msg>
<status status="PASS" starttime="20210602 16:56:37.625" endtime="20210602 16:56:38.140"/>
</kw>
<status status="PASS" starttime="20210602 16:56:35.593" endtime="20210602 16:56:38.140"/>
</kw>
<kw name="Get Text" library="SeleniumLibrary">
<var>${get_text}</var>
<arg>xpath://div[contains(text(),'This doesn’t look like an email address. Please ch')]</arg>
<doc>Returns the text value of the element identified by ``locator``.</doc>
<msg timestamp="20210602 16:56:38.166" level="INFO">${get_text} = This doesn’t look like an email address. Please check it for typos and try again.</msg>
<status status="PASS" starttime="20210602 16:56:38.140" endtime="20210602 16:56:38.166"/>
</kw>
<kw name="Should Be Equal As Strings" library="BuiltIn">
<arg>This doesn’t look like an email address. Please check it for typos and try again.</arg>
<arg>${get_text}</arg>
<doc>Fails if objects are unequal after converting them to strings.</doc>
<status status="PASS" starttime="20210602 16:56:38.166" endtime="20210602 16:56:38.166"/>
</kw>
<status status="PASS" starttime="20210602 16:56:35.026" endtime="20210602 16:56:38.166"/>
</kw>
<kw name="Close Browser" library="SeleniumLibrary" type="TEARDOWN">
<doc>Closes the current browser.</doc>
<status status="PASS" starttime="20210602 16:56:38.167" endtime="20210602 16:56:40.429"/>
</kw>
<doc>"This doesn’t look like an email address. Please check it for typos and try again." message should be displayed if invalid email addess provided</doc>
<tag>Scenario6</tag>
<status status="PASS" starttime="20210602 16:56:30.743" endtime="20210602 16:56:40.432"/>
</test>
<test id="s1-t7" name="Should not allow the user to register if already registered email address provided">
<kw name="Open browser to signup page" type="SETUP">
<doc>Open the browser</doc>
<kw name="Open Browser" library="SeleniumLibrary">
<arg>about:blank</arg>
<arg>${browser}</arg>
<doc>Opens a new browser instance to the optional ``url``.</doc>
<msg timestamp="20210602 16:56:40.440" level="INFO">Opening browser 'Chrome' to base url 'about:blank'.</msg>
<status status="PASS" starttime="20210602 16:56:40.440" endtime="20210602 16:56:41.770"/>
</kw>
<kw name="Maximize Browser Window" library="SeleniumLibrary">
<doc>Maximizes current browser window.</doc>
<status status="PASS" starttime="20210602 16:56:41.770" endtime="20210602 16:56:41.899"/>
</kw>
<kw name="Go to miro singup page">
<doc>Open Miro signup page</doc>
<kw name="Go To" library="SeleniumLibrary">
<arg>${miro_signup_url}</arg>
<doc>Navigates the current browser window to the provided ``url``.</doc>
<msg timestamp="20210602 16:56:41.901" level="INFO">Opening url 'https://miro.com/signup/'</msg>
<status status="PASS" starttime="20210602 16:56:41.901" endtime="20210602 16:56:44.557"/>
</kw>
<kw name="Get started free today page should be open">
<doc>Verifies the signup page</doc>
<kw name="Page Should Contain" library="SeleniumLibrary">
<arg>Get started free today</arg>
<doc>Verifies that current page contains ``text``.</doc>
<msg timestamp="20210602 16:56:44.617" level="INFO">Current page contains text 'Get started free today'.</msg>
<status status="PASS" starttime="20210602 16:56:44.559" endtime="20210602 16:56:44.618"/>
</kw>
<status status="PASS" starttime="20210602 16:56:44.558" endtime="20210602 16:56:44.619"/>
</kw>
<status status="PASS" starttime="20210602 16:56:41.899" endtime="20210602 16:56:44.619"/>
</kw>
<status status="PASS" starttime="20210602 16:56:40.439" endtime="20210602 16:56:44.620"/>
</kw>
<kw name="Already registed email address">
<doc>Enter already registered email id and check whether the message to the user is prompt</doc>
<kw name="Enter Username">
<arg>${user_name}</arg>
<doc>Enters valid name or leave blank</doc>
<kw name="Input Text" library="SeleniumLibrary">
<arg>id:name</arg>
<arg>${username}</arg>
<doc>Types the given ``text`` into the text field identified by ``locator``.</doc>
<msg timestamp="20210602 16:56:44.622" level="INFO">Typing text 'Abcdefg' into text field 'id:name'.</msg>
<status status="PASS" starttime="20210602 16:56:44.622" endtime="20210602 16:56:44.891"/>
</kw>
<status status="PASS" starttime="20210602 16:56:44.622" endtime="20210602 16:56:44.891"/>
</kw>
<kw name="Enter EmailID">
<arg>${email_id}</arg>
<doc>Enters valid or invalid email address or leave blank</doc>
<kw name="Input Text" library="SeleniumLibrary">
<arg>id:email</arg>
<arg>${emailid}</arg>
<doc>Types the given ``text`` into the text field identified by ``locator``.</doc>
<msg timestamp="20210602 16:56:44.892" level="INFO">Typing text 'teabcd12345@test.com' into text field 'id:email'.</msg>
<status status="PASS" starttime="20210602 16:56:44.892" endtime="20210602 16:56:45.112"/>
</kw>
<status status="PASS" starttime="20210602 16:56:44.891" endtime="20210602 16:56:45.112"/>
</kw>
<kw name="Enter Password">
<arg>${password}</arg>
<doc>Enters valid or invalid password or leave blank</doc>
<kw name="Input Text" library="SeleniumLibrary">
<arg>id:password</arg>
<arg>${pswd}</arg>
<doc>Types the given ``text`` into the text field identified by ``locator``.</doc>
<msg timestamp="20210602 16:56:45.113" level="INFO">Typing text 'P@ssw0rd_123' into text field 'id:password'.</msg>
<status status="PASS" starttime="20210602 16:56:45.112" endtime="20210602 16:56:45.248"/>
</kw>
<status status="PASS" starttime="20210602 16:56:45.112" endtime="20210602 16:56:45.248"/>
</kw>
<kw name="Select Terms Checkbox">
<doc>Selects Terms and Privacy policy checkbox</doc>
<kw name="Execute Javascript" library="SeleniumLibrary">
<arg>$('#signup-terms').click()</arg>
<doc>Executes the given JavaScript code with possible arguments.</doc>
<msg timestamp="20210602 16:56:45.249" level="INFO">Executing JavaScript:
$('#signup-terms').click()
Without any arguments.</msg>
<status status="PASS" starttime="20210602 16:56:45.248" endtime="20210602 16:56:45.259"/>
</kw>
<status status="PASS" starttime="20210602 16:56:45.248" endtime="20210602 16:56:45.260"/>
</kw>
<kw name="Click Get started now button">
<doc>Clicks on Get started now button</doc>
<kw name="Click Button" library="SeleniumLibrary">
<arg>class:signup__submit</arg>
<doc>Clicks the button identified by ``locator``.</doc>
<msg timestamp="20210602 16:56:45.260" level="INFO">Clicking button 'class:signup__submit'.</msg>
<status status="PASS" starttime="20210602 16:56:45.260" endtime="20210602 16:56:46.465"/>
</kw>
<kw name="Capture Page Screenshot" library="SeleniumLibrary">
<doc>Takes a screenshot of the current page and embeds it into a log file.</doc>
<msg timestamp="20210602 16:56:47.049" level="INFO" html="true">&lt;/td&gt;&lt;/tr&gt;&lt;tr&gt;&lt;td colspan="3"&gt;&lt;a href="selenium-screenshot-20.png"&gt;&lt;img src="selenium-screenshot-20.png" width="800px"&gt;&lt;/a&gt;</msg>
<status status="PASS" starttime="20210602 16:56:46.465" endtime="20210602 16:56:47.049"/>
</kw>
<status status="PASS" starttime="20210602 16:56:45.260" endtime="20210602 16:56:47.049"/>
</kw>
<kw name="Get Text" library="SeleniumLibrary">
<var>${get_text}</var>
<arg>xpath://div[contains(text(),'Sorry, this email is already registered')]</arg>
<doc>Returns the text value of the element identified by ``locator``.</doc>
<msg timestamp="20210602 16:56:47.071" level="INFO">${get_text} = Sorry, this email is already registered</msg>
<status status="PASS" starttime="20210602 16:56:47.049" endtime="20210602 16:56:47.071"/>
</kw>
<kw name="Should Be Equal As Strings" library="BuiltIn">
<arg>Sorry, this email is already registered</arg>
<arg>${get_text}</arg>
<doc>Fails if objects are unequal after converting them to strings.</doc>
<status status="PASS" starttime="20210602 16:56:47.071" endtime="20210602 16:56:47.071"/>
</kw>
<status status="PASS" starttime="20210602 16:56:44.622" endtime="20210602 16:56:47.072"/>
</kw>
<kw name="Close Browser" library="SeleniumLibrary" type="TEARDOWN">
<doc>Closes the current browser.</doc>
<status status="PASS" starttime="20210602 16:56:47.072" endtime="20210602 16:56:49.549"/>
</kw>
<doc>Check if the system allows the user to register the account when passing already registered email address</doc>
<tag>Scenario7</tag>
<status status="PASS" starttime="20210602 16:56:40.437" endtime="20210602 16:56:49.550"/>
</test>
<test id="s1-t8" name="Verify password policy">
<kw name="Open browser to signup page" type="SETUP">
<doc>Open the browser</doc>
<kw name="Open Browser" library="SeleniumLibrary">
<arg>about:blank</arg>
<arg>${browser}</arg>
<doc>Opens a new browser instance to the optional ``url``.</doc>
<msg timestamp="20210602 16:56:49.559" level="INFO">Opening browser 'Chrome' to base url 'about:blank'.</msg>
<status status="PASS" starttime="20210602 16:56:49.559" endtime="20210602 16:56:50.967"/>
</kw>
<kw name="Maximize Browser Window" library="SeleniumLibrary">
<doc>Maximizes current browser window.</doc>
<status status="PASS" starttime="20210602 16:56:50.967" endtime="20210602 16:56:51.094"/>
</kw>
<kw name="Go to miro singup page">
<doc>Open Miro signup page</doc>
<kw name="Go To" library="SeleniumLibrary">
<arg>${miro_signup_url}</arg>
<doc>Navigates the current browser window to the provided ``url``.</doc>
<msg timestamp="20210602 16:56:51.096" level="INFO">Opening url 'https://miro.com/signup/'</msg>
<status status="PASS" starttime="20210602 16:56:51.095" endtime="20210602 16:56:53.611"/>
</kw>
<kw name="Get started free today page should be open">
<doc>Verifies the signup page</doc>
<kw name="Page Should Contain" library="SeleniumLibrary">
<arg>Get started free today</arg>
<doc>Verifies that current page contains ``text``.</doc>
<msg timestamp="20210602 16:56:53.677" level="INFO">Current page contains text 'Get started free today'.</msg>
<status status="PASS" starttime="20210602 16:56:53.613" endtime="20210602 16:56:53.677"/>
</kw>
<status status="PASS" starttime="20210602 16:56:53.612" endtime="20210602 16:56:53.678"/>
</kw>
<status status="PASS" starttime="20210602 16:56:51.095" endtime="20210602 16:56:53.679"/>
</kw>
<status status="PASS" starttime="20210602 16:56:49.558" endtime="20210602 16:56:53.679"/>
</kw>
<kw name="Check the password">
<doc>Throws warning message if the password not meets the password policy.</doc>
<kw name="Enter Username">
<arg>${user_name}</arg>
<doc>Enters valid name or leave blank</doc>
<kw name="Input Text" library="SeleniumLibrary">
<arg>id:name</arg>
<arg>${username}</arg>
<doc>Types the given ``text`` into the text field identified by ``locator``.</doc>
<msg timestamp="20210602 16:56:53.683" level="INFO">Typing text 'Abcdefg' into text field 'id:name'.</msg>
<status status="PASS" starttime="20210602 16:56:53.683" endtime="20210602 16:56:53.943"/>
</kw>
<status status="PASS" starttime="20210602 16:56:53.682" endtime="20210602 16:56:53.944"/>
</kw>
<kw name="Enter EmailID">
<arg>${email_id}</arg>
<doc>Enters valid or invalid email address or leave blank</doc>
<kw name="Input Text" library="SeleniumLibrary">
<arg>id:email</arg>
<arg>${emailid}</arg>
<doc>Types the given ``text`` into the text field identified by ``locator``.</doc>
<msg timestamp="20210602 16:56:53.944" level="INFO">Typing text 'teabcd12345@test.com' into text field 'id:email'.</msg>
<status status="PASS" starttime="20210602 16:56:53.944" endtime="20210602 16:56:54.122"/>
</kw>
<status status="PASS" starttime="20210602 16:56:53.944" endtime="20210602 16:56:54.122"/>
</kw>
<kw name="Create List" library="BuiltIn">
<var>@{password_list}</var>
<arg>abcd</arg>
<arg>password</arg>
<arg>Welc@me1234</arg>
<arg>Welc@me_1234</arg>
<doc>Returns a list containing given items.</doc>
<msg timestamp="20210602 16:56:54.123" level="INFO">@{password_list} = [ abcd | password | Welc@me1234 | Welc@me_1234 ]</msg>
<status status="PASS" starttime="20210602 16:56:54.122" endtime="20210602 16:56:54.123"/>
</kw>
<for flavor="IN">
<var>${pswd}</var>
<value>@{password_list}</value>
<iter>
<var name="${pswd}">abcd</var>
<kw name="Log" library="BuiltIn">
<arg>${pswd}</arg>
<doc>Logs the given message with the given level.</doc>
<msg timestamp="20210602 16:56:54.125" level="INFO">abcd</msg>
<status status="PASS" starttime="20210602 16:56:54.125" endtime="20210602 16:56:54.125"/>
</kw>
<kw name="Enter Password">
<arg>${pswd}</arg>
<doc>Enters valid or invalid password or leave blank</doc>
<kw name="Input Text" library="SeleniumLibrary">
<arg>id:password</arg>
<arg>${pswd}</arg>
<doc>Types the given ``text`` into the text field identified by ``locator``.</doc>
<msg timestamp="20210602 16:56:54.126" level="INFO">Typing text 'abcd' into text field 'id:password'.</msg>
<status status="PASS" starttime="20210602 16:56:54.125" endtime="20210602 16:56:54.275"/>
</kw>
<status status="PASS" starttime="20210602 16:56:54.125" endtime="20210602 16:56:54.275"/>
</kw>
<kw name="Get Length" library="BuiltIn">
<var>${length_pswrd}</var>
<arg>${pswd}</arg>
<doc>Returns and logs the length of the given item as an integer.</doc>
<msg timestamp="20210602 16:56:54.276" level="INFO">Length is 4</msg>
<msg timestamp="20210602 16:56:54.276" level="INFO">${length_pswrd} = 4</msg>
<status status="PASS" starttime="20210602 16:56:54.275" endtime="20210602 16:56:54.276"/>
</kw>
<kw name="Run Keyword If" library="BuiltIn">
<arg>${length_pswrd} &lt;= 7</arg>
<arg>Check the message if password &lt;8 char</arg>
<arg>ELSE IF</arg>
<arg>${length_pswrd} &gt;= 8 and ${length_pswrd} &lt;=9</arg>
<arg>Check the message if password &gt;=8 and &lt;=9 char</arg>
<arg>ELSE IF</arg>
<arg>${length_pswrd} &gt;9 and ${length_pswrd}&lt;=11</arg>
<arg>Check the message if password &gt;9 and &lt;=11 char</arg>
<arg>ELSE IF</arg>
<arg>${length_pswrd} &gt;11</arg>
<arg>Check the message if password &gt;11</arg>
<doc>Runs the given keyword with the given arguments, if ``condition`` is true.</doc>
<kw name="Check the message if password &lt;8 char">
<kw name="Wait Until Element Is Visible" library="SeleniumLibrary">
<arg>xpath://div[contains(text(),'Please use 8+ characters for secure password')]</arg>
<doc>Waits until the element ``locator`` is visible.</doc>
<status status="PASS" starttime="20210602 16:56:54.278" endtime="20210602 16:56:55.012"/>
</kw>
<kw name="Get Text" library="SeleniumLibrary">
<var>${get_warning}</var>
<arg>xpath://div[contains(text(),'Please use 8+ characters for secure password')]</arg>
<doc>Returns the text value of the element identified by ``locator``.</doc>
<msg timestamp="20210602 16:56:55.066" level="INFO">${get_warning} = Please use 8+ characters for secure password</msg>
<status status="PASS" starttime="20210602 16:56:55.012" endtime="20210602 16:56:55.066"/>
</kw>
<kw name="Should Be Equal As Strings" library="BuiltIn">
<arg>Please use 8+ characters for secure password</arg>
<arg>${get_warning}</arg>
<doc>Fails if objects are unequal after converting them to strings.</doc>
<status status="PASS" starttime="20210602 16:56:55.066" endtime="20210602 16:56:55.066"/>
</kw>
<status status="PASS" starttime="20210602 16:56:54.277" endtime="20210602 16:56:55.066"/>
</kw>
<status status="PASS" starttime="20210602 16:56:54.276" endtime="20210602 16:56:55.066"/>
</kw>
<status status="PASS" starttime="20210602 16:56:54.123" endtime="20210602 16:56:55.066"/>
</iter>
<iter>
<var name="${pswd}">password</var>
<kw name="Log" library="BuiltIn">
<arg>${pswd}</arg>
<doc>Logs the given message with the given level.</doc>
<msg timestamp="20210602 16:56:55.066" level="INFO">password</msg>
<status status="PASS" starttime="20210602 16:56:55.066" endtime="20210602 16:56:55.066"/>
</kw>
<kw name="Enter Password">
<arg>${pswd}</arg>
<doc>Enters valid or invalid password or leave blank</doc>
<kw name="Input Text" library="SeleniumLibrary">
<arg>id:password</arg>
<arg>${pswd}</arg>
<doc>Types the given ``text`` into the text field identified by ``locator``.</doc>
<msg timestamp="20210602 16:56:55.066" level="INFO">Typing text 'password' into text field 'id:password'.</msg>
<status status="PASS" starttime="20210602 16:56:55.066" endtime="20210602 16:56:55.256"/>
</kw>
<status status="PASS" starttime="20210602 16:56:55.066" endtime="20210602 16:56:55.257"/>
</kw>
<kw name="Get Length" library="BuiltIn">
<var>${length_pswrd}</var>
<arg>${pswd}</arg>
<doc>Returns and logs the length of the given item as an integer.</doc>
<msg timestamp="20210602 16:56:55.257" level="INFO">Length is 8</msg>
<msg timestamp="20210602 16:56:55.257" level="INFO">${length_pswrd} = 8</msg>
<status status="PASS" starttime="20210602 16:56:55.257" endtime="20210602 16:56:55.257"/>
</kw>
<kw name="Run Keyword If" library="BuiltIn">
<arg>${length_pswrd} &lt;= 7</arg>
<arg>Check the message if password &lt;8 char</arg>
<arg>ELSE IF</arg>
<arg>${length_pswrd} &gt;= 8 and ${length_pswrd} &lt;=9</arg>
<arg>Check the message if password &gt;=8 and &lt;=9 char</arg>
<arg>ELSE IF</arg>
<arg>${length_pswrd} &gt;9 and ${length_pswrd}&lt;=11</arg>
<arg>Check the message if password &gt;9 and &lt;=11 char</arg>
<arg>ELSE IF</arg>
<arg>${length_pswrd} &gt;11</arg>
<arg>Check the message if password &gt;11</arg>
<doc>Runs the given keyword with the given arguments, if ``condition`` is true.</doc>
<kw name="Check the message if password &gt;=8 and &lt;=9 char">
<kw name="Wait Until Element Is Visible" library="SeleniumLibrary">
<arg>xpath://div[contains(text(),'So-so password')]</arg>
<doc>Waits until the element ``locator`` is visible.</doc>
<status status="PASS" starttime="20210602 16:56:55.259" endtime="20210602 16:56:55.297"/>
</kw>
<kw name="Get Text" library="SeleniumLibrary">
<var>${get_warning}</var>
<arg>xpath://div[contains(text(),'So-so password')]</arg>
<doc>Returns the text value of the element identified by ``locator``.</doc>
<msg timestamp="20210602 16:56:55.326" level="INFO">${get_warning} = So-so password</msg>
<status status="PASS" starttime="20210602 16:56:55.297" endtime="20210602 16:56:55.326"/>
</kw>
<kw name="Should Be Equal As Strings" library="BuiltIn">
<arg>So-so password</arg>
<arg>${get_warning}</arg>
<doc>Fails if objects are unequal after converting them to strings.</doc>
<status status="PASS" starttime="20210602 16:56:55.326" endtime="20210602 16:56:55.327"/>
</kw>
<status status="PASS" starttime="20210602 16:56:55.259" endtime="20210602 16:56:55.327"/>
</kw>
<status status="PASS" starttime="20210602 16:56:55.257" endtime="20210602 16:56:55.327"/>
</kw>
<status status="PASS" starttime="20210602 16:56:55.066" endtime="20210602 16:56:55.327"/>
</iter>
<iter>
<var name="${pswd}">Welc@me1234</var>
<kw name="Log" library="BuiltIn">
<arg>${pswd}</arg>
<doc>Logs the given message with the given level.</doc>
<msg timestamp="20210602 16:56:55.328" level="INFO">Welc@me1234</msg>
<status status="PASS" starttime="20210602 16:56:55.328" endtime="20210602 16:56:55.328"/>
</kw>
<kw name="Enter Password">
<arg>${pswd}</arg>
<doc>Enters valid or invalid password or leave blank</doc>
<kw name="Input Text" library="SeleniumLibrary">
<arg>id:password</arg>
<arg>${pswd}</arg>
<doc>Types the given ``text`` into the text field identified by ``locator``.</doc>
<msg timestamp="20210602 16:56:55.328" level="INFO">Typing text 'Welc@me1234' into text field 'id:password'.</msg>
<status status="PASS" starttime="20210602 16:56:55.328" endtime="20210602 16:56:55.512"/>
</kw>
<status status="PASS" starttime="20210602 16:56:55.328" endtime="20210602 16:56:55.512"/>
</kw>
<kw name="Get Length" library="BuiltIn">
<var>${length_pswrd}</var>
<arg>${pswd}</arg>
<doc>Returns and logs the length of the given item as an integer.</doc>
<msg timestamp="20210602 16:56:55.512" level="INFO">Length is 11</msg>
<msg timestamp="20210602 16:56:55.513" level="INFO">${length_pswrd} = 11</msg>
<status status="PASS" starttime="20210602 16:56:55.512" endtime="20210602 16:56:55.513"/>
</kw>
<kw name="Run Keyword If" library="BuiltIn">
<arg>${length_pswrd} &lt;= 7</arg>
<arg>Check the message if password &lt;8 char</arg>
<arg>ELSE IF</arg>
<arg>${length_pswrd} &gt;= 8 and ${length_pswrd} &lt;=9</arg>
<arg>Check the message if password &gt;=8 and &lt;=9 char</arg>
<arg>ELSE IF</arg>
<arg>${length_pswrd} &gt;9 and ${length_pswrd}&lt;=11</arg>
<arg>Check the message if password &gt;9 and &lt;=11 char</arg>
<arg>ELSE IF</arg>
<arg>${length_pswrd} &gt;11</arg>
<arg>Check the message if password &gt;11</arg>
<doc>Runs the given keyword with the given arguments, if ``condition`` is true.</doc>
<kw name="Check the message if password &gt;9 and &lt;=11 char">
<kw name="Wait Until Element Is Visible" library="SeleniumLibrary">
<arg>xpath://div[contains(text(),'Good password')]</arg>
<doc>Waits until the element ``locator`` is visible.</doc>
<status status="PASS" starttime="20210602 16:56:55.514" endtime="20210602 16:56:55.540"/>
</kw>
<kw name="Get Text" library="SeleniumLibrary">
<var>${get_warning}</var>
<arg>xpath://div[contains(text(),'Good password')]</arg>
<doc>Returns the text value of the element identified by ``locator``.</doc>
<msg timestamp="20210602 16:56:55.567" level="INFO">${get_warning} = Good password</msg>
<status status="PASS" starttime="20210602 16:56:55.540" endtime="20210602 16:56:55.567"/>
</kw>
<kw name="Should Be Equal As Strings" library="BuiltIn">
<arg>Good password</arg>
<arg>${get_warning}</arg>
<doc>Fails if objects are unequal after converting them to strings.</doc>
<status status="PASS" starttime="20210602 16:56:55.567" endtime="20210602 16:56:55.568"/>
</kw>
<status status="PASS" starttime="20210602 16:56:55.514" endtime="20210602 16:56:55.569"/>
</kw>
<status status="PASS" starttime="20210602 16:56:55.513" endtime="20210602 16:56:55.569"/>
</kw>
<status status="PASS" starttime="20210602 16:56:55.328" endtime="20210602 16:56:55.569"/>
</iter>
<iter>
<var name="${pswd}">Welc@me_1234</var>
<kw name="Log" library="BuiltIn">
<arg>${pswd}</arg>
<doc>Logs the given message with the given level.</doc>
<msg timestamp="20210602 16:56:55.571" level="INFO">Welc@me_1234</msg>
<status status="PASS" starttime="20210602 16:56:55.570" endtime="20210602 16:56:55.571"/>
</kw>
<kw name="Enter Password">
<arg>${pswd}</arg>
<doc>Enters valid or invalid password or leave blank</doc>
<kw name="Input Text" library="SeleniumLibrary">
<arg>id:password</arg>
<arg>${pswd}</arg>
<doc>Types the given ``text`` into the text field identified by ``locator``.</doc>
<msg timestamp="20210602 16:56:55.573" level="INFO">Typing text 'Welc@me_1234' into text field 'id:password'.</msg>
<status status="PASS" starttime="20210602 16:56:55.572" endtime="20210602 16:56:55.804"/>
</kw>
<status status="PASS" starttime="20210602 16:56:55.571" endtime="20210602 16:56:55.804"/>
</kw>
<kw name="Get Length" library="BuiltIn">
<var>${length_pswrd}</var>
<arg>${pswd}</arg>
<doc>Returns and logs the length of the given item as an integer.</doc>
<msg timestamp="20210602 16:56:55.805" level="INFO">Length is 12</msg>
<msg timestamp="20210602 16:56:55.805" level="INFO">${length_pswrd} = 12</msg>
<status status="PASS" starttime="20210602 16:56:55.804" endtime="20210602 16:56:55.805"/>
</kw>
<kw name="Run Keyword If" library="BuiltIn">
<arg>${length_pswrd} &lt;= 7</arg>
<arg>Check the message if password &lt;8 char</arg>
<arg>ELSE IF</arg>
<arg>${length_pswrd} &gt;= 8 and ${length_pswrd} &lt;=9</arg>
<arg>Check the message if password &gt;=8 and &lt;=9 char</arg>
<arg>ELSE IF</arg>
<arg>${length_pswrd} &gt;9 and ${length_pswrd}&lt;=11</arg>
<arg>Check the message if password &gt;9 and &lt;=11 char</arg>
<arg>ELSE IF</arg>
<arg>${length_pswrd} &gt;11</arg>
<arg>Check the message if password &gt;11</arg>
<doc>Runs the given keyword with the given arguments, if ``condition`` is true.</doc>
<kw name="Check the message if password &gt;11">
<kw name="Wait Until Element Is Visible" library="SeleniumLibrary">
<arg>xpath://div[contains(text(),'Great password')]</arg>
<doc>Waits until the element ``locator`` is visible.</doc>
<status status="PASS" starttime="20210602 16:56:55.805" endtime="20210602 16:56:55.849"/>
</kw>
<kw name="Get Text" library="SeleniumLibrary">
<var>${get_warning}</var>
<arg>xpath://div[contains(text(),'Great password')]</arg>
<doc>Returns the text value of the element identified by ``locator``.</doc>
<msg timestamp="20210602 16:56:55.873" level="INFO">${get_warning} = Great password</msg>
<status status="PASS" starttime="20210602 16:56:55.849" endtime="20210602 16:56:55.873"/>
</kw>
<kw name="Should Be Equal As Strings" library="BuiltIn">
<arg>Great password</arg>
<arg>${get_warning}</arg>
<doc>Fails if objects are unequal after converting them to strings.</doc>
<status status="PASS" starttime="20210602 16:56:55.873" endtime="20210602 16:56:55.874"/>
</kw>
<status status="PASS" starttime="20210602 16:56:55.805" endtime="20210602 16:56:55.874"/>
</kw>
<status status="PASS" starttime="20210602 16:56:55.805" endtime="20210602 16:56:55.874"/>
</kw>
<status status="PASS" starttime="20210602 16:56:55.569" endtime="20210602 16:56:55.874"/>
</iter>
<status status="PASS" starttime="20210602 16:56:54.123" endtime="20210602 16:56:55.874"/>
</for>
<status status="PASS" starttime="20210602 16:56:53.680" endtime="20210602 16:56:55.874"/>
</kw>
<kw name="Close Browser" library="SeleniumLibrary" type="TEARDOWN">
<doc>Closes the current browser.</doc>
<status status="PASS" starttime="20210602 16:56:55.874" endtime="20210602 16:56:58.136"/>
</kw>
<doc>Verifies the password meets the password policy</doc>
<tag>Scenario9</tag>
<status status="PASS" starttime="20210602 16:56:49.556" endtime="20210602 16:56:58.138"/>
</test>
<doc>Sample test for Miro signup</doc>
<status status="PASS" starttime="20210602 16:55:36.668" endtime="20210602 16:56:58.145"/>
</suite>
<statistics>
<total>
<stat pass="8" fail="0" skip="0">All Tests</stat>
</total>
<tag>
<stat pass="1" fail="0" skip="0">Scenario1</stat>
<stat pass="1" fail="0" skip="0">Scenario2</stat>
<stat pass="1" fail="0" skip="0">Scenario3</stat>
<stat pass="1" fail="0" skip="0">Scenario4</stat>
<stat pass="1" fail="0" skip="0">Scenario5</stat>
<stat pass="1" fail="0" skip="0">Scenario6</stat>
<stat pass="1" fail="0" skip="0">Scenario7</stat>
<stat pass="1" fail="0" skip="0">Scenario9</stat>
</tag>
<suite>
<stat pass="8" fail="0" skip="0" id="s1" name="Miro Signup test">Miro Signup test</stat>
</suite>
</statistics>
<errors>
</errors>
</robot>
